<?xml version="1.0" encoding="UTF-8"?>
<testsuite xmlns:xsi="http://www.w3.org/2001/XMLSchema-instance" xsi:noNamespaceSchemaLocation="https://maven.apache.org/surefire/maven-surefire-plugin/xsd/surefire-test-report-3.0.xsd" version="3.0" name="de.jochenr.integration.contact.ContactTest" time="68.289" tests="3" errors="1" skipped="1" failures="0">
  <properties>
    <property name="java.specification.version" value="17"/>
    <property name="sun.cpu.isalist" value="amd64"/>
    <property name="sun.jnu.encoding" value="Cp1252"/>
    <property name="test.url" value="http://0.0.0.0:8180"/>
    <property name="java.class.path" value="C:\Daten\git_github_jochenr\my-camel-quarkus-projects\camel-quarkus-cxf-soap-wsrm\quarkus-root\target\test-classes;C:\Daten\git_github_jochenr\my-camel-quarkus-projects\camel-quarkus-cxf-soap-wsrm\quarkus-root\target\classes;c:\daten\maven-repository\org\apache\camel\quarkus\camel-quarkus-openapi-java\3.0.0-RC2\camel-quarkus-openapi-java-3.0.0-RC2.jar;c:\daten\maven-repository\org\apache\camel\quarkus\camel-quarkus-core\3.0.0-RC2\camel-quarkus-core-3.0.0-RC2.jar;c:\daten\maven-repository\io\quarkus\quarkus-development-mode-spi\3.2.5.Final\quarkus-development-mode-spi-3.2.5.Final.jar;c:\daten\maven-repository\org\apache\camel\camel-base\4.0.0-RC2\camel-base-4.0.0-RC2.jar;c:\daten\maven-repository\org\apache\camel\camel-api\4.0.0-RC2\camel-api-4.0.0-RC2.jar;c:\daten\maven-repository\org\apache\camel\camel-management-api\4.0.0-RC2\camel-management-api-4.0.0-RC2.jar;c:\daten\maven-repository\org\apache\camel\camel-util\4.0.0-RC2\camel-util-4.0.0-RC2.jar;c:\daten\maven-repository\org\apache\camel\camel-componentdsl\4.0.0-RC2\camel-componentdsl-4.0.0-RC2.jar;c:\daten\maven-repository\org\apache\camel\camel-core-catalog\4.0.0-RC2\camel-core-catalog-4.0.0-RC2.jar;c:\daten\maven-repository\org\apache\camel\camel-core-engine\4.0.0-RC2\camel-core-engine-4.0.0-RC2.jar;c:\daten\maven-repository\org\apache\camel\camel-base-engine\4.0.0-RC2\camel-base-engine-4.0.0-RC2.jar;c:\daten\maven-repository\org\apache\camel\camel-core-reifier\4.0.0-RC2\camel-core-reifier-4.0.0-RC2.jar;c:\daten\maven-repository\org\apache\camel\camel-core-languages\4.0.0-RC2\camel-core-languages-4.0.0-RC2.jar;c:\daten\maven-repository\org\apache\camel\camel-core-model\4.0.0-RC2\camel-core-model-4.0.0-RC2.jar;c:\daten\maven-repository\org\apache\camel\camel-xml-jaxp-util\4.0.0-RC2\camel-xml-jaxp-util-4.0.0-RC2.jar;c:\daten\maven-repository\org\apache\camel\camel-core-processor\4.0.0-RC2\camel-core-processor-4.0.0-RC2.jar;c:\daten\maven-repository\org\apache\camel\camel-endpointdsl\4.0.0-RC2\camel-endpointdsl-4.0.0-RC2.jar;c:\daten\maven-repository\org\apache\camel\camel-main\4.0.0-RC2\camel-main-4.0.0-RC2.jar;c:\daten\maven-repository\org\apache\camel\camel-microprofile-config\4.0.0-RC2\camel-microprofile-config-4.0.0-RC2.jar;c:\daten\maven-repository\org\eclipse\microprofile\config\microprofile-config-api\3.0.3\microprofile-config-api-3.0.3.jar;c:\daten\maven-repository\org\apache\camel\camel-openapi-java\4.0.0-RC2\camel-openapi-java-4.0.0-RC2.jar;c:\daten\maven-repository\org\apache\camel\camel-xml-io\4.0.0-RC2\camel-xml-io-4.0.0-RC2.jar;c:\daten\maven-repository\org\apache\camel\camel-xml-io-util\4.0.0-RC2\camel-xml-io-util-4.0.0-RC2.jar;c:\daten\maven-repository\com\fasterxml\jackson\core\jackson-annotations\2.15.2\jackson-annotations-2.15.2.jar;c:\daten\maven-repository\com\fasterxml\jackson\core\jackson-databind\2.15.2\jackson-databind-2.15.2.jar;c:\daten\maven-repository\com\fasterxml\jackson\datatype\jackson-datatype-joda\2.15.2\jackson-datatype-joda-2.15.2.jar;c:\daten\maven-repository\joda-time\joda-time\2.12.5\joda-time-2.12.5.jar;c:\daten\maven-repository\com\fasterxml\jackson\dataformat\jackson-dataformat-yaml\2.15.2\jackson-dataformat-yaml-2.15.2.jar;c:\daten\maven-repository\org\yaml\snakeyaml\2.0\snakeyaml-2.0.jar;c:\daten\maven-repository\com\fasterxml\jackson\jakarta\rs\jackson-jakarta-rs-json-provider\2.15.2\jackson-jakarta-rs-json-provider-2.15.2.jar;c:\daten\maven-repository\com\fasterxml\jackson\jakarta\rs\jackson-jakarta-rs-base\2.15.2\jackson-jakarta-rs-base-2.15.2.jar;c:\daten\maven-repository\io\swagger\core\v3\swagger-models\2.2.15\swagger-models-2.2.15.jar;c:\daten\maven-repository\io\swagger\parser\v3\swagger-parser\2.1.16\swagger-parser-2.1.16.jar;c:\daten\maven-repository\io\swagger\parser\v3\swagger-parser-v2-converter\2.1.16\swagger-parser-v2-converter-2.1.16.jar;c:\daten\maven-repository\io\swagger\swagger-core\1.6.11\swagger-core-1.6.11.jar;c:\daten\maven-repository\io\swagger\swagger-models\1.6.11\swagger-models-1.6.11.jar;c:\daten\maven-repository\io\swagger\swagger-annotations\1.6.11\swagger-annotations-1.6.11.jar;c:\daten\maven-repository\io\swagger\swagger-parser\1.0.67\swagger-parser-1.0.67.jar;c:\daten\maven-repository\io\swagger\swagger-compat-spec-parser\1.0.67\swagger-compat-spec-parser-1.0.67.jar;c:\daten\maven-repository\com\github\java-json-tools\json-schema-validator\2.2.14\json-schema-validator-2.2.14.jar;c:\daten\maven-repository\com\github\java-json-tools\jackson-coreutils-equivalence\1.0\jackson-coreutils-equivalence-1.0.jar;c:\daten\maven-repository\com\github\java-json-tools\json-schema-core\1.2.14\json-schema-core-1.2.14.jar;c:\daten\maven-repository\com\github\java-json-tools\uri-template\0.10\uri-template-0.10.jar;c:\daten\maven-repository\org\mozilla\rhino\1.7.7.2\rhino-1.7.7.2.jar;c:\daten\maven-repository\com\googlecode\libphonenumber\libphonenumber\8.11.1\libphonenumber-8.11.1.jar;c:\daten\maven-repository\net\sf\jopt-simple\jopt-simple\5.0.4\jopt-simple-5.0.4.jar;c:\daten\maven-repository\com\github\java-json-tools\json-patch\1.13\json-patch-1.13.jar;c:\daten\maven-repository\com\github\java-json-tools\msg-simple\1.2\msg-simple-1.2.jar;c:\daten\maven-repository\com\github\java-json-tools\btf\1.3\btf-1.3.jar;c:\daten\maven-repository\com\github\java-json-tools\jackson-coreutils\2.0\jackson-coreutils-2.0.jar;c:\daten\maven-repository\io\swagger\parser\v3\swagger-parser-core\2.1.16\swagger-parser-core-2.1.16.jar;c:\daten\maven-repository\io\swagger\parser\v3\swagger-parser-v3\2.1.16\swagger-parser-v3-2.1.16.jar;c:\daten\maven-repository\io\swagger\parser\v3\swagger-parser-safe-url-resolver\2.1.16\swagger-parser-safe-url-resolver-2.1.16.jar;c:\daten\maven-repository\io\swagger\core\v3\swagger-core-jakarta\2.2.15\swagger-core-jakarta-2.2.15.jar;c:\daten\maven-repository\io\swagger\core\v3\swagger-annotations-jakarta\2.2.15\swagger-annotations-jakarta-2.2.15.jar;c:\daten\maven-repository\org\apache\camel\quarkus\camel-quarkus-support-swagger\3.0.0-RC2\camel-quarkus-support-swagger-3.0.0-RC2.jar;c:\daten\maven-repository\org\apache\camel\quarkus\camel-quarkus-rest-openapi\3.0.0-RC2\camel-quarkus-rest-openapi-3.0.0-RC2.jar;c:\daten\maven-repository\org\apache\camel\camel-rest-openapi\4.0.0-RC2\camel-rest-openapi-4.0.0-RC2.jar;c:\daten\maven-repository\org\apache\camel\camel-support\4.0.0-RC2\camel-support-4.0.0-RC2.jar;c:\daten\maven-repository\org\apache\camel\camel-util-json\4.0.0-RC2\camel-util-json-4.0.0-RC2.jar;c:\daten\maven-repository\com\fasterxml\jackson\core\jackson-core\2.15.2\jackson-core-2.15.2.jar;c:\daten\maven-repository\org\apache\camel\quarkus\camel-quarkus-log\3.0.0-RC2\camel-quarkus-log-3.0.0-RC2.jar;c:\daten\maven-repository\org\apache\camel\camel-log\4.0.0-RC2\camel-log-4.0.0-RC2.jar;c:\daten\maven-repository\org\apache\camel\quarkus\camel-quarkus-json-validator\3.0.0-RC2\camel-quarkus-json-validator-3.0.0-RC2.jar;c:\daten\maven-repository\org\apache\camel\camel-json-validator\4.0.0-RC2\camel-json-validator-4.0.0-RC2.jar;c:\daten\maven-repository\com\networknt\json-schema-validator\1.0.86\json-schema-validator-1.0.86.jar;c:\daten\maven-repository\com\ethlo\time\itu\1.7.0\itu-1.7.0.jar;c:\daten\maven-repository\org\apache\camel\quarkus\camel-quarkus-rest\3.0.0-RC2\camel-quarkus-rest-3.0.0-RC2.jar;c:\daten\maven-repository\org\apache\camel\quarkus\camel-quarkus-platform-http\3.0.0-RC2\camel-quarkus-platform-http-3.0.0-RC2.jar;c:\daten\maven-repository\org\apache\camel\camel-platform-http-vertx\4.0.0-RC2\camel-platform-http-vertx-4.0.0-RC2.jar;c:\daten\maven-repository\org\apache\camel\camel-platform-http\4.0.0-RC2\camel-platform-http-4.0.0-RC2.jar;c:\daten\maven-repository\org\apache\camel\camel-vertx-common\4.0.0-RC2\camel-vertx-common-4.0.0-RC2.jar;c:\daten\maven-repository\org\apache\camel\camel-rest\4.0.0-RC2\camel-rest-4.0.0-RC2.jar;c:\daten\maven-repository\org\apache\camel\camel-tooling-model\4.0.0-RC2\camel-tooling-model-4.0.0-RC2.jar;c:\daten\maven-repository\org\apache\camel\quarkus\camel-quarkus-jackson\3.0.0-RC2\camel-quarkus-jackson-3.0.0-RC2.jar;c:\daten\maven-repository\io\quarkus\quarkus-jaxp\3.2.5.Final\quarkus-jaxp-3.2.5.Final.jar;c:\daten\maven-repository\io\quarkus\quarkus-jackson\3.2.5.Final\quarkus-jackson-3.2.5.Final.jar;c:\daten\maven-repository\com\fasterxml\jackson\datatype\jackson-datatype-jsr310\2.15.2\jackson-datatype-jsr310-2.15.2.jar;c:\daten\maven-repository\com\fasterxml\jackson\datatype\jackson-datatype-jdk8\2.15.2\jackson-datatype-jdk8-2.15.2.jar;c:\daten\maven-repository\com\fasterxml\jackson\module\jackson-module-parameter-names\2.15.2\jackson-module-parameter-names-2.15.2.jar;c:\daten\maven-repository\com\fasterxml\jackson\module\jackson-module-jakarta-xmlbind-annotations\2.15.2\jackson-module-jakarta-xmlbind-annotations-2.15.2.jar;c:\daten\maven-repository\org\apache\camel\camel-jackson\4.0.0-RC2\camel-jackson-4.0.0-RC2.jar;c:\daten\maven-repository\jakarta\xml\bind\jakarta.xml.bind-api\4.0.0\jakarta.xml.bind-api-4.0.0.jar;c:\daten\maven-repository\org\eclipse\angus\angus-activation\2.0.1\angus-activation-2.0.1.jar;c:\daten\maven-repository\org\apache\camel\quarkus\camel-quarkus-bean\3.0.0-RC2\camel-quarkus-bean-3.0.0-RC2.jar;c:\daten\maven-repository\org\apache\camel\camel-bean\4.0.0-RC2\camel-bean-4.0.0-RC2.jar;c:\daten\maven-repository\org\apache\camel\quarkus\camel-quarkus-mock\3.0.0-RC2\camel-quarkus-mock-3.0.0-RC2.jar;c:\daten\maven-repository\org\apache\camel\camel-mock\4.0.0-RC2\camel-mock-4.0.0-RC2.jar;c:\daten\maven-repository\org\apache\camel\quarkus\camel-quarkus-direct\3.0.0-RC2\camel-quarkus-direct-3.0.0-RC2.jar;c:\daten\maven-repository\org\apache\camel\camel-direct\4.0.0-RC2\camel-direct-4.0.0-RC2.jar;c:\daten\maven-repository\org\apache\camel\quarkus\camel-quarkus-attachments\3.0.0-RC2\camel-quarkus-attachments-3.0.0-RC2.jar;c:\daten\maven-repository\org\apache\camel\camel-attachments\4.0.0-RC2\camel-attachments-4.0.0-RC2.jar;c:\daten\maven-repository\org\apache\camel\quarkus\camel-quarkus-jaxb\3.0.0-RC2\camel-quarkus-jaxb-3.0.0-RC2.jar;c:\daten\maven-repository\org\apache\camel\camel-jaxb\4.0.0-RC2\camel-jaxb-4.0.0-RC2.jar;c:\daten\maven-repository\org\apache\camel\camel-xml-jaxb\4.0.0-RC2\camel-xml-jaxb-4.0.0-RC2.jar;c:\daten\maven-repository\com\sun\xml\bind\jaxb-impl\4.0.3\jaxb-impl-4.0.3.jar;c:\daten\maven-repository\org\apache\camel\camel-xml-jaxp\4.0.0-RC2\camel-xml-jaxp-4.0.0-RC2.jar;c:\daten\maven-repository\com\sun\xml\bind\jaxb-core\4.0.3\jaxb-core-4.0.3.jar;c:\daten\maven-repository\io\quarkus\quarkus-jaxb\3.2.5.Final\quarkus-jaxb-3.2.5.Final.jar;c:\daten\maven-repository\org\glassfish\jaxb\jaxb-runtime\4.0.3\jaxb-runtime-4.0.3.jar;c:\daten\maven-repository\org\glassfish\jaxb\jaxb-core\4.0.3\jaxb-core-4.0.3.jar;c:\daten\maven-repository\org\glassfish\jaxb\txw2\4.0.3\txw2-4.0.3.jar;c:\daten\maven-repository\com\sun\istack\istack-commons-runtime\4.1.2\istack-commons-runtime-4.1.2.jar;c:\daten\maven-repository\org\apache\camel\quarkus\camel-quarkus-xpath\3.0.0-RC2\camel-quarkus-xpath-3.0.0-RC2.jar;c:\daten\maven-repository\org\apache\camel\camel-xpath\4.0.0-RC2\camel-xpath-4.0.0-RC2.jar;c:\daten\maven-repository\io\quarkus\quarkus-arc\3.2.5.Final\quarkus-arc-3.2.5.Final.jar;c:\daten\maven-repository\io\quarkus\arc\arc\3.2.5.Final\arc-3.2.5.Final.jar;c:\daten\maven-repository\jakarta\transaction\jakarta.transaction-api\2.0.1\jakarta.transaction-api-2.0.1.jar;c:\daten\maven-repository\io\smallrye\reactive\mutiny\2.3.1\mutiny-2.3.1.jar;c:\daten\maven-repository\io\smallrye\common\smallrye-common-annotation\2.1.0\smallrye-common-annotation-2.1.0.jar;c:\daten\maven-repository\org\jboss\logging\jboss-logging\3.5.1.Final\jboss-logging-3.5.1.Final.jar;c:\daten\maven-repository\io\quarkus\quarkus-core\3.2.5.Final\quarkus-core-3.2.5.Final.jar;c:\daten\maven-repository\jakarta\inject\jakarta.inject-api\2.0.1\jakarta.inject-api-2.0.1.jar;c:\daten\maven-repository\io\smallrye\common\smallrye-common-os\2.1.0\smallrye-common-os-2.1.0.jar;c:\daten\maven-repository\io\quarkus\quarkus-ide-launcher\3.2.5.Final\quarkus-ide-launcher-3.2.5.Final.jar;c:\daten\maven-repository\io\smallrye\config\smallrye-config\3.3.2\smallrye-config-3.3.2.jar;c:\daten\maven-repository\io\smallrye\config\smallrye-config-core\3.3.2\smallrye-config-core-3.3.2.jar;c:\daten\maven-repository\io\smallrye\common\smallrye-common-expression\2.1.0\smallrye-common-expression-2.1.0.jar;c:\daten\maven-repository\io\smallrye\common\smallrye-common-function\2.1.0\smallrye-common-function-2.1.0.jar;c:\daten\maven-repository\io\smallrye\common\smallrye-common-classloader\2.1.0\smallrye-common-classloader-2.1.0.jar;c:\daten\maven-repository\io\smallrye\config\smallrye-config-common\3.3.2\smallrye-config-common-3.3.2.jar;c:\daten\maven-repository\org\jboss\logmanager\jboss-logmanager-embedded\1.1.1\jboss-logmanager-embedded-1.1.1.jar;c:\daten\maven-repository\org\jboss\logging\jboss-logging-annotations\2.2.1.Final\jboss-logging-annotations-2.2.1.Final.jar;c:\daten\maven-repository\org\jboss\threads\jboss-threads\3.5.0.Final\jboss-threads-3.5.0.Final.jar;c:\daten\maven-repository\org\slf4j\slf4j-api\2.0.6\slf4j-api-2.0.6.jar;c:\daten\maven-repository\org\jboss\slf4j\slf4j-jboss-logmanager\2.0.0.Final\slf4j-jboss-logmanager-2.0.0.Final.jar;c:\daten\maven-repository\org\graalvm\sdk\graal-sdk\23.0.1\graal-sdk-23.0.1.jar;c:\daten\maven-repository\org\wildfly\common\wildfly-common\1.5.4.Final-format-001\wildfly-common-1.5.4.Final-format-001.jar;c:\daten\maven-repository\io\quarkus\quarkus-bootstrap-runner\3.2.5.Final\quarkus-bootstrap-runner-3.2.5.Final.jar;c:\daten\maven-repository\io\quarkus\quarkus-fs-util\0.0.9\quarkus-fs-util-0.0.9.jar;c:\daten\maven-repository\org\eclipse\microprofile\context-propagation\microprofile-context-propagation-api\1.3\microprofile-context-propagation-api-1.3.jar;c:\daten\maven-repository\org\apache\camel\quarkus\camel-quarkus-http\3.0.0-RC2\camel-quarkus-http-3.0.0-RC2.jar;c:\daten\maven-repository\org\apache\camel\quarkus\camel-quarkus-http-common\3.0.0-RC2\camel-quarkus-http-common-3.0.0-RC2.jar;c:\daten\maven-repository\org\apache\camel\quarkus\camel-quarkus-core-cloud\3.0.0-RC2\camel-quarkus-core-cloud-3.0.0-RC2.jar;c:\daten\maven-repository\org\apache\camel\camel-http-common\4.0.0-RC2\camel-http-common-4.0.0-RC2.jar;c:\daten\maven-repository\jakarta\servlet\jakarta.servlet-api\6.0.0\jakarta.servlet-api-6.0.0.jar;c:\daten\maven-repository\org\apache\camel\quarkus\camel-quarkus-support-httpclient\3.0.0-RC2\camel-quarkus-support-httpclient-3.0.0-RC2.jar;c:\daten\maven-repository\io\quarkus\quarkus-apache-httpclient\3.2.5.Final\quarkus-apache-httpclient-3.2.5.Final.jar;c:\daten\maven-repository\org\apache\camel\quarkus\camel-quarkus-support-commons-logging\3.0.0-RC2\camel-quarkus-support-commons-logging-3.0.0-RC2.jar;c:\daten\maven-repository\org\brotli\dec\0.1.2\dec-0.1.2.jar;c:\daten\maven-repository\org\apache\camel\camel-http\4.0.0-RC2\camel-http-4.0.0-RC2.jar;c:\daten\maven-repository\org\apache\camel\camel-cloud\4.0.0-RC2\camel-cloud-4.0.0-RC2.jar;c:\daten\maven-repository\org\apache\camel\camel-file\4.0.0-RC2\camel-file-4.0.0-RC2.jar;c:\daten\maven-repository\org\apache\camel\camel-cluster\4.0.0-RC2\camel-cluster-4.0.0-RC2.jar;c:\daten\maven-repository\org\apache\httpcomponents\client5\httpclient5\5.2.1\httpclient5-5.2.1.jar;c:\daten\maven-repository\org\apache\httpcomponents\core5\httpcore5\5.2.1\httpcore5-5.2.1.jar;c:\daten\maven-repository\org\apache\httpcomponents\core5\httpcore5-h2\5.2\httpcore5-h2-5.2.jar;c:\daten\maven-repository\org\apache\camel\quarkus\camel-quarkus-cxf-soap\3.0.0-RC2\camel-quarkus-cxf-soap-3.0.0-RC2.jar;c:\daten\maven-repository\org\apache\camel\camel-cxf-soap\4.0.0-RC2\camel-cxf-soap-4.0.0-RC2.jar;c:\daten\maven-repository\org\apache\camel\camel-cxf-common\4.0.0-RC2\camel-cxf-common-4.0.0-RC2.jar;c:\daten\maven-repository\org\apache\camel\camel-cxf-transport\4.0.0-RC2\camel-cxf-transport-4.0.0-RC2.jar;c:\daten\maven-repository\org\apache\camel\camel-http-base\4.0.0-RC2\camel-http-base-4.0.0-RC2.jar;c:\daten\maven-repository\org\apache\cxf\cxf-rt-frontend-jaxws\4.0.2\cxf-rt-frontend-jaxws-4.0.2.jar;c:\daten\maven-repository\xml-resolver\xml-resolver\1.2\xml-resolver-1.2.jar;c:\daten\maven-repository\org\apache\cxf\cxf-rt-bindings-xml\4.0.2\cxf-rt-bindings-xml-4.0.2.jar;c:\daten\maven-repository\org\apache\cxf\cxf-rt-frontend-simple\4.0.2\cxf-rt-frontend-simple-4.0.2.jar;c:\daten\maven-repository\org\apache\cxf\cxf-rt-transports-http\4.0.2\cxf-rt-transports-http-4.0.2.jar;c:\daten\maven-repository\org\apache\cxf\cxf-rt-features-logging\4.0.2\cxf-rt-features-logging-4.0.2.jar;c:\daten\maven-repository\org\apache\cxf\cxf-rt-bindings-soap\4.0.2\cxf-rt-bindings-soap-4.0.2.jar;c:\daten\maven-repository\org\apache\cxf\cxf-rt-wsdl\4.0.2\cxf-rt-wsdl-4.0.2.jar;c:\daten\maven-repository\org\apache\cxf\cxf-rt-databinding-jaxb\4.0.2\cxf-rt-databinding-jaxb-4.0.2.jar;c:\daten\maven-repository\io\quarkiverse\cxf\quarkus-cxf\2.2.2\quarkus-cxf-2.2.2.jar;c:\daten\maven-repository\io\quarkiverse\cxf\quarkus-cxf-saaj\2.2.2\quarkus-cxf-saaj-2.2.2.jar;c:\daten\maven-repository\io\quarkiverse\cxf\quarkus-cxf-axiom-api-stub\2.2.2\quarkus-cxf-axiom-api-stub-2.2.2.jar;c:\daten\maven-repository\jakarta\validation\jakarta.validation-api\3.0.2\jakarta.validation-api-3.0.2.jar;c:\daten\maven-repository\io\quarkiverse\cxf\quarkus-cxf-rt-features-logging\2.2.2\quarkus-cxf-rt-features-logging-2.2.2.jar;c:\daten\maven-repository\io\quarkiverse\cxf\quarkus-cxf-rt-ws-security\2.2.2\quarkus-cxf-rt-ws-security-2.2.2.jar;c:\daten\maven-repository\io\quarkiverse\cxf\quarkus-cxf-woodstox\2.2.2\quarkus-cxf-woodstox-2.2.2.jar;c:\daten\maven-repository\com\fasterxml\woodstox\woodstox-core\6.5.1\woodstox-core-6.5.1.jar;c:\daten\maven-repository\org\codehaus\woodstox\stax2-api\4.2.1\stax2-api-4.2.1.jar;c:\daten\maven-repository\io\quarkiverse\xmlsec\quarkus-xmlsec\2.1.0\quarkus-xmlsec-2.1.0.jar;c:\daten\maven-repository\org\eclipse\angus\angus-mail\2.0.2\angus-mail-2.0.2.jar;c:\daten\maven-repository\jakarta\mail\jakarta.mail-api\2.1.2\jakarta.mail-api-2.1.2.jar;c:\daten\maven-repository\org\apache\cxf\cxf-rt-ws-security\4.0.2\cxf-rt-ws-security-4.0.2.jar;c:\daten\maven-repository\org\apache\cxf\cxf-core\4.0.2\cxf-core-4.0.2.jar;c:\daten\maven-repository\org\apache\ws\xmlschema\xmlschema-core\2.3.0\xmlschema-core-2.3.0.jar;c:\daten\maven-repository\org\apache\cxf\cxf-rt-security-saml\4.0.2\cxf-rt-security-saml-4.0.2.jar;c:\daten\maven-repository\org\apache\cxf\cxf-rt-security\4.0.2\cxf-rt-security-4.0.2.jar;c:\daten\maven-repository\org\ehcache\ehcache\3.10.8\ehcache-3.10.8-jakarta.jar;c:\daten\maven-repository\javax\cache\cache-api\1.1.1\cache-api-1.1.1.jar;c:\daten\maven-repository\org\apache\wss4j\wss4j-ws-security-dom\3.0.0\wss4j-ws-security-dom-3.0.0.jar;c:\daten\maven-repository\org\apache\wss4j\wss4j-ws-security-common\3.0.0\wss4j-ws-security-common-3.0.0.jar;c:\daten\maven-repository\org\apache\santuario\xmlsec\3.0.2\xmlsec-3.0.2.jar;c:\daten\maven-repository\org\opensaml\opensaml-saml-impl\4.2.0\opensaml-saml-impl-4.2.0.jar;c:\daten\maven-repository\org\opensaml\opensaml-core\4.2.0\opensaml-core-4.2.0.jar;c:\daten\maven-repository\org\opensaml\opensaml-profile-api\4.2.0\opensaml-profile-api-4.2.0.jar;c:\daten\maven-repository\org\opensaml\opensaml-saml-api\4.2.0\opensaml-saml-api-4.2.0.jar;c:\daten\maven-repository\org\opensaml\opensaml-security-api\4.2.0\opensaml-security-api-4.2.0.jar;c:\daten\maven-repository\org\bouncycastle\bcprov-jdk15on\1.70\bcprov-jdk15on-1.70.jar;c:\daten\maven-repository\org\bouncycastle\bcpkix-jdk15on\1.70\bcpkix-jdk15on-1.70.jar;c:\daten\maven-repository\org\bouncycastle\bcutil-jdk15on\1.70\bcutil-jdk15on-1.70.jar;c:\daten\maven-repository\org\opensaml\opensaml-security-impl\4.2.0\opensaml-security-impl-4.2.0.jar;c:\daten\maven-repository\org\opensaml\opensaml-soap-api\4.2.0\opensaml-soap-api-4.2.0.jar;c:\daten\maven-repository\org\opensaml\opensaml-xmlsec-api\4.2.0\opensaml-xmlsec-api-4.2.0.jar;c:\daten\maven-repository\org\opensaml\opensaml-xmlsec-impl\4.2.0\opensaml-xmlsec-impl-4.2.0.jar;c:\daten\maven-repository\io\dropwizard\metrics\metrics-core\4.0.1\metrics-core-4.0.1.jar;c:\daten\maven-repository\net\shibboleth\utilities\java-support\8.3.1\java-support-8.3.1.jar;c:\daten\maven-repository\org\cryptacular\cryptacular\1.2.5\cryptacular-1.2.5.jar;c:\daten\maven-repository\org\bouncycastle\bcprov-jdk18on\1.74\bcprov-jdk18on-1.74.jar;c:\daten\maven-repository\org\opensaml\opensaml-xacml-impl\4.2.0\opensaml-xacml-impl-4.2.0.jar;c:\daten\maven-repository\org\opensaml\opensaml-xacml-api\4.2.0\opensaml-xacml-api-4.2.0.jar;c:\daten\maven-repository\org\opensaml\opensaml-xacml-saml-impl\4.2.0\opensaml-xacml-saml-impl-4.2.0.jar;c:\daten\maven-repository\org\opensaml\opensaml-xacml-saml-api\4.2.0\opensaml-xacml-saml-api-4.2.0.jar;c:\daten\maven-repository\org\jasypt\jasypt\1.9.3\jasypt-1.9.3.jar;c:\daten\maven-repository\org\apache\wss4j\wss4j-policy\3.0.0\wss4j-policy-3.0.0.jar;c:\daten\maven-repository\org\apache\neethi\neethi\3.2.0\neethi-3.2.0.jar;c:\daten\maven-repository\org\apache\wss4j\wss4j-ws-security-stax\3.0.0\wss4j-ws-security-stax-3.0.0.jar;c:\daten\maven-repository\org\apache\wss4j\wss4j-bindings\3.0.0\wss4j-bindings-3.0.0.jar;c:\daten\maven-repository\com\sun\xml\messaging\saaj\saaj-impl\2.0.1\saaj-impl-2.0.1.jar;c:\daten\maven-repository\org\jvnet\staxex\stax-ex\2.0.1\stax-ex-2.0.1.jar;c:\daten\maven-repository\org\apache\wss4j\wss4j-ws-security-policy-stax\3.0.0\wss4j-ws-security-policy-stax-3.0.0.jar;c:\daten\maven-repository\org\apache\cxf\cxf-rt-ws-mex\4.0.2\cxf-rt-ws-mex-4.0.2.jar;c:\daten\maven-repository\org\apache\cxf\cxf-rt-ws-addr\4.0.2\cxf-rt-ws-addr-4.0.2.jar;c:\daten\maven-repository\org\apache\cxf\cxf-rt-ws-policy\4.0.2\cxf-rt-ws-policy-4.0.2.jar;c:\daten\maven-repository\wsdl4j\wsdl4j\1.6.3\wsdl4j-1.6.3.jar;c:\daten\maven-repository\org\jvnet\mimepull\mimepull\1.10.0\mimepull-1.10.0.jar;c:\daten\maven-repository\io\quarkiverse\cxf\quarkus-cxf-rt-ws-rm\2.2.2\quarkus-cxf-rt-ws-rm-2.2.2.jar;c:\daten\maven-repository\org\apache\cxf\cxf-rt-ws-rm\4.0.2\cxf-rt-ws-rm-4.0.2.jar;c:\daten\maven-repository\org\apache\cxf\cxf-rt-management\4.0.2\cxf-rt-management-4.0.2.jar;c:\daten\maven-repository\org\apache\cxf\xjc-utils\cxf-xjc-runtime\4.0.0\cxf-xjc-runtime-4.0.0.jar;c:\daten\maven-repository\jakarta\annotation\jakarta.annotation-api\2.1.1\jakarta.annotation-api-2.1.1.jar;c:\daten\maven-repository\jakarta\xml\ws\jakarta.xml.ws-api\3.0.1\jakarta.xml.ws-api-3.0.1.jar;c:\daten\maven-repository\jakarta\xml\soap\jakarta.xml.soap-api\2.0.1\jakarta.xml.soap-api-2.0.1.jar;c:\daten\maven-repository\jakarta\jws\jakarta.jws-api\3.0.0\jakarta.jws-api-3.0.0.jar;c:\daten\maven-repository\jakarta\activation\jakarta.activation-api\2.1.2\jakarta.activation-api-2.1.2.jar;c:\daten\maven-repository\io\quarkus\quarkus-security\3.2.5.Final\quarkus-security-3.2.5.Final.jar;c:\daten\maven-repository\io\quarkus\quarkus-security-runtime-spi\3.2.5.Final\quarkus-security-runtime-spi-3.2.5.Final.jar;c:\daten\maven-repository\jakarta\interceptor\jakarta.interceptor-api\2.1.0\jakarta.interceptor-api-2.1.0.jar;c:\daten\maven-repository\io\quarkus\security\quarkus-security\2.0.2.Final\quarkus-security-2.0.2.Final.jar;c:\daten\maven-repository\jakarta\enterprise\jakarta.enterprise.cdi-api\4.0.1\jakarta.enterprise.cdi-api-4.0.1.jar;c:\daten\maven-repository\jakarta\enterprise\jakarta.enterprise.lang-model\4.0.1\jakarta.enterprise.lang-model-4.0.1.jar;c:\daten\maven-repository\jakarta\el\jakarta.el-api\5.0.1\jakarta.el-api-5.0.1.jar;c:\daten\maven-repository\io\quarkus\quarkus-elytron-security\3.2.5.Final\quarkus-elytron-security-3.2.5.Final.jar;c:\daten\maven-repository\io\quarkus\quarkus-elytron-security-common\3.2.5.Final\quarkus-elytron-security-common-3.2.5.Final.jar;c:\daten\maven-repository\org\wildfly\security\wildfly-elytron-credential\2.2.1.Final\wildfly-elytron-credential-2.2.1.Final.jar;c:\daten\maven-repository\org\wildfly\security\wildfly-elytron-asn1\2.2.1.Final\wildfly-elytron-asn1-2.2.1.Final.jar;c:\daten\maven-repository\org\wildfly\security\wildfly-elytron-keystore\2.2.1.Final\wildfly-elytron-keystore-2.2.1.Final.jar;c:\daten\maven-repository\org\wildfly\security\wildfly-elytron-x500-cert\2.2.1.Final\wildfly-elytron-x500-cert-2.2.1.Final.jar;c:\daten\maven-repository\org\wildfly\security\wildfly-elytron-x500-cert-util\2.2.1.Final\wildfly-elytron-x500-cert-util-2.2.1.Final.jar;c:\daten\maven-repository\org\wildfly\security\wildfly-elytron-provider-util\2.2.1.Final\wildfly-elytron-provider-util-2.2.1.Final.jar;c:\daten\maven-repository\io\quarkus\quarkus-vertx-http\3.2.5.Final\quarkus-vertx-http-3.2.5.Final.jar;c:\daten\maven-repository\io\quarkus\quarkus-credentials\3.2.5.Final\quarkus-credentials-3.2.5.Final.jar;c:\daten\maven-repository\io\quarkus\quarkus-mutiny\3.2.5.Final\quarkus-mutiny-3.2.5.Final.jar;c:\daten\maven-repository\io\quarkus\quarkus-smallrye-context-propagation\3.2.5.Final\quarkus-smallrye-context-propagation-3.2.5.Final.jar;c:\daten\maven-repository\io\smallrye\smallrye-context-propagation\2.1.0\smallrye-context-propagation-2.1.0.jar;c:\daten\maven-repository\io\smallrye\smallrye-context-propagation-api\2.1.0\smallrye-context-propagation-api-2.1.0.jar;c:\daten\maven-repository\io\smallrye\smallrye-context-propagation-storage\2.1.0\smallrye-context-propagation-storage-2.1.0.jar;c:\daten\maven-repository\io\smallrye\reactive\mutiny-smallrye-context-propagation\2.3.1\mutiny-smallrye-context-propagation-2.3.1.jar;c:\daten\maven-repository\io\smallrye\common\smallrye-common-vertx-context\2.1.0\smallrye-common-vertx-context-2.1.0.jar;c:\daten\maven-repository\io\vertx\vertx-core\4.4.4\vertx-core-4.4.4.jar;c:\daten\maven-repository\io\netty\netty-codec-http2\4.1.94.Final\netty-codec-http2-4.1.94.Final.jar;c:\daten\maven-repository\io\netty\netty-resolver-dns\4.1.94.Final\netty-resolver-dns-4.1.94.Final.jar;c:\daten\maven-repository\io\netty\netty-codec-dns\4.1.94.Final\netty-codec-dns-4.1.94.Final.jar;c:\daten\maven-repository\io\smallrye\common\smallrye-common-constraint\2.1.0\smallrye-common-constraint-2.1.0.jar;c:\daten\maven-repository\io\quarkus\quarkus-vertx-http-dev-console-runtime-spi\3.2.5.Final\quarkus-vertx-http-dev-console-runtime-spi-3.2.5.Final.jar;c:\daten\maven-repository\io\quarkus\quarkus-vertx\3.2.5.Final\quarkus-vertx-3.2.5.Final.jar;c:\daten\maven-repository\io\quarkus\quarkus-netty\3.2.5.Final\quarkus-netty-3.2.5.Final.jar;c:\daten\maven-repository\com\aayushatharva\brotli4j\brotli4j\1.12.0\brotli4j-1.12.0.jar;c:\daten\maven-repository\com\aayushatharva\brotli4j\service\1.12.0\service-1.12.0.jar;c:\daten\maven-repository\com\aayushatharva\brotli4j\native-windows-x86_64\1.12.0\native-windows-x86_64-1.12.0.jar;c:\daten\maven-repository\io\netty\netty-codec-haproxy\4.1.94.Final\netty-codec-haproxy-4.1.94.Final.jar;c:\daten\maven-repository\io\quarkus\quarkus-vertx-latebound-mdc-provider\3.2.5.Final\quarkus-vertx-latebound-mdc-provider-3.2.5.Final.jar;c:\daten\maven-repository\io\smallrye\reactive\smallrye-mutiny-vertx-core\3.5.0\smallrye-mutiny-vertx-core-3.5.0.jar;c:\daten\maven-repository\io\smallrye\reactive\smallrye-mutiny-vertx-runtime\3.5.0\smallrye-mutiny-vertx-runtime-3.5.0.jar;c:\daten\maven-repository\io\smallrye\reactive\vertx-mutiny-generator\3.5.0\vertx-mutiny-generator-3.5.0.jar;c:\daten\maven-repository\io\vertx\vertx-codegen\4.4.4\vertx-codegen-4.4.4.jar;c:\daten\maven-repository\io\smallrye\smallrye-fault-tolerance-vertx\6.2.6\smallrye-fault-tolerance-vertx-6.2.6.jar;c:\daten\maven-repository\io\smallrye\reactive\smallrye-mutiny-vertx-web\3.5.0\smallrye-mutiny-vertx-web-3.5.0.jar;c:\daten\maven-repository\io\smallrye\reactive\smallrye-mutiny-vertx-web-common\3.5.0\smallrye-mutiny-vertx-web-common-3.5.0.jar;c:\daten\maven-repository\io\smallrye\reactive\smallrye-mutiny-vertx-auth-common\3.5.0\smallrye-mutiny-vertx-auth-common-3.5.0.jar;c:\daten\maven-repository\io\smallrye\reactive\smallrye-mutiny-vertx-bridge-common\3.5.0\smallrye-mutiny-vertx-bridge-common-3.5.0.jar;c:\daten\maven-repository\io\smallrye\reactive\smallrye-mutiny-vertx-uri-template\3.5.0\smallrye-mutiny-vertx-uri-template-3.5.0.jar;c:\daten\maven-repository\io\vertx\vertx-uri-template\4.4.4\vertx-uri-template-4.4.4.jar;c:\daten\maven-repository\io\vertx\vertx-web\4.4.4\vertx-web-4.4.4.jar;c:\daten\maven-repository\io\vertx\vertx-web-common\4.4.4\vertx-web-common-4.4.4.jar;c:\daten\maven-repository\io\vertx\vertx-auth-common\4.4.4\vertx-auth-common-4.4.4.jar;c:\daten\maven-repository\io\vertx\vertx-bridge-common\4.4.4\vertx-bridge-common-4.4.4.jar;c:\daten\maven-repository\io\github\crac\org-crac\0.1.3\org-crac-0.1.3.jar;c:\daten\maven-repository\org\wildfly\security\wildfly-elytron-auth-server\2.2.1.Final\wildfly-elytron-auth-server-2.2.1.Final.jar;c:\daten\maven-repository\org\wildfly\security\wildfly-elytron-auth\2.2.1.Final\wildfly-elytron-auth-2.2.1.Final.jar;c:\daten\maven-repository\org\wildfly\security\wildfly-elytron-base\2.2.1.Final\wildfly-elytron-base-2.2.1.Final.jar;c:\daten\maven-repository\org\wildfly\security\wildfly-elytron-permission\2.2.1.Final\wildfly-elytron-permission-2.2.1.Final.jar;c:\daten\maven-repository\org\wildfly\security\wildfly-elytron-util\2.2.1.Final\wildfly-elytron-util-2.2.1.Final.jar;c:\daten\maven-repository\org\wildfly\security\wildfly-elytron-x500\2.2.1.Final\wildfly-elytron-x500-2.2.1.Final.jar;c:\daten\maven-repository\org\wildfly\security\wildfly-elytron-password-impl\2.2.1.Final\wildfly-elytron-password-impl-2.2.1.Final.jar;c:\daten\maven-repository\org\wildfly\security\wildfly-elytron-realm\2.2.1.Final\wildfly-elytron-realm-2.2.1.Final.jar;c:\daten\maven-repository\org\wildfly\security\wildfly-elytron-encryption\2.2.1.Final\wildfly-elytron-encryption-2.2.1.Final.jar;c:\daten\maven-repository\jakarta\authorization\jakarta.authorization-api\2.1.0\jakarta.authorization-api-2.1.0.jar;c:\daten\maven-repository\jakarta\authentication\jakarta.authentication-api\3.0.0\jakarta.authentication-api-3.0.0.jar;c:\daten\maven-repository\io\quarkus\quarkus-junit5\3.2.5.Final\quarkus-junit5-3.2.5.Final.jar;c:\daten\maven-repository\io\quarkus\quarkus-bootstrap-core\3.2.5.Final\quarkus-bootstrap-core-3.2.5.Final.jar;c:\daten\maven-repository\io\quarkus\quarkus-bootstrap-app-model\3.2.5.Final\quarkus-bootstrap-app-model-3.2.5.Final.jar;c:\daten\maven-repository\io\smallrye\common\smallrye-common-io\2.1.0\smallrye-common-io-2.1.0.jar;c:\daten\maven-repository\org\eclipse\sisu\org.eclipse.sisu.inject\0.3.5\org.eclipse.sisu.inject-0.3.5.jar;c:\daten\maven-repository\io\quarkus\quarkus-test-common\3.2.5.Final\quarkus-test-common-3.2.5.Final.jar;c:\daten\maven-repository\io\quarkus\quarkus-core-deployment\3.2.5.Final\quarkus-core-deployment-3.2.5.Final.jar;c:\daten\maven-repository\org\aesh\readline\2.4\readline-2.4.jar;c:\daten\maven-repository\org\fusesource\jansi\jansi\2.4.0\jansi-2.4.0.jar;c:\daten\maven-repository\org\aesh\aesh\2.7\aesh-2.7.jar;c:\daten\maven-repository\io\quarkus\gizmo\gizmo\1.6.1.Final\gizmo-1.6.1.Final.jar;c:\daten\maven-repository\org\ow2\asm\asm-util\9.5\asm-util-9.5.jar;c:\daten\maven-repository\org\ow2\asm\asm-analysis\9.5\asm-analysis-9.5.jar;c:\daten\maven-repository\org\ow2\asm\asm\9.5\asm-9.5.jar;c:\daten\maven-repository\org\ow2\asm\asm-commons\9.5\asm-commons-9.5.jar;c:\daten\maven-repository\org\ow2\asm\asm-tree\9.5\asm-tree-9.5.jar;c:\daten\maven-repository\io\quarkus\quarkus-class-change-agent\3.2.5.Final\quarkus-class-change-agent-3.2.5.Final.jar;c:\daten\maven-repository\io\quarkus\quarkus-devtools-utilities\3.2.5.Final\quarkus-devtools-utilities-3.2.5.Final.jar;c:\daten\maven-repository\io\quarkus\quarkus-builder\3.2.5.Final\quarkus-builder-3.2.5.Final.jar;c:\daten\maven-repository\org\junit\platform\junit-platform-launcher\1.9.3\junit-platform-launcher-1.9.3.jar;c:\daten\maven-repository\io\quarkus\quarkus-bootstrap-maven-resolver\3.2.5.Final\quarkus-bootstrap-maven-resolver-3.2.5.Final.jar;c:\daten\maven-repository\io\smallrye\beanbag\smallrye-beanbag-maven\1.3.2\smallrye-beanbag-maven-1.3.2.jar;c:\daten\maven-repository\io\smallrye\beanbag\smallrye-beanbag-sisu\1.3.2\smallrye-beanbag-sisu-1.3.2.jar;c:\daten\maven-repository\io\smallrye\beanbag\smallrye-beanbag\1.3.2\smallrye-beanbag-1.3.2.jar;c:\daten\maven-repository\javax\inject\javax.inject\1\javax.inject-1.jar;c:\daten\maven-repository\org\apache\maven\maven-artifact\3.9.3\maven-artifact-3.9.3.jar;c:\daten\maven-repository\org\apache\maven\maven-builder-support\3.9.3\maven-builder-support-3.9.3.jar;c:\daten\maven-repository\org\apache\maven\maven-model\3.9.3\maven-model-3.9.3.jar;c:\daten\maven-repository\org\apache\maven\maven-model-builder\3.9.3\maven-model-builder-3.9.3.jar;c:\daten\maven-repository\org\apache\maven\maven-repository-metadata\3.9.3\maven-repository-metadata-3.9.3.jar;c:\daten\maven-repository\org\apache\maven\maven-settings\3.9.3\maven-settings-3.9.3.jar;c:\daten\maven-repository\org\apache\maven\resolver\maven-resolver-api\1.9.13\maven-resolver-api-1.9.13.jar;c:\daten\maven-repository\org\apache\maven\resolver\maven-resolver-impl\1.9.13\maven-resolver-impl-1.9.13.jar;c:\daten\maven-repository\org\apache\maven\resolver\maven-resolver-named-locks\1.9.13\maven-resolver-named-locks-1.9.13.jar;c:\daten\maven-repository\org\apache\maven\resolver\maven-resolver-spi\1.9.13\maven-resolver-spi-1.9.13.jar;c:\daten\maven-repository\org\apache\maven\resolver\maven-resolver-util\1.9.13\maven-resolver-util-1.9.13.jar;c:\daten\maven-repository\org\apache\maven\resolver\maven-resolver-transport-http\1.9.10\maven-resolver-transport-http-1.9.10.jar;c:\daten\maven-repository\org\apache\maven\wagon\wagon-provider-api\3.5.3\wagon-provider-api-3.5.3.jar;c:\daten\maven-repository\org\apache\maven\wagon\wagon-http-shared\3.5.3\wagon-http-shared-3.5.3.jar;c:\daten\maven-repository\org\codehaus\plexus\plexus-interpolation\1.26\plexus-interpolation-1.26.jar;c:\daten\maven-repository\org\codehaus\plexus\plexus-utils\3.5.1\plexus-utils-3.5.1.jar;c:\daten\maven-repository\org\codehaus\plexus\plexus-xml\4.0.0\plexus-xml-4.0.0.jar;c:\daten\maven-repository\org\apache\maven\maven-xml-impl\4.0.0-alpha-5\maven-xml-impl-4.0.0-alpha-5.jar;c:\daten\maven-repository\org\apache\maven\maven-api-xml\4.0.0-alpha-5\maven-api-xml-4.0.0-alpha-5.jar;c:\daten\maven-repository\org\apache\maven\maven-api-meta\4.0.0-alpha-5\maven-api-meta-4.0.0-alpha-5.jar;c:\daten\maven-repository\org\codehaus\plexus\plexus-cipher\2.0\plexus-cipher-2.0.jar;c:\daten\maven-repository\org\codehaus\plexus\plexus-sec-dispatcher\2.0\plexus-sec-dispatcher-2.0.jar;c:\daten\maven-repository\org\apache\maven\maven-embedder\3.9.3\maven-embedder-3.9.3.jar;c:\daten\maven-repository\org\apache\maven\maven-core\3.9.3\maven-core-3.9.3.jar;c:\daten\maven-repository\org\codehaus\plexus\plexus-component-annotations\2.1.0\plexus-component-annotations-2.1.0.jar;c:\daten\maven-repository\org\apache\maven\maven-plugin-api\3.9.3\maven-plugin-api-3.9.3.jar;c:\daten\maven-repository\org\apache\maven\shared\maven-shared-utils\3.3.4\maven-shared-utils-3.3.4.jar;c:\daten\maven-repository\com\google\inject\guice\5.1.0\guice-5.1.0.jar;c:\daten\maven-repository\aopalliance\aopalliance\1.0\aopalliance-1.0.jar;c:\daten\maven-repository\javax\annotation\javax.annotation-api\1.3.2\javax.annotation-api-1.3.2.jar;c:\daten\maven-repository\org\codehaus\plexus\plexus-classworlds\2.6.0\plexus-classworlds-2.6.0.jar;c:\daten\maven-repository\commons-cli\commons-cli\1.4\commons-cli-1.4.jar;c:\daten\maven-repository\org\eclipse\sisu\org.eclipse.sisu.plexus\0.3.5\org.eclipse.sisu.plexus-0.3.5.jar;c:\daten\maven-repository\org\apache\maven\maven-settings-builder\3.9.3\maven-settings-builder-3.9.3.jar;c:\daten\maven-repository\org\apache\maven\maven-resolver-provider\3.9.3\maven-resolver-provider-3.9.3.jar;c:\daten\maven-repository\org\apache\maven\resolver\maven-resolver-connector-basic\1.9.13\maven-resolver-connector-basic-1.9.13.jar;c:\daten\maven-repository\org\apache\maven\resolver\maven-resolver-transport-wagon\1.9.13\maven-resolver-transport-wagon-1.9.13.jar;c:\daten\maven-repository\org\apache\maven\wagon\wagon-http\3.5.3\wagon-http-3.5.3.jar;c:\daten\maven-repository\org\apache\maven\wagon\wagon-file\3.5.3\wagon-file-3.5.3.jar;c:\daten\maven-repository\io\quarkus\quarkus-bootstrap-gradle-resolver\3.2.5.Final\quarkus-bootstrap-gradle-resolver-3.2.5.Final.jar;c:\daten\maven-repository\io\smallrye\jandex\3.1.2\jandex-3.1.2.jar;c:\daten\maven-repository\commons-io\commons-io\2.13.0\commons-io-2.13.0.jar;c:\daten\maven-repository\org\jboss\logging\commons-logging-jboss-logging\1.0.0.Final\commons-logging-jboss-logging-1.0.0.Final.jar;c:\daten\maven-repository\io\quarkus\quarkus-junit5-properties\3.2.5.Final\quarkus-junit5-properties-3.2.5.Final.jar;c:\daten\maven-repository\org\junit\jupiter\junit-jupiter\5.9.3\junit-jupiter-5.9.3.jar;c:\daten\maven-repository\org\junit\jupiter\junit-jupiter-api\5.9.3\junit-jupiter-api-5.9.3.jar;c:\daten\maven-repository\org\opentest4j\opentest4j\1.2.0\opentest4j-1.2.0.jar;c:\daten\maven-repository\org\junit\platform\junit-platform-commons\1.9.3\junit-platform-commons-1.9.3.jar;c:\daten\maven-repository\org\apiguardian\apiguardian-api\1.1.2\apiguardian-api-1.1.2.jar;c:\daten\maven-repository\org\junit\jupiter\junit-jupiter-params\5.9.3\junit-jupiter-params-5.9.3.jar;c:\daten\maven-repository\org\junit\jupiter\junit-jupiter-engine\5.9.3\junit-jupiter-engine-5.9.3.jar;c:\daten\maven-repository\org\junit\platform\junit-platform-engine\1.9.3\junit-platform-engine-1.9.3.jar;c:\daten\maven-repository\com\thoughtworks\xstream\xstream\1.4.20\xstream-1.4.20.jar;c:\daten\maven-repository\io\github\x-stream\mxparser\1.2.2\mxparser-1.2.2.jar;c:\daten\maven-repository\xmlpull\xmlpull\1.1.3.1\xmlpull-1.1.3.1.jar;c:\daten\maven-repository\org\apache\camel\quarkus\camel-quarkus-junit5\3.0.0-RC2\camel-quarkus-junit5-3.0.0-RC2.jar;c:\daten\maven-repository\org\apache\camel\camel-test-junit5\4.0.0-RC2\camel-test-junit5-4.0.0-RC2.jar;c:\daten\maven-repository\org\apache\camel\camel-browse\4.0.0-RC2\camel-browse-4.0.0-RC2.jar;c:\daten\maven-repository\org\apache\camel\camel-controlbus\4.0.0-RC2\camel-controlbus-4.0.0-RC2.jar;c:\daten\maven-repository\org\apache\camel\camel-dataformat\4.0.0-RC2\camel-dataformat-4.0.0-RC2.jar;c:\daten\maven-repository\org\apache\camel\camel-dataset\4.0.0-RC2\camel-dataset-4.0.0-RC2.jar;c:\daten\maven-repository\org\apache\camel\camel-language\4.0.0-RC2\camel-language-4.0.0-RC2.jar;c:\daten\maven-repository\org\apache\camel\camel-ref\4.0.0-RC2\camel-ref-4.0.0-RC2.jar;c:\daten\maven-repository\org\apache\camel\camel-saga\4.0.0-RC2\camel-saga-4.0.0-RC2.jar;c:\daten\maven-repository\org\apache\camel\camel-scheduler\4.0.0-RC2\camel-scheduler-4.0.0-RC2.jar;c:\daten\maven-repository\org\apache\camel\camel-seda\4.0.0-RC2\camel-seda-4.0.0-RC2.jar;c:\daten\maven-repository\org\apache\camel\camel-stub\4.0.0-RC2\camel-stub-4.0.0-RC2.jar;c:\daten\maven-repository\org\apache\camel\camel-timer\4.0.0-RC2\camel-timer-4.0.0-RC2.jar;c:\daten\maven-repository\org\apache\camel\camel-validator\4.0.0-RC2\camel-validator-4.0.0-RC2.jar;c:\daten\maven-repository\org\apache\camel\camel-xslt\4.0.0-RC2\camel-xslt-4.0.0-RC2.jar;c:\daten\maven-repository\io\rest-assured\rest-assured\5.3.0\rest-assured-5.3.0.jar;c:\daten\maven-repository\org\apache\groovy\groovy\4.0.13\groovy-4.0.13.jar;c:\daten\maven-repository\org\apache\groovy\groovy-xml\4.0.6\groovy-xml-4.0.6.jar;c:\daten\maven-repository\org\apache\httpcomponents\httpclient\4.5.14\httpclient-4.5.14.jar;c:\daten\maven-repository\org\apache\httpcomponents\httpcore\4.4.16\httpcore-4.4.16.jar;c:\daten\maven-repository\commons-codec\commons-codec\1.16.0\commons-codec-1.16.0.jar;c:\daten\maven-repository\org\apache\httpcomponents\httpmime\4.5.14\httpmime-4.5.14.jar;c:\daten\maven-repository\org\hamcrest\hamcrest\2.1\hamcrest-2.1.jar;c:\daten\maven-repository\org\ccil\cowan\tagsoup\tagsoup\1.2.1\tagsoup-1.2.1.jar;c:\daten\maven-repository\io\rest-assured\json-path\5.3.0\json-path-5.3.0.jar;c:\daten\maven-repository\org\apache\groovy\groovy-json\4.0.6\groovy-json-4.0.6.jar;c:\daten\maven-repository\io\rest-assured\rest-assured-common\5.3.0\rest-assured-common-5.3.0.jar;c:\daten\maven-repository\io\rest-assured\xml-path\5.3.0\xml-path-5.3.0.jar;c:\daten\maven-repository\org\apache\commons\commons-lang3\3.12.0\commons-lang3-3.12.0.jar;c:\daten\maven-repository\io\quarkiverse\artemis\quarkus-test-artemis\3.0.1\quarkus-test-artemis-3.0.1.jar;c:\daten\maven-repository\io\quarkus\quarkus-jsonp\3.2.5.Final\quarkus-jsonp-3.2.5.Final.jar;c:\daten\maven-repository\org\eclipse\parsson\parsson\1.1.2\parsson-1.1.2.jar;c:\daten\maven-repository\jakarta\json\jakarta.json-api\2.1.2\jakarta.json-api-2.1.2.jar;c:\daten\maven-repository\org\apache\activemq\artemis-server\2.28.0\artemis-server-2.28.0.jar;c:\daten\maven-repository\com\google\guava\guava\32.0.0-jre\guava-32.0.0-jre.jar;c:\daten\maven-repository\com\google\guava\failureaccess\1.0.1\failureaccess-1.0.1.jar;c:\daten\maven-repository\org\apache\activemq\artemis-commons\2.28.0\artemis-commons-2.28.0.jar;c:\daten\maven-repository\org\apache\activemq\artemis-selector\2.28.0\artemis-selector-2.28.0.jar;c:\daten\maven-repository\org\apache\activemq\artemis-journal\2.28.0\artemis-journal-2.28.0.jar;c:\daten\maven-repository\org\apache\activemq\artemis-jdbc-store\2.28.0\artemis-jdbc-store-2.28.0.jar;c:\daten\maven-repository\org\apache\commons\commons-dbcp2\2.7.0\commons-dbcp2-2.7.0.jar;c:\daten\maven-repository\org\apache\commons\commons-pool2\2.7.0\commons-pool2-2.7.0.jar;c:\daten\maven-repository\org\apache\activemq\artemis-core-client\2.28.0\artemis-core-client-2.28.0.jar;c:\daten\maven-repository\org\jgroups\jgroups\5.2.0.Final\jgroups-5.2.0.Final.jar;c:\daten\maven-repository\io\netty\netty-handler-proxy\4.1.94.Final\netty-handler-proxy-4.1.94.Final.jar;c:\daten\maven-repository\io\netty\netty-codec-socks\4.1.94.Final\netty-codec-socks-4.1.94.Final.jar;c:\daten\maven-repository\org\apache\activemq\artemis-quorum-api\2.28.0\artemis-quorum-api-2.28.0.jar;c:\daten\maven-repository\org\apache\activemq\activemq-artemis-native\2.0.0\activemq-artemis-native-2.0.0.jar;c:\daten\maven-repository\org\jctools\jctools-core\2.1.2\jctools-core-2.1.2.jar;c:\daten\maven-repository\io\netty\netty-buffer\4.1.94.Final\netty-buffer-4.1.94.Final.jar;c:\daten\maven-repository\io\netty\netty-transport\4.1.94.Final\netty-transport-4.1.94.Final.jar;c:\daten\maven-repository\io\netty\netty-resolver\4.1.94.Final\netty-resolver-4.1.94.Final.jar;c:\daten\maven-repository\io\netty\netty-codec-http\4.1.94.Final\netty-codec-http-4.1.94.Final.jar;c:\daten\maven-repository\io\netty\netty-common\4.1.94.Final\netty-common-4.1.94.Final.jar;c:\daten\maven-repository\io\netty\netty-handler\4.1.94.Final\netty-handler-4.1.94.Final.jar;c:\daten\maven-repository\io\netty\netty-transport-native-unix-common\4.1.94.Final\netty-transport-native-unix-common-4.1.94.Final.jar;c:\daten\maven-repository\io\netty\netty-transport-native-epoll\4.1.94.Final\netty-transport-native-epoll-4.1.94.Final-linux-x86_64.jar;c:\daten\maven-repository\io\netty\netty-transport-classes-epoll\4.1.94.Final\netty-transport-classes-epoll-4.1.94.Final.jar;c:\daten\maven-repository\io\netty\netty-transport-native-kqueue\4.1.94.Final\netty-transport-native-kqueue-4.1.94.Final-osx-x86_64.jar;c:\daten\maven-repository\io\netty\netty-transport-classes-kqueue\4.1.94.Final\netty-transport-classes-kqueue-4.1.94.Final.jar;c:\daten\maven-repository\io\netty\netty-codec\4.1.94.Final\netty-codec-4.1.94.Final.jar;c:\daten\maven-repository\commons-beanutils\commons-beanutils\1.9.4\commons-beanutils-1.9.4.jar;c:\daten\maven-repository\commons-collections\commons-collections\3.2.2\commons-collections-3.2.2.jar;c:\daten\maven-repository\org\apache\commons\commons-configuration2\2.8.0\commons-configuration2-2.8.0.jar;c:\daten\maven-repository\org\apache\commons\commons-text\1.10.0\commons-text-1.10.0.jar;c:\daten\maven-repository\org\apache\activemq\artemis-amqp-protocol\2.28.0\artemis-amqp-protocol-2.28.0.jar;c:\daten\maven-repository\org\apache\qpid\proton-j\0.34.1\proton-j-0.34.1.jar;c:\daten\maven-repository\org\assertj\assertj-core\3.24.2\assertj-core-3.24.2.jar;c:\daten\maven-repository\net\bytebuddy\byte-buddy\1.12.18\byte-buddy-1.12.18.jar;"/>
    <property name="java.vm.vendor" value="Red Hat, Inc."/>
    <property name="sun.arch.data.model" value="64"/>
    <property name="user.variant" value=""/>
    <property name="java.vendor.url" value="https://access.redhat.com/"/>
    <property name="user.timezone" value="Europe/Berlin"/>
    <property name="logging.initial-configurator.min-level" value="500"/>
    <property name="os.name" value="Windows 10"/>
    <property name="java.vm.specification.version" value="17"/>
    <property name="sun.java.launcher" value="SUN_STANDARD"/>
    <property name="user.country" value="DE"/>
    <property name="sun.boot.library.path" value="C:\Program Files\OpenJDK\17\bin"/>
    <property name="sun.java.command" value="C:\Users\a000478\AppData\Local\Temp\surefire9317311668895781986\surefirebooter-20230922081253972_3.jar C:\Users\a000478\AppData\Local\Temp\surefire9317311668895781986 2023-09-22T08-12-53_734-jvmRun1 surefire-20230922081253972_1tmp surefire_0-20230922081253972_2tmp"/>
    <property name="jdk.debug" value="release"/>
    <property name="surefire.test.class.path" value="C:\Daten\git_github_jochenr\my-camel-quarkus-projects\camel-quarkus-cxf-soap-wsrm\quarkus-root\target\test-classes;C:\Daten\git_github_jochenr\my-camel-quarkus-projects\camel-quarkus-cxf-soap-wsrm\quarkus-root\target\classes;c:\daten\maven-repository\org\apache\camel\quarkus\camel-quarkus-openapi-java\3.0.0-RC2\camel-quarkus-openapi-java-3.0.0-RC2.jar;c:\daten\maven-repository\org\apache\camel\quarkus\camel-quarkus-core\3.0.0-RC2\camel-quarkus-core-3.0.0-RC2.jar;c:\daten\maven-repository\io\quarkus\quarkus-development-mode-spi\3.2.5.Final\quarkus-development-mode-spi-3.2.5.Final.jar;c:\daten\maven-repository\org\apache\camel\camel-base\4.0.0-RC2\camel-base-4.0.0-RC2.jar;c:\daten\maven-repository\org\apache\camel\camel-api\4.0.0-RC2\camel-api-4.0.0-RC2.jar;c:\daten\maven-repository\org\apache\camel\camel-management-api\4.0.0-RC2\camel-management-api-4.0.0-RC2.jar;c:\daten\maven-repository\org\apache\camel\camel-util\4.0.0-RC2\camel-util-4.0.0-RC2.jar;c:\daten\maven-repository\org\apache\camel\camel-componentdsl\4.0.0-RC2\camel-componentdsl-4.0.0-RC2.jar;c:\daten\maven-repository\org\apache\camel\camel-core-catalog\4.0.0-RC2\camel-core-catalog-4.0.0-RC2.jar;c:\daten\maven-repository\org\apache\camel\camel-core-engine\4.0.0-RC2\camel-core-engine-4.0.0-RC2.jar;c:\daten\maven-repository\org\apache\camel\camel-base-engine\4.0.0-RC2\camel-base-engine-4.0.0-RC2.jar;c:\daten\maven-repository\org\apache\camel\camel-core-reifier\4.0.0-RC2\camel-core-reifier-4.0.0-RC2.jar;c:\daten\maven-repository\org\apache\camel\camel-core-languages\4.0.0-RC2\camel-core-languages-4.0.0-RC2.jar;c:\daten\maven-repository\org\apache\camel\camel-core-model\4.0.0-RC2\camel-core-model-4.0.0-RC2.jar;c:\daten\maven-repository\org\apache\camel\camel-xml-jaxp-util\4.0.0-RC2\camel-xml-jaxp-util-4.0.0-RC2.jar;c:\daten\maven-repository\org\apache\camel\camel-core-processor\4.0.0-RC2\camel-core-processor-4.0.0-RC2.jar;c:\daten\maven-repository\org\apache\camel\camel-endpointdsl\4.0.0-RC2\camel-endpointdsl-4.0.0-RC2.jar;c:\daten\maven-repository\org\apache\camel\camel-main\4.0.0-RC2\camel-main-4.0.0-RC2.jar;c:\daten\maven-repository\org\apache\camel\camel-microprofile-config\4.0.0-RC2\camel-microprofile-config-4.0.0-RC2.jar;c:\daten\maven-repository\org\eclipse\microprofile\config\microprofile-config-api\3.0.3\microprofile-config-api-3.0.3.jar;c:\daten\maven-repository\org\apache\camel\camel-openapi-java\4.0.0-RC2\camel-openapi-java-4.0.0-RC2.jar;c:\daten\maven-repository\org\apache\camel\camel-xml-io\4.0.0-RC2\camel-xml-io-4.0.0-RC2.jar;c:\daten\maven-repository\org\apache\camel\camel-xml-io-util\4.0.0-RC2\camel-xml-io-util-4.0.0-RC2.jar;c:\daten\maven-repository\com\fasterxml\jackson\core\jackson-annotations\2.15.2\jackson-annotations-2.15.2.jar;c:\daten\maven-repository\com\fasterxml\jackson\core\jackson-databind\2.15.2\jackson-databind-2.15.2.jar;c:\daten\maven-repository\com\fasterxml\jackson\datatype\jackson-datatype-joda\2.15.2\jackson-datatype-joda-2.15.2.jar;c:\daten\maven-repository\joda-time\joda-time\2.12.5\joda-time-2.12.5.jar;c:\daten\maven-repository\com\fasterxml\jackson\dataformat\jackson-dataformat-yaml\2.15.2\jackson-dataformat-yaml-2.15.2.jar;c:\daten\maven-repository\org\yaml\snakeyaml\2.0\snakeyaml-2.0.jar;c:\daten\maven-repository\com\fasterxml\jackson\jakarta\rs\jackson-jakarta-rs-json-provider\2.15.2\jackson-jakarta-rs-json-provider-2.15.2.jar;c:\daten\maven-repository\com\fasterxml\jackson\jakarta\rs\jackson-jakarta-rs-base\2.15.2\jackson-jakarta-rs-base-2.15.2.jar;c:\daten\maven-repository\io\swagger\core\v3\swagger-models\2.2.15\swagger-models-2.2.15.jar;c:\daten\maven-repository\io\swagger\parser\v3\swagger-parser\2.1.16\swagger-parser-2.1.16.jar;c:\daten\maven-repository\io\swagger\parser\v3\swagger-parser-v2-converter\2.1.16\swagger-parser-v2-converter-2.1.16.jar;c:\daten\maven-repository\io\swagger\swagger-core\1.6.11\swagger-core-1.6.11.jar;c:\daten\maven-repository\io\swagger\swagger-models\1.6.11\swagger-models-1.6.11.jar;c:\daten\maven-repository\io\swagger\swagger-annotations\1.6.11\swagger-annotations-1.6.11.jar;c:\daten\maven-repository\io\swagger\swagger-parser\1.0.67\swagger-parser-1.0.67.jar;c:\daten\maven-repository\io\swagger\swagger-compat-spec-parser\1.0.67\swagger-compat-spec-parser-1.0.67.jar;c:\daten\maven-repository\com\github\java-json-tools\json-schema-validator\2.2.14\json-schema-validator-2.2.14.jar;c:\daten\maven-repository\com\github\java-json-tools\jackson-coreutils-equivalence\1.0\jackson-coreutils-equivalence-1.0.jar;c:\daten\maven-repository\com\github\java-json-tools\json-schema-core\1.2.14\json-schema-core-1.2.14.jar;c:\daten\maven-repository\com\github\java-json-tools\uri-template\0.10\uri-template-0.10.jar;c:\daten\maven-repository\org\mozilla\rhino\1.7.7.2\rhino-1.7.7.2.jar;c:\daten\maven-repository\com\googlecode\libphonenumber\libphonenumber\8.11.1\libphonenumber-8.11.1.jar;c:\daten\maven-repository\net\sf\jopt-simple\jopt-simple\5.0.4\jopt-simple-5.0.4.jar;c:\daten\maven-repository\com\github\java-json-tools\json-patch\1.13\json-patch-1.13.jar;c:\daten\maven-repository\com\github\java-json-tools\msg-simple\1.2\msg-simple-1.2.jar;c:\daten\maven-repository\com\github\java-json-tools\btf\1.3\btf-1.3.jar;c:\daten\maven-repository\com\github\java-json-tools\jackson-coreutils\2.0\jackson-coreutils-2.0.jar;c:\daten\maven-repository\io\swagger\parser\v3\swagger-parser-core\2.1.16\swagger-parser-core-2.1.16.jar;c:\daten\maven-repository\io\swagger\parser\v3\swagger-parser-v3\2.1.16\swagger-parser-v3-2.1.16.jar;c:\daten\maven-repository\io\swagger\parser\v3\swagger-parser-safe-url-resolver\2.1.16\swagger-parser-safe-url-resolver-2.1.16.jar;c:\daten\maven-repository\io\swagger\core\v3\swagger-core-jakarta\2.2.15\swagger-core-jakarta-2.2.15.jar;c:\daten\maven-repository\io\swagger\core\v3\swagger-annotations-jakarta\2.2.15\swagger-annotations-jakarta-2.2.15.jar;c:\daten\maven-repository\org\apache\camel\quarkus\camel-quarkus-support-swagger\3.0.0-RC2\camel-quarkus-support-swagger-3.0.0-RC2.jar;c:\daten\maven-repository\org\apache\camel\quarkus\camel-quarkus-rest-openapi\3.0.0-RC2\camel-quarkus-rest-openapi-3.0.0-RC2.jar;c:\daten\maven-repository\org\apache\camel\camel-rest-openapi\4.0.0-RC2\camel-rest-openapi-4.0.0-RC2.jar;c:\daten\maven-repository\org\apache\camel\camel-support\4.0.0-RC2\camel-support-4.0.0-RC2.jar;c:\daten\maven-repository\org\apache\camel\camel-util-json\4.0.0-RC2\camel-util-json-4.0.0-RC2.jar;c:\daten\maven-repository\com\fasterxml\jackson\core\jackson-core\2.15.2\jackson-core-2.15.2.jar;c:\daten\maven-repository\org\apache\camel\quarkus\camel-quarkus-log\3.0.0-RC2\camel-quarkus-log-3.0.0-RC2.jar;c:\daten\maven-repository\org\apache\camel\camel-log\4.0.0-RC2\camel-log-4.0.0-RC2.jar;c:\daten\maven-repository\org\apache\camel\quarkus\camel-quarkus-json-validator\3.0.0-RC2\camel-quarkus-json-validator-3.0.0-RC2.jar;c:\daten\maven-repository\org\apache\camel\camel-json-validator\4.0.0-RC2\camel-json-validator-4.0.0-RC2.jar;c:\daten\maven-repository\com\networknt\json-schema-validator\1.0.86\json-schema-validator-1.0.86.jar;c:\daten\maven-repository\com\ethlo\time\itu\1.7.0\itu-1.7.0.jar;c:\daten\maven-repository\org\apache\camel\quarkus\camel-quarkus-rest\3.0.0-RC2\camel-quarkus-rest-3.0.0-RC2.jar;c:\daten\maven-repository\org\apache\camel\quarkus\camel-quarkus-platform-http\3.0.0-RC2\camel-quarkus-platform-http-3.0.0-RC2.jar;c:\daten\maven-repository\org\apache\camel\camel-platform-http-vertx\4.0.0-RC2\camel-platform-http-vertx-4.0.0-RC2.jar;c:\daten\maven-repository\org\apache\camel\camel-platform-http\4.0.0-RC2\camel-platform-http-4.0.0-RC2.jar;c:\daten\maven-repository\org\apache\camel\camel-vertx-common\4.0.0-RC2\camel-vertx-common-4.0.0-RC2.jar;c:\daten\maven-repository\org\apache\camel\camel-rest\4.0.0-RC2\camel-rest-4.0.0-RC2.jar;c:\daten\maven-repository\org\apache\camel\camel-tooling-model\4.0.0-RC2\camel-tooling-model-4.0.0-RC2.jar;c:\daten\maven-repository\org\apache\camel\quarkus\camel-quarkus-jackson\3.0.0-RC2\camel-quarkus-jackson-3.0.0-RC2.jar;c:\daten\maven-repository\io\quarkus\quarkus-jaxp\3.2.5.Final\quarkus-jaxp-3.2.5.Final.jar;c:\daten\maven-repository\io\quarkus\quarkus-jackson\3.2.5.Final\quarkus-jackson-3.2.5.Final.jar;c:\daten\maven-repository\com\fasterxml\jackson\datatype\jackson-datatype-jsr310\2.15.2\jackson-datatype-jsr310-2.15.2.jar;c:\daten\maven-repository\com\fasterxml\jackson\datatype\jackson-datatype-jdk8\2.15.2\jackson-datatype-jdk8-2.15.2.jar;c:\daten\maven-repository\com\fasterxml\jackson\module\jackson-module-parameter-names\2.15.2\jackson-module-parameter-names-2.15.2.jar;c:\daten\maven-repository\com\fasterxml\jackson\module\jackson-module-jakarta-xmlbind-annotations\2.15.2\jackson-module-jakarta-xmlbind-annotations-2.15.2.jar;c:\daten\maven-repository\org\apache\camel\camel-jackson\4.0.0-RC2\camel-jackson-4.0.0-RC2.jar;c:\daten\maven-repository\jakarta\xml\bind\jakarta.xml.bind-api\4.0.0\jakarta.xml.bind-api-4.0.0.jar;c:\daten\maven-repository\org\eclipse\angus\angus-activation\2.0.1\angus-activation-2.0.1.jar;c:\daten\maven-repository\org\apache\camel\quarkus\camel-quarkus-bean\3.0.0-RC2\camel-quarkus-bean-3.0.0-RC2.jar;c:\daten\maven-repository\org\apache\camel\camel-bean\4.0.0-RC2\camel-bean-4.0.0-RC2.jar;c:\daten\maven-repository\org\apache\camel\quarkus\camel-quarkus-mock\3.0.0-RC2\camel-quarkus-mock-3.0.0-RC2.jar;c:\daten\maven-repository\org\apache\camel\camel-mock\4.0.0-RC2\camel-mock-4.0.0-RC2.jar;c:\daten\maven-repository\org\apache\camel\quarkus\camel-quarkus-direct\3.0.0-RC2\camel-quarkus-direct-3.0.0-RC2.jar;c:\daten\maven-repository\org\apache\camel\camel-direct\4.0.0-RC2\camel-direct-4.0.0-RC2.jar;c:\daten\maven-repository\org\apache\camel\quarkus\camel-quarkus-attachments\3.0.0-RC2\camel-quarkus-attachments-3.0.0-RC2.jar;c:\daten\maven-repository\org\apache\camel\camel-attachments\4.0.0-RC2\camel-attachments-4.0.0-RC2.jar;c:\daten\maven-repository\org\apache\camel\quarkus\camel-quarkus-jaxb\3.0.0-RC2\camel-quarkus-jaxb-3.0.0-RC2.jar;c:\daten\maven-repository\org\apache\camel\camel-jaxb\4.0.0-RC2\camel-jaxb-4.0.0-RC2.jar;c:\daten\maven-repository\org\apache\camel\camel-xml-jaxb\4.0.0-RC2\camel-xml-jaxb-4.0.0-RC2.jar;c:\daten\maven-repository\com\sun\xml\bind\jaxb-impl\4.0.3\jaxb-impl-4.0.3.jar;c:\daten\maven-repository\org\apache\camel\camel-xml-jaxp\4.0.0-RC2\camel-xml-jaxp-4.0.0-RC2.jar;c:\daten\maven-repository\com\sun\xml\bind\jaxb-core\4.0.3\jaxb-core-4.0.3.jar;c:\daten\maven-repository\io\quarkus\quarkus-jaxb\3.2.5.Final\quarkus-jaxb-3.2.5.Final.jar;c:\daten\maven-repository\org\glassfish\jaxb\jaxb-runtime\4.0.3\jaxb-runtime-4.0.3.jar;c:\daten\maven-repository\org\glassfish\jaxb\jaxb-core\4.0.3\jaxb-core-4.0.3.jar;c:\daten\maven-repository\org\glassfish\jaxb\txw2\4.0.3\txw2-4.0.3.jar;c:\daten\maven-repository\com\sun\istack\istack-commons-runtime\4.1.2\istack-commons-runtime-4.1.2.jar;c:\daten\maven-repository\org\apache\camel\quarkus\camel-quarkus-xpath\3.0.0-RC2\camel-quarkus-xpath-3.0.0-RC2.jar;c:\daten\maven-repository\org\apache\camel\camel-xpath\4.0.0-RC2\camel-xpath-4.0.0-RC2.jar;c:\daten\maven-repository\io\quarkus\quarkus-arc\3.2.5.Final\quarkus-arc-3.2.5.Final.jar;c:\daten\maven-repository\io\quarkus\arc\arc\3.2.5.Final\arc-3.2.5.Final.jar;c:\daten\maven-repository\jakarta\transaction\jakarta.transaction-api\2.0.1\jakarta.transaction-api-2.0.1.jar;c:\daten\maven-repository\io\smallrye\reactive\mutiny\2.3.1\mutiny-2.3.1.jar;c:\daten\maven-repository\io\smallrye\common\smallrye-common-annotation\2.1.0\smallrye-common-annotation-2.1.0.jar;c:\daten\maven-repository\org\jboss\logging\jboss-logging\3.5.1.Final\jboss-logging-3.5.1.Final.jar;c:\daten\maven-repository\io\quarkus\quarkus-core\3.2.5.Final\quarkus-core-3.2.5.Final.jar;c:\daten\maven-repository\jakarta\inject\jakarta.inject-api\2.0.1\jakarta.inject-api-2.0.1.jar;c:\daten\maven-repository\io\smallrye\common\smallrye-common-os\2.1.0\smallrye-common-os-2.1.0.jar;c:\daten\maven-repository\io\quarkus\quarkus-ide-launcher\3.2.5.Final\quarkus-ide-launcher-3.2.5.Final.jar;c:\daten\maven-repository\io\smallrye\config\smallrye-config\3.3.2\smallrye-config-3.3.2.jar;c:\daten\maven-repository\io\smallrye\config\smallrye-config-core\3.3.2\smallrye-config-core-3.3.2.jar;c:\daten\maven-repository\io\smallrye\common\smallrye-common-expression\2.1.0\smallrye-common-expression-2.1.0.jar;c:\daten\maven-repository\io\smallrye\common\smallrye-common-function\2.1.0\smallrye-common-function-2.1.0.jar;c:\daten\maven-repository\io\smallrye\common\smallrye-common-classloader\2.1.0\smallrye-common-classloader-2.1.0.jar;c:\daten\maven-repository\io\smallrye\config\smallrye-config-common\3.3.2\smallrye-config-common-3.3.2.jar;c:\daten\maven-repository\org\jboss\logmanager\jboss-logmanager-embedded\1.1.1\jboss-logmanager-embedded-1.1.1.jar;c:\daten\maven-repository\org\jboss\logging\jboss-logging-annotations\2.2.1.Final\jboss-logging-annotations-2.2.1.Final.jar;c:\daten\maven-repository\org\jboss\threads\jboss-threads\3.5.0.Final\jboss-threads-3.5.0.Final.jar;c:\daten\maven-repository\org\slf4j\slf4j-api\2.0.6\slf4j-api-2.0.6.jar;c:\daten\maven-repository\org\jboss\slf4j\slf4j-jboss-logmanager\2.0.0.Final\slf4j-jboss-logmanager-2.0.0.Final.jar;c:\daten\maven-repository\org\graalvm\sdk\graal-sdk\23.0.1\graal-sdk-23.0.1.jar;c:\daten\maven-repository\org\wildfly\common\wildfly-common\1.5.4.Final-format-001\wildfly-common-1.5.4.Final-format-001.jar;c:\daten\maven-repository\io\quarkus\quarkus-bootstrap-runner\3.2.5.Final\quarkus-bootstrap-runner-3.2.5.Final.jar;c:\daten\maven-repository\io\quarkus\quarkus-fs-util\0.0.9\quarkus-fs-util-0.0.9.jar;c:\daten\maven-repository\org\eclipse\microprofile\context-propagation\microprofile-context-propagation-api\1.3\microprofile-context-propagation-api-1.3.jar;c:\daten\maven-repository\org\apache\camel\quarkus\camel-quarkus-http\3.0.0-RC2\camel-quarkus-http-3.0.0-RC2.jar;c:\daten\maven-repository\org\apache\camel\quarkus\camel-quarkus-http-common\3.0.0-RC2\camel-quarkus-http-common-3.0.0-RC2.jar;c:\daten\maven-repository\org\apache\camel\quarkus\camel-quarkus-core-cloud\3.0.0-RC2\camel-quarkus-core-cloud-3.0.0-RC2.jar;c:\daten\maven-repository\org\apache\camel\camel-http-common\4.0.0-RC2\camel-http-common-4.0.0-RC2.jar;c:\daten\maven-repository\jakarta\servlet\jakarta.servlet-api\6.0.0\jakarta.servlet-api-6.0.0.jar;c:\daten\maven-repository\org\apache\camel\quarkus\camel-quarkus-support-httpclient\3.0.0-RC2\camel-quarkus-support-httpclient-3.0.0-RC2.jar;c:\daten\maven-repository\io\quarkus\quarkus-apache-httpclient\3.2.5.Final\quarkus-apache-httpclient-3.2.5.Final.jar;c:\daten\maven-repository\org\apache\camel\quarkus\camel-quarkus-support-commons-logging\3.0.0-RC2\camel-quarkus-support-commons-logging-3.0.0-RC2.jar;c:\daten\maven-repository\org\brotli\dec\0.1.2\dec-0.1.2.jar;c:\daten\maven-repository\org\apache\camel\camel-http\4.0.0-RC2\camel-http-4.0.0-RC2.jar;c:\daten\maven-repository\org\apache\camel\camel-cloud\4.0.0-RC2\camel-cloud-4.0.0-RC2.jar;c:\daten\maven-repository\org\apache\camel\camel-file\4.0.0-RC2\camel-file-4.0.0-RC2.jar;c:\daten\maven-repository\org\apache\camel\camel-cluster\4.0.0-RC2\camel-cluster-4.0.0-RC2.jar;c:\daten\maven-repository\org\apache\httpcomponents\client5\httpclient5\5.2.1\httpclient5-5.2.1.jar;c:\daten\maven-repository\org\apache\httpcomponents\core5\httpcore5\5.2.1\httpcore5-5.2.1.jar;c:\daten\maven-repository\org\apache\httpcomponents\core5\httpcore5-h2\5.2\httpcore5-h2-5.2.jar;c:\daten\maven-repository\org\apache\camel\quarkus\camel-quarkus-cxf-soap\3.0.0-RC2\camel-quarkus-cxf-soap-3.0.0-RC2.jar;c:\daten\maven-repository\org\apache\camel\camel-cxf-soap\4.0.0-RC2\camel-cxf-soap-4.0.0-RC2.jar;c:\daten\maven-repository\org\apache\camel\camel-cxf-common\4.0.0-RC2\camel-cxf-common-4.0.0-RC2.jar;c:\daten\maven-repository\org\apache\camel\camel-cxf-transport\4.0.0-RC2\camel-cxf-transport-4.0.0-RC2.jar;c:\daten\maven-repository\org\apache\camel\camel-http-base\4.0.0-RC2\camel-http-base-4.0.0-RC2.jar;c:\daten\maven-repository\org\apache\cxf\cxf-rt-frontend-jaxws\4.0.2\cxf-rt-frontend-jaxws-4.0.2.jar;c:\daten\maven-repository\xml-resolver\xml-resolver\1.2\xml-resolver-1.2.jar;c:\daten\maven-repository\org\apache\cxf\cxf-rt-bindings-xml\4.0.2\cxf-rt-bindings-xml-4.0.2.jar;c:\daten\maven-repository\org\apache\cxf\cxf-rt-frontend-simple\4.0.2\cxf-rt-frontend-simple-4.0.2.jar;c:\daten\maven-repository\org\apache\cxf\cxf-rt-transports-http\4.0.2\cxf-rt-transports-http-4.0.2.jar;c:\daten\maven-repository\org\apache\cxf\cxf-rt-features-logging\4.0.2\cxf-rt-features-logging-4.0.2.jar;c:\daten\maven-repository\org\apache\cxf\cxf-rt-bindings-soap\4.0.2\cxf-rt-bindings-soap-4.0.2.jar;c:\daten\maven-repository\org\apache\cxf\cxf-rt-wsdl\4.0.2\cxf-rt-wsdl-4.0.2.jar;c:\daten\maven-repository\org\apache\cxf\cxf-rt-databinding-jaxb\4.0.2\cxf-rt-databinding-jaxb-4.0.2.jar;c:\daten\maven-repository\io\quarkiverse\cxf\quarkus-cxf\2.2.2\quarkus-cxf-2.2.2.jar;c:\daten\maven-repository\io\quarkiverse\cxf\quarkus-cxf-saaj\2.2.2\quarkus-cxf-saaj-2.2.2.jar;c:\daten\maven-repository\io\quarkiverse\cxf\quarkus-cxf-axiom-api-stub\2.2.2\quarkus-cxf-axiom-api-stub-2.2.2.jar;c:\daten\maven-repository\jakarta\validation\jakarta.validation-api\3.0.2\jakarta.validation-api-3.0.2.jar;c:\daten\maven-repository\io\quarkiverse\cxf\quarkus-cxf-rt-features-logging\2.2.2\quarkus-cxf-rt-features-logging-2.2.2.jar;c:\daten\maven-repository\io\quarkiverse\cxf\quarkus-cxf-rt-ws-security\2.2.2\quarkus-cxf-rt-ws-security-2.2.2.jar;c:\daten\maven-repository\io\quarkiverse\cxf\quarkus-cxf-woodstox\2.2.2\quarkus-cxf-woodstox-2.2.2.jar;c:\daten\maven-repository\com\fasterxml\woodstox\woodstox-core\6.5.1\woodstox-core-6.5.1.jar;c:\daten\maven-repository\org\codehaus\woodstox\stax2-api\4.2.1\stax2-api-4.2.1.jar;c:\daten\maven-repository\io\quarkiverse\xmlsec\quarkus-xmlsec\2.1.0\quarkus-xmlsec-2.1.0.jar;c:\daten\maven-repository\org\eclipse\angus\angus-mail\2.0.2\angus-mail-2.0.2.jar;c:\daten\maven-repository\jakarta\mail\jakarta.mail-api\2.1.2\jakarta.mail-api-2.1.2.jar;c:\daten\maven-repository\org\apache\cxf\cxf-rt-ws-security\4.0.2\cxf-rt-ws-security-4.0.2.jar;c:\daten\maven-repository\org\apache\cxf\cxf-core\4.0.2\cxf-core-4.0.2.jar;c:\daten\maven-repository\org\apache\ws\xmlschema\xmlschema-core\2.3.0\xmlschema-core-2.3.0.jar;c:\daten\maven-repository\org\apache\cxf\cxf-rt-security-saml\4.0.2\cxf-rt-security-saml-4.0.2.jar;c:\daten\maven-repository\org\apache\cxf\cxf-rt-security\4.0.2\cxf-rt-security-4.0.2.jar;c:\daten\maven-repository\org\ehcache\ehcache\3.10.8\ehcache-3.10.8-jakarta.jar;c:\daten\maven-repository\javax\cache\cache-api\1.1.1\cache-api-1.1.1.jar;c:\daten\maven-repository\org\apache\wss4j\wss4j-ws-security-dom\3.0.0\wss4j-ws-security-dom-3.0.0.jar;c:\daten\maven-repository\org\apache\wss4j\wss4j-ws-security-common\3.0.0\wss4j-ws-security-common-3.0.0.jar;c:\daten\maven-repository\org\apache\santuario\xmlsec\3.0.2\xmlsec-3.0.2.jar;c:\daten\maven-repository\org\opensaml\opensaml-saml-impl\4.2.0\opensaml-saml-impl-4.2.0.jar;c:\daten\maven-repository\org\opensaml\opensaml-core\4.2.0\opensaml-core-4.2.0.jar;c:\daten\maven-repository\org\opensaml\opensaml-profile-api\4.2.0\opensaml-profile-api-4.2.0.jar;c:\daten\maven-repository\org\opensaml\opensaml-saml-api\4.2.0\opensaml-saml-api-4.2.0.jar;c:\daten\maven-repository\org\opensaml\opensaml-security-api\4.2.0\opensaml-security-api-4.2.0.jar;c:\daten\maven-repository\org\bouncycastle\bcprov-jdk15on\1.70\bcprov-jdk15on-1.70.jar;c:\daten\maven-repository\org\bouncycastle\bcpkix-jdk15on\1.70\bcpkix-jdk15on-1.70.jar;c:\daten\maven-repository\org\bouncycastle\bcutil-jdk15on\1.70\bcutil-jdk15on-1.70.jar;c:\daten\maven-repository\org\opensaml\opensaml-security-impl\4.2.0\opensaml-security-impl-4.2.0.jar;c:\daten\maven-repository\org\opensaml\opensaml-soap-api\4.2.0\opensaml-soap-api-4.2.0.jar;c:\daten\maven-repository\org\opensaml\opensaml-xmlsec-api\4.2.0\opensaml-xmlsec-api-4.2.0.jar;c:\daten\maven-repository\org\opensaml\opensaml-xmlsec-impl\4.2.0\opensaml-xmlsec-impl-4.2.0.jar;c:\daten\maven-repository\io\dropwizard\metrics\metrics-core\4.0.1\metrics-core-4.0.1.jar;c:\daten\maven-repository\net\shibboleth\utilities\java-support\8.3.1\java-support-8.3.1.jar;c:\daten\maven-repository\org\cryptacular\cryptacular\1.2.5\cryptacular-1.2.5.jar;c:\daten\maven-repository\org\bouncycastle\bcprov-jdk18on\1.74\bcprov-jdk18on-1.74.jar;c:\daten\maven-repository\org\opensaml\opensaml-xacml-impl\4.2.0\opensaml-xacml-impl-4.2.0.jar;c:\daten\maven-repository\org\opensaml\opensaml-xacml-api\4.2.0\opensaml-xacml-api-4.2.0.jar;c:\daten\maven-repository\org\opensaml\opensaml-xacml-saml-impl\4.2.0\opensaml-xacml-saml-impl-4.2.0.jar;c:\daten\maven-repository\org\opensaml\opensaml-xacml-saml-api\4.2.0\opensaml-xacml-saml-api-4.2.0.jar;c:\daten\maven-repository\org\jasypt\jasypt\1.9.3\jasypt-1.9.3.jar;c:\daten\maven-repository\org\apache\wss4j\wss4j-policy\3.0.0\wss4j-policy-3.0.0.jar;c:\daten\maven-repository\org\apache\neethi\neethi\3.2.0\neethi-3.2.0.jar;c:\daten\maven-repository\org\apache\wss4j\wss4j-ws-security-stax\3.0.0\wss4j-ws-security-stax-3.0.0.jar;c:\daten\maven-repository\org\apache\wss4j\wss4j-bindings\3.0.0\wss4j-bindings-3.0.0.jar;c:\daten\maven-repository\com\sun\xml\messaging\saaj\saaj-impl\2.0.1\saaj-impl-2.0.1.jar;c:\daten\maven-repository\org\jvnet\staxex\stax-ex\2.0.1\stax-ex-2.0.1.jar;c:\daten\maven-repository\org\apache\wss4j\wss4j-ws-security-policy-stax\3.0.0\wss4j-ws-security-policy-stax-3.0.0.jar;c:\daten\maven-repository\org\apache\cxf\cxf-rt-ws-mex\4.0.2\cxf-rt-ws-mex-4.0.2.jar;c:\daten\maven-repository\org\apache\cxf\cxf-rt-ws-addr\4.0.2\cxf-rt-ws-addr-4.0.2.jar;c:\daten\maven-repository\org\apache\cxf\cxf-rt-ws-policy\4.0.2\cxf-rt-ws-policy-4.0.2.jar;c:\daten\maven-repository\wsdl4j\wsdl4j\1.6.3\wsdl4j-1.6.3.jar;c:\daten\maven-repository\org\jvnet\mimepull\mimepull\1.10.0\mimepull-1.10.0.jar;c:\daten\maven-repository\io\quarkiverse\cxf\quarkus-cxf-rt-ws-rm\2.2.2\quarkus-cxf-rt-ws-rm-2.2.2.jar;c:\daten\maven-repository\org\apache\cxf\cxf-rt-ws-rm\4.0.2\cxf-rt-ws-rm-4.0.2.jar;c:\daten\maven-repository\org\apache\cxf\cxf-rt-management\4.0.2\cxf-rt-management-4.0.2.jar;c:\daten\maven-repository\org\apache\cxf\xjc-utils\cxf-xjc-runtime\4.0.0\cxf-xjc-runtime-4.0.0.jar;c:\daten\maven-repository\jakarta\annotation\jakarta.annotation-api\2.1.1\jakarta.annotation-api-2.1.1.jar;c:\daten\maven-repository\jakarta\xml\ws\jakarta.xml.ws-api\3.0.1\jakarta.xml.ws-api-3.0.1.jar;c:\daten\maven-repository\jakarta\xml\soap\jakarta.xml.soap-api\2.0.1\jakarta.xml.soap-api-2.0.1.jar;c:\daten\maven-repository\jakarta\jws\jakarta.jws-api\3.0.0\jakarta.jws-api-3.0.0.jar;c:\daten\maven-repository\jakarta\activation\jakarta.activation-api\2.1.2\jakarta.activation-api-2.1.2.jar;c:\daten\maven-repository\io\quarkus\quarkus-security\3.2.5.Final\quarkus-security-3.2.5.Final.jar;c:\daten\maven-repository\io\quarkus\quarkus-security-runtime-spi\3.2.5.Final\quarkus-security-runtime-spi-3.2.5.Final.jar;c:\daten\maven-repository\jakarta\interceptor\jakarta.interceptor-api\2.1.0\jakarta.interceptor-api-2.1.0.jar;c:\daten\maven-repository\io\quarkus\security\quarkus-security\2.0.2.Final\quarkus-security-2.0.2.Final.jar;c:\daten\maven-repository\jakarta\enterprise\jakarta.enterprise.cdi-api\4.0.1\jakarta.enterprise.cdi-api-4.0.1.jar;c:\daten\maven-repository\jakarta\enterprise\jakarta.enterprise.lang-model\4.0.1\jakarta.enterprise.lang-model-4.0.1.jar;c:\daten\maven-repository\jakarta\el\jakarta.el-api\5.0.1\jakarta.el-api-5.0.1.jar;c:\daten\maven-repository\io\quarkus\quarkus-elytron-security\3.2.5.Final\quarkus-elytron-security-3.2.5.Final.jar;c:\daten\maven-repository\io\quarkus\quarkus-elytron-security-common\3.2.5.Final\quarkus-elytron-security-common-3.2.5.Final.jar;c:\daten\maven-repository\org\wildfly\security\wildfly-elytron-credential\2.2.1.Final\wildfly-elytron-credential-2.2.1.Final.jar;c:\daten\maven-repository\org\wildfly\security\wildfly-elytron-asn1\2.2.1.Final\wildfly-elytron-asn1-2.2.1.Final.jar;c:\daten\maven-repository\org\wildfly\security\wildfly-elytron-keystore\2.2.1.Final\wildfly-elytron-keystore-2.2.1.Final.jar;c:\daten\maven-repository\org\wildfly\security\wildfly-elytron-x500-cert\2.2.1.Final\wildfly-elytron-x500-cert-2.2.1.Final.jar;c:\daten\maven-repository\org\wildfly\security\wildfly-elytron-x500-cert-util\2.2.1.Final\wildfly-elytron-x500-cert-util-2.2.1.Final.jar;c:\daten\maven-repository\org\wildfly\security\wildfly-elytron-provider-util\2.2.1.Final\wildfly-elytron-provider-util-2.2.1.Final.jar;c:\daten\maven-repository\io\quarkus\quarkus-vertx-http\3.2.5.Final\quarkus-vertx-http-3.2.5.Final.jar;c:\daten\maven-repository\io\quarkus\quarkus-credentials\3.2.5.Final\quarkus-credentials-3.2.5.Final.jar;c:\daten\maven-repository\io\quarkus\quarkus-mutiny\3.2.5.Final\quarkus-mutiny-3.2.5.Final.jar;c:\daten\maven-repository\io\quarkus\quarkus-smallrye-context-propagation\3.2.5.Final\quarkus-smallrye-context-propagation-3.2.5.Final.jar;c:\daten\maven-repository\io\smallrye\smallrye-context-propagation\2.1.0\smallrye-context-propagation-2.1.0.jar;c:\daten\maven-repository\io\smallrye\smallrye-context-propagation-api\2.1.0\smallrye-context-propagation-api-2.1.0.jar;c:\daten\maven-repository\io\smallrye\smallrye-context-propagation-storage\2.1.0\smallrye-context-propagation-storage-2.1.0.jar;c:\daten\maven-repository\io\smallrye\reactive\mutiny-smallrye-context-propagation\2.3.1\mutiny-smallrye-context-propagation-2.3.1.jar;c:\daten\maven-repository\io\smallrye\common\smallrye-common-vertx-context\2.1.0\smallrye-common-vertx-context-2.1.0.jar;c:\daten\maven-repository\io\vertx\vertx-core\4.4.4\vertx-core-4.4.4.jar;c:\daten\maven-repository\io\netty\netty-codec-http2\4.1.94.Final\netty-codec-http2-4.1.94.Final.jar;c:\daten\maven-repository\io\netty\netty-resolver-dns\4.1.94.Final\netty-resolver-dns-4.1.94.Final.jar;c:\daten\maven-repository\io\netty\netty-codec-dns\4.1.94.Final\netty-codec-dns-4.1.94.Final.jar;c:\daten\maven-repository\io\smallrye\common\smallrye-common-constraint\2.1.0\smallrye-common-constraint-2.1.0.jar;c:\daten\maven-repository\io\quarkus\quarkus-vertx-http-dev-console-runtime-spi\3.2.5.Final\quarkus-vertx-http-dev-console-runtime-spi-3.2.5.Final.jar;c:\daten\maven-repository\io\quarkus\quarkus-vertx\3.2.5.Final\quarkus-vertx-3.2.5.Final.jar;c:\daten\maven-repository\io\quarkus\quarkus-netty\3.2.5.Final\quarkus-netty-3.2.5.Final.jar;c:\daten\maven-repository\com\aayushatharva\brotli4j\brotli4j\1.12.0\brotli4j-1.12.0.jar;c:\daten\maven-repository\com\aayushatharva\brotli4j\service\1.12.0\service-1.12.0.jar;c:\daten\maven-repository\com\aayushatharva\brotli4j\native-windows-x86_64\1.12.0\native-windows-x86_64-1.12.0.jar;c:\daten\maven-repository\io\netty\netty-codec-haproxy\4.1.94.Final\netty-codec-haproxy-4.1.94.Final.jar;c:\daten\maven-repository\io\quarkus\quarkus-vertx-latebound-mdc-provider\3.2.5.Final\quarkus-vertx-latebound-mdc-provider-3.2.5.Final.jar;c:\daten\maven-repository\io\smallrye\reactive\smallrye-mutiny-vertx-core\3.5.0\smallrye-mutiny-vertx-core-3.5.0.jar;c:\daten\maven-repository\io\smallrye\reactive\smallrye-mutiny-vertx-runtime\3.5.0\smallrye-mutiny-vertx-runtime-3.5.0.jar;c:\daten\maven-repository\io\smallrye\reactive\vertx-mutiny-generator\3.5.0\vertx-mutiny-generator-3.5.0.jar;c:\daten\maven-repository\io\vertx\vertx-codegen\4.4.4\vertx-codegen-4.4.4.jar;c:\daten\maven-repository\io\smallrye\smallrye-fault-tolerance-vertx\6.2.6\smallrye-fault-tolerance-vertx-6.2.6.jar;c:\daten\maven-repository\io\smallrye\reactive\smallrye-mutiny-vertx-web\3.5.0\smallrye-mutiny-vertx-web-3.5.0.jar;c:\daten\maven-repository\io\smallrye\reactive\smallrye-mutiny-vertx-web-common\3.5.0\smallrye-mutiny-vertx-web-common-3.5.0.jar;c:\daten\maven-repository\io\smallrye\reactive\smallrye-mutiny-vertx-auth-common\3.5.0\smallrye-mutiny-vertx-auth-common-3.5.0.jar;c:\daten\maven-repository\io\smallrye\reactive\smallrye-mutiny-vertx-bridge-common\3.5.0\smallrye-mutiny-vertx-bridge-common-3.5.0.jar;c:\daten\maven-repository\io\smallrye\reactive\smallrye-mutiny-vertx-uri-template\3.5.0\smallrye-mutiny-vertx-uri-template-3.5.0.jar;c:\daten\maven-repository\io\vertx\vertx-uri-template\4.4.4\vertx-uri-template-4.4.4.jar;c:\daten\maven-repository\io\vertx\vertx-web\4.4.4\vertx-web-4.4.4.jar;c:\daten\maven-repository\io\vertx\vertx-web-common\4.4.4\vertx-web-common-4.4.4.jar;c:\daten\maven-repository\io\vertx\vertx-auth-common\4.4.4\vertx-auth-common-4.4.4.jar;c:\daten\maven-repository\io\vertx\vertx-bridge-common\4.4.4\vertx-bridge-common-4.4.4.jar;c:\daten\maven-repository\io\github\crac\org-crac\0.1.3\org-crac-0.1.3.jar;c:\daten\maven-repository\org\wildfly\security\wildfly-elytron-auth-server\2.2.1.Final\wildfly-elytron-auth-server-2.2.1.Final.jar;c:\daten\maven-repository\org\wildfly\security\wildfly-elytron-auth\2.2.1.Final\wildfly-elytron-auth-2.2.1.Final.jar;c:\daten\maven-repository\org\wildfly\security\wildfly-elytron-base\2.2.1.Final\wildfly-elytron-base-2.2.1.Final.jar;c:\daten\maven-repository\org\wildfly\security\wildfly-elytron-permission\2.2.1.Final\wildfly-elytron-permission-2.2.1.Final.jar;c:\daten\maven-repository\org\wildfly\security\wildfly-elytron-util\2.2.1.Final\wildfly-elytron-util-2.2.1.Final.jar;c:\daten\maven-repository\org\wildfly\security\wildfly-elytron-x500\2.2.1.Final\wildfly-elytron-x500-2.2.1.Final.jar;c:\daten\maven-repository\org\wildfly\security\wildfly-elytron-password-impl\2.2.1.Final\wildfly-elytron-password-impl-2.2.1.Final.jar;c:\daten\maven-repository\org\wildfly\security\wildfly-elytron-realm\2.2.1.Final\wildfly-elytron-realm-2.2.1.Final.jar;c:\daten\maven-repository\org\wildfly\security\wildfly-elytron-encryption\2.2.1.Final\wildfly-elytron-encryption-2.2.1.Final.jar;c:\daten\maven-repository\jakarta\authorization\jakarta.authorization-api\2.1.0\jakarta.authorization-api-2.1.0.jar;c:\daten\maven-repository\jakarta\authentication\jakarta.authentication-api\3.0.0\jakarta.authentication-api-3.0.0.jar;c:\daten\maven-repository\io\quarkus\quarkus-junit5\3.2.5.Final\quarkus-junit5-3.2.5.Final.jar;c:\daten\maven-repository\io\quarkus\quarkus-bootstrap-core\3.2.5.Final\quarkus-bootstrap-core-3.2.5.Final.jar;c:\daten\maven-repository\io\quarkus\quarkus-bootstrap-app-model\3.2.5.Final\quarkus-bootstrap-app-model-3.2.5.Final.jar;c:\daten\maven-repository\io\smallrye\common\smallrye-common-io\2.1.0\smallrye-common-io-2.1.0.jar;c:\daten\maven-repository\org\eclipse\sisu\org.eclipse.sisu.inject\0.3.5\org.eclipse.sisu.inject-0.3.5.jar;c:\daten\maven-repository\io\quarkus\quarkus-test-common\3.2.5.Final\quarkus-test-common-3.2.5.Final.jar;c:\daten\maven-repository\io\quarkus\quarkus-core-deployment\3.2.5.Final\quarkus-core-deployment-3.2.5.Final.jar;c:\daten\maven-repository\org\aesh\readline\2.4\readline-2.4.jar;c:\daten\maven-repository\org\fusesource\jansi\jansi\2.4.0\jansi-2.4.0.jar;c:\daten\maven-repository\org\aesh\aesh\2.7\aesh-2.7.jar;c:\daten\maven-repository\io\quarkus\gizmo\gizmo\1.6.1.Final\gizmo-1.6.1.Final.jar;c:\daten\maven-repository\org\ow2\asm\asm-util\9.5\asm-util-9.5.jar;c:\daten\maven-repository\org\ow2\asm\asm-analysis\9.5\asm-analysis-9.5.jar;c:\daten\maven-repository\org\ow2\asm\asm\9.5\asm-9.5.jar;c:\daten\maven-repository\org\ow2\asm\asm-commons\9.5\asm-commons-9.5.jar;c:\daten\maven-repository\org\ow2\asm\asm-tree\9.5\asm-tree-9.5.jar;c:\daten\maven-repository\io\quarkus\quarkus-class-change-agent\3.2.5.Final\quarkus-class-change-agent-3.2.5.Final.jar;c:\daten\maven-repository\io\quarkus\quarkus-devtools-utilities\3.2.5.Final\quarkus-devtools-utilities-3.2.5.Final.jar;c:\daten\maven-repository\io\quarkus\quarkus-builder\3.2.5.Final\quarkus-builder-3.2.5.Final.jar;c:\daten\maven-repository\org\junit\platform\junit-platform-launcher\1.9.3\junit-platform-launcher-1.9.3.jar;c:\daten\maven-repository\io\quarkus\quarkus-bootstrap-maven-resolver\3.2.5.Final\quarkus-bootstrap-maven-resolver-3.2.5.Final.jar;c:\daten\maven-repository\io\smallrye\beanbag\smallrye-beanbag-maven\1.3.2\smallrye-beanbag-maven-1.3.2.jar;c:\daten\maven-repository\io\smallrye\beanbag\smallrye-beanbag-sisu\1.3.2\smallrye-beanbag-sisu-1.3.2.jar;c:\daten\maven-repository\io\smallrye\beanbag\smallrye-beanbag\1.3.2\smallrye-beanbag-1.3.2.jar;c:\daten\maven-repository\javax\inject\javax.inject\1\javax.inject-1.jar;c:\daten\maven-repository\org\apache\maven\maven-artifact\3.9.3\maven-artifact-3.9.3.jar;c:\daten\maven-repository\org\apache\maven\maven-builder-support\3.9.3\maven-builder-support-3.9.3.jar;c:\daten\maven-repository\org\apache\maven\maven-model\3.9.3\maven-model-3.9.3.jar;c:\daten\maven-repository\org\apache\maven\maven-model-builder\3.9.3\maven-model-builder-3.9.3.jar;c:\daten\maven-repository\org\apache\maven\maven-repository-metadata\3.9.3\maven-repository-metadata-3.9.3.jar;c:\daten\maven-repository\org\apache\maven\maven-settings\3.9.3\maven-settings-3.9.3.jar;c:\daten\maven-repository\org\apache\maven\resolver\maven-resolver-api\1.9.13\maven-resolver-api-1.9.13.jar;c:\daten\maven-repository\org\apache\maven\resolver\maven-resolver-impl\1.9.13\maven-resolver-impl-1.9.13.jar;c:\daten\maven-repository\org\apache\maven\resolver\maven-resolver-named-locks\1.9.13\maven-resolver-named-locks-1.9.13.jar;c:\daten\maven-repository\org\apache\maven\resolver\maven-resolver-spi\1.9.13\maven-resolver-spi-1.9.13.jar;c:\daten\maven-repository\org\apache\maven\resolver\maven-resolver-util\1.9.13\maven-resolver-util-1.9.13.jar;c:\daten\maven-repository\org\apache\maven\resolver\maven-resolver-transport-http\1.9.10\maven-resolver-transport-http-1.9.10.jar;c:\daten\maven-repository\org\apache\maven\wagon\wagon-provider-api\3.5.3\wagon-provider-api-3.5.3.jar;c:\daten\maven-repository\org\apache\maven\wagon\wagon-http-shared\3.5.3\wagon-http-shared-3.5.3.jar;c:\daten\maven-repository\org\codehaus\plexus\plexus-interpolation\1.26\plexus-interpolation-1.26.jar;c:\daten\maven-repository\org\codehaus\plexus\plexus-utils\3.5.1\plexus-utils-3.5.1.jar;c:\daten\maven-repository\org\codehaus\plexus\plexus-xml\4.0.0\plexus-xml-4.0.0.jar;c:\daten\maven-repository\org\apache\maven\maven-xml-impl\4.0.0-alpha-5\maven-xml-impl-4.0.0-alpha-5.jar;c:\daten\maven-repository\org\apache\maven\maven-api-xml\4.0.0-alpha-5\maven-api-xml-4.0.0-alpha-5.jar;c:\daten\maven-repository\org\apache\maven\maven-api-meta\4.0.0-alpha-5\maven-api-meta-4.0.0-alpha-5.jar;c:\daten\maven-repository\org\codehaus\plexus\plexus-cipher\2.0\plexus-cipher-2.0.jar;c:\daten\maven-repository\org\codehaus\plexus\plexus-sec-dispatcher\2.0\plexus-sec-dispatcher-2.0.jar;c:\daten\maven-repository\org\apache\maven\maven-embedder\3.9.3\maven-embedder-3.9.3.jar;c:\daten\maven-repository\org\apache\maven\maven-core\3.9.3\maven-core-3.9.3.jar;c:\daten\maven-repository\org\codehaus\plexus\plexus-component-annotations\2.1.0\plexus-component-annotations-2.1.0.jar;c:\daten\maven-repository\org\apache\maven\maven-plugin-api\3.9.3\maven-plugin-api-3.9.3.jar;c:\daten\maven-repository\org\apache\maven\shared\maven-shared-utils\3.3.4\maven-shared-utils-3.3.4.jar;c:\daten\maven-repository\com\google\inject\guice\5.1.0\guice-5.1.0.jar;c:\daten\maven-repository\aopalliance\aopalliance\1.0\aopalliance-1.0.jar;c:\daten\maven-repository\javax\annotation\javax.annotation-api\1.3.2\javax.annotation-api-1.3.2.jar;c:\daten\maven-repository\org\codehaus\plexus\plexus-classworlds\2.6.0\plexus-classworlds-2.6.0.jar;c:\daten\maven-repository\commons-cli\commons-cli\1.4\commons-cli-1.4.jar;c:\daten\maven-repository\org\eclipse\sisu\org.eclipse.sisu.plexus\0.3.5\org.eclipse.sisu.plexus-0.3.5.jar;c:\daten\maven-repository\org\apache\maven\maven-settings-builder\3.9.3\maven-settings-builder-3.9.3.jar;c:\daten\maven-repository\org\apache\maven\maven-resolver-provider\3.9.3\maven-resolver-provider-3.9.3.jar;c:\daten\maven-repository\org\apache\maven\resolver\maven-resolver-connector-basic\1.9.13\maven-resolver-connector-basic-1.9.13.jar;c:\daten\maven-repository\org\apache\maven\resolver\maven-resolver-transport-wagon\1.9.13\maven-resolver-transport-wagon-1.9.13.jar;c:\daten\maven-repository\org\apache\maven\wagon\wagon-http\3.5.3\wagon-http-3.5.3.jar;c:\daten\maven-repository\org\apache\maven\wagon\wagon-file\3.5.3\wagon-file-3.5.3.jar;c:\daten\maven-repository\io\quarkus\quarkus-bootstrap-gradle-resolver\3.2.5.Final\quarkus-bootstrap-gradle-resolver-3.2.5.Final.jar;c:\daten\maven-repository\io\smallrye\jandex\3.1.2\jandex-3.1.2.jar;c:\daten\maven-repository\commons-io\commons-io\2.13.0\commons-io-2.13.0.jar;c:\daten\maven-repository\org\jboss\logging\commons-logging-jboss-logging\1.0.0.Final\commons-logging-jboss-logging-1.0.0.Final.jar;c:\daten\maven-repository\io\quarkus\quarkus-junit5-properties\3.2.5.Final\quarkus-junit5-properties-3.2.5.Final.jar;c:\daten\maven-repository\org\junit\jupiter\junit-jupiter\5.9.3\junit-jupiter-5.9.3.jar;c:\daten\maven-repository\org\junit\jupiter\junit-jupiter-api\5.9.3\junit-jupiter-api-5.9.3.jar;c:\daten\maven-repository\org\opentest4j\opentest4j\1.2.0\opentest4j-1.2.0.jar;c:\daten\maven-repository\org\junit\platform\junit-platform-commons\1.9.3\junit-platform-commons-1.9.3.jar;c:\daten\maven-repository\org\apiguardian\apiguardian-api\1.1.2\apiguardian-api-1.1.2.jar;c:\daten\maven-repository\org\junit\jupiter\junit-jupiter-params\5.9.3\junit-jupiter-params-5.9.3.jar;c:\daten\maven-repository\org\junit\jupiter\junit-jupiter-engine\5.9.3\junit-jupiter-engine-5.9.3.jar;c:\daten\maven-repository\org\junit\platform\junit-platform-engine\1.9.3\junit-platform-engine-1.9.3.jar;c:\daten\maven-repository\com\thoughtworks\xstream\xstream\1.4.20\xstream-1.4.20.jar;c:\daten\maven-repository\io\github\x-stream\mxparser\1.2.2\mxparser-1.2.2.jar;c:\daten\maven-repository\xmlpull\xmlpull\1.1.3.1\xmlpull-1.1.3.1.jar;c:\daten\maven-repository\org\apache\camel\quarkus\camel-quarkus-junit5\3.0.0-RC2\camel-quarkus-junit5-3.0.0-RC2.jar;c:\daten\maven-repository\org\apache\camel\camel-test-junit5\4.0.0-RC2\camel-test-junit5-4.0.0-RC2.jar;c:\daten\maven-repository\org\apache\camel\camel-browse\4.0.0-RC2\camel-browse-4.0.0-RC2.jar;c:\daten\maven-repository\org\apache\camel\camel-controlbus\4.0.0-RC2\camel-controlbus-4.0.0-RC2.jar;c:\daten\maven-repository\org\apache\camel\camel-dataformat\4.0.0-RC2\camel-dataformat-4.0.0-RC2.jar;c:\daten\maven-repository\org\apache\camel\camel-dataset\4.0.0-RC2\camel-dataset-4.0.0-RC2.jar;c:\daten\maven-repository\org\apache\camel\camel-language\4.0.0-RC2\camel-language-4.0.0-RC2.jar;c:\daten\maven-repository\org\apache\camel\camel-ref\4.0.0-RC2\camel-ref-4.0.0-RC2.jar;c:\daten\maven-repository\org\apache\camel\camel-saga\4.0.0-RC2\camel-saga-4.0.0-RC2.jar;c:\daten\maven-repository\org\apache\camel\camel-scheduler\4.0.0-RC2\camel-scheduler-4.0.0-RC2.jar;c:\daten\maven-repository\org\apache\camel\camel-seda\4.0.0-RC2\camel-seda-4.0.0-RC2.jar;c:\daten\maven-repository\org\apache\camel\camel-stub\4.0.0-RC2\camel-stub-4.0.0-RC2.jar;c:\daten\maven-repository\org\apache\camel\camel-timer\4.0.0-RC2\camel-timer-4.0.0-RC2.jar;c:\daten\maven-repository\org\apache\camel\camel-validator\4.0.0-RC2\camel-validator-4.0.0-RC2.jar;c:\daten\maven-repository\org\apache\camel\camel-xslt\4.0.0-RC2\camel-xslt-4.0.0-RC2.jar;c:\daten\maven-repository\io\rest-assured\rest-assured\5.3.0\rest-assured-5.3.0.jar;c:\daten\maven-repository\org\apache\groovy\groovy\4.0.13\groovy-4.0.13.jar;c:\daten\maven-repository\org\apache\groovy\groovy-xml\4.0.6\groovy-xml-4.0.6.jar;c:\daten\maven-repository\org\apache\httpcomponents\httpclient\4.5.14\httpclient-4.5.14.jar;c:\daten\maven-repository\org\apache\httpcomponents\httpcore\4.4.16\httpcore-4.4.16.jar;c:\daten\maven-repository\commons-codec\commons-codec\1.16.0\commons-codec-1.16.0.jar;c:\daten\maven-repository\org\apache\httpcomponents\httpmime\4.5.14\httpmime-4.5.14.jar;c:\daten\maven-repository\org\hamcrest\hamcrest\2.1\hamcrest-2.1.jar;c:\daten\maven-repository\org\ccil\cowan\tagsoup\tagsoup\1.2.1\tagsoup-1.2.1.jar;c:\daten\maven-repository\io\rest-assured\json-path\5.3.0\json-path-5.3.0.jar;c:\daten\maven-repository\org\apache\groovy\groovy-json\4.0.6\groovy-json-4.0.6.jar;c:\daten\maven-repository\io\rest-assured\rest-assured-common\5.3.0\rest-assured-common-5.3.0.jar;c:\daten\maven-repository\io\rest-assured\xml-path\5.3.0\xml-path-5.3.0.jar;c:\daten\maven-repository\org\apache\commons\commons-lang3\3.12.0\commons-lang3-3.12.0.jar;c:\daten\maven-repository\io\quarkiverse\artemis\quarkus-test-artemis\3.0.1\quarkus-test-artemis-3.0.1.jar;c:\daten\maven-repository\io\quarkus\quarkus-jsonp\3.2.5.Final\quarkus-jsonp-3.2.5.Final.jar;c:\daten\maven-repository\org\eclipse\parsson\parsson\1.1.2\parsson-1.1.2.jar;c:\daten\maven-repository\jakarta\json\jakarta.json-api\2.1.2\jakarta.json-api-2.1.2.jar;c:\daten\maven-repository\org\apache\activemq\artemis-server\2.28.0\artemis-server-2.28.0.jar;c:\daten\maven-repository\com\google\guava\guava\32.0.0-jre\guava-32.0.0-jre.jar;c:\daten\maven-repository\com\google\guava\failureaccess\1.0.1\failureaccess-1.0.1.jar;c:\daten\maven-repository\org\apache\activemq\artemis-commons\2.28.0\artemis-commons-2.28.0.jar;c:\daten\maven-repository\org\apache\activemq\artemis-selector\2.28.0\artemis-selector-2.28.0.jar;c:\daten\maven-repository\org\apache\activemq\artemis-journal\2.28.0\artemis-journal-2.28.0.jar;c:\daten\maven-repository\org\apache\activemq\artemis-jdbc-store\2.28.0\artemis-jdbc-store-2.28.0.jar;c:\daten\maven-repository\org\apache\commons\commons-dbcp2\2.7.0\commons-dbcp2-2.7.0.jar;c:\daten\maven-repository\org\apache\commons\commons-pool2\2.7.0\commons-pool2-2.7.0.jar;c:\daten\maven-repository\org\apache\activemq\artemis-core-client\2.28.0\artemis-core-client-2.28.0.jar;c:\daten\maven-repository\org\jgroups\jgroups\5.2.0.Final\jgroups-5.2.0.Final.jar;c:\daten\maven-repository\io\netty\netty-handler-proxy\4.1.94.Final\netty-handler-proxy-4.1.94.Final.jar;c:\daten\maven-repository\io\netty\netty-codec-socks\4.1.94.Final\netty-codec-socks-4.1.94.Final.jar;c:\daten\maven-repository\org\apache\activemq\artemis-quorum-api\2.28.0\artemis-quorum-api-2.28.0.jar;c:\daten\maven-repository\org\apache\activemq\activemq-artemis-native\2.0.0\activemq-artemis-native-2.0.0.jar;c:\daten\maven-repository\org\jctools\jctools-core\2.1.2\jctools-core-2.1.2.jar;c:\daten\maven-repository\io\netty\netty-buffer\4.1.94.Final\netty-buffer-4.1.94.Final.jar;c:\daten\maven-repository\io\netty\netty-transport\4.1.94.Final\netty-transport-4.1.94.Final.jar;c:\daten\maven-repository\io\netty\netty-resolver\4.1.94.Final\netty-resolver-4.1.94.Final.jar;c:\daten\maven-repository\io\netty\netty-codec-http\4.1.94.Final\netty-codec-http-4.1.94.Final.jar;c:\daten\maven-repository\io\netty\netty-common\4.1.94.Final\netty-common-4.1.94.Final.jar;c:\daten\maven-repository\io\netty\netty-handler\4.1.94.Final\netty-handler-4.1.94.Final.jar;c:\daten\maven-repository\io\netty\netty-transport-native-unix-common\4.1.94.Final\netty-transport-native-unix-common-4.1.94.Final.jar;c:\daten\maven-repository\io\netty\netty-transport-native-epoll\4.1.94.Final\netty-transport-native-epoll-4.1.94.Final-linux-x86_64.jar;c:\daten\maven-repository\io\netty\netty-transport-classes-epoll\4.1.94.Final\netty-transport-classes-epoll-4.1.94.Final.jar;c:\daten\maven-repository\io\netty\netty-transport-native-kqueue\4.1.94.Final\netty-transport-native-kqueue-4.1.94.Final-osx-x86_64.jar;c:\daten\maven-repository\io\netty\netty-transport-classes-kqueue\4.1.94.Final\netty-transport-classes-kqueue-4.1.94.Final.jar;c:\daten\maven-repository\io\netty\netty-codec\4.1.94.Final\netty-codec-4.1.94.Final.jar;c:\daten\maven-repository\commons-beanutils\commons-beanutils\1.9.4\commons-beanutils-1.9.4.jar;c:\daten\maven-repository\commons-collections\commons-collections\3.2.2\commons-collections-3.2.2.jar;c:\daten\maven-repository\org\apache\commons\commons-configuration2\2.8.0\commons-configuration2-2.8.0.jar;c:\daten\maven-repository\org\apache\commons\commons-text\1.10.0\commons-text-1.10.0.jar;c:\daten\maven-repository\org\apache\activemq\artemis-amqp-protocol\2.28.0\artemis-amqp-protocol-2.28.0.jar;c:\daten\maven-repository\org\apache\qpid\proton-j\0.34.1\proton-j-0.34.1.jar;c:\daten\maven-repository\org\assertj\assertj-core\3.24.2\assertj-core-3.24.2.jar;c:\daten\maven-repository\net\bytebuddy\byte-buddy\1.12.18\byte-buddy-1.12.18.jar;"/>
    <property name="sun.cpu.endian" value="little"/>
    <property name="vertx.disableWebsockets" value="true"/>
    <property name="user.home" value="C:\Users\a000478"/>
    <property name="user.language" value="de"/>
    <property name="jboss.log-version" value="false"/>
    <property name="java.specification.vendor" value="Oracle Corporation"/>
    <property name="io.netty.allocator.maxOrder" value="3"/>
    <property name="java.version.date" value="2023-07-18"/>
    <property name="java.home" value="C:\Program Files\OpenJDK\17"/>
    <property name="file.separator" value="\"/>
    <property name="basedir" value="C:\Daten\git_github_jochenr\my-camel-quarkus-projects\camel-quarkus-cxf-soap-wsrm\quarkus-root"/>
    <property name="java.vm.compressedOopsMode" value="Zero based"/>
    <property name="line.separator" value="&#10;"/>
    <property name="java.vm.specification.vendor" value="Oracle Corporation"/>
    <property name="java.specification.name" value="Java Platform API Specification"/>
    <property name="org.apache.xml.dtm.DTMManager" value="org.apache.xml.dtm.ref.DTMManagerDefault"/>
    <property name="surefire.real.class.path" value="C:\Users\a000478\AppData\Local\Temp\surefire9317311668895781986\surefirebooter-20230922081253972_3.jar"/>
    <property name="org.apache.xml.security.ignoreLineBreaks" value="true"/>
    <property name="user.script" value=""/>
    <property name="org.ehcache.sizeof.AgentSizeOf.bypass" value="true"/>
    <property name="sun.management.compiler" value="HotSpot 64-Bit Tiered Compilers"/>
    <property name="java.runtime.version" value="17.0.8+7-LTS"/>
    <property name="user.name" value="a000478"/>
    <property name="path.separator" value=";"/>
    <property name="os.version" value="10.0"/>
    <property name="java.runtime.name" value="OpenJDK Runtime Environment"/>
    <property name="file.encoding" value="Cp1252"/>
    <property name="java.vm.name" value="OpenJDK 64-Bit Server VM"/>
    <property name="java.vendor.version" value="(Red_Hat-17.0.8.0+7-1)"/>
    <property name="localRepository" value="c:\daten\maven-repository"/>
    <property name="java.vendor.url.bug" value="https://bugzilla.redhat.com/enter_bug.cgi"/>
    <property name="java.io.tmpdir" value="C:\Users\a000478\AppData\Local\Temp\"/>
    <property name="quarkus.log.file.path" value="target\quarkus.log"/>
    <property name="java.version" value="17.0.8"/>
    <property name="java.util.concurrent.ForkJoinPool.common.threadFactory" value="io.quarkus.bootstrap.forkjoin.QuarkusForkJoinWorkerThreadFactory"/>
    <property name="user.dir" value="C:\Daten\git_github_jochenr\my-camel-quarkus-projects\camel-quarkus-cxf-soap-wsrm\quarkus-root"/>
    <property name="os.arch" value="amd64"/>
    <property name="java.vm.specification.name" value="Java Virtual Machine Specification"/>
    <property name="vertx.disableDnsResolver" value="true"/>
    <property name="sun.os.patch.level" value=""/>
    <property name="native.encoding" value="Cp1252"/>
    <property name="java.util.logging.manager" value="org.jboss.logmanager.LogManager"/>
    <property name="java.library.path" value="C:\Program Files\OpenJDK\17\bin;C:\WINDOWS\Sun\Java\bin;C:\WINDOWS\system32;C:\WINDOWS;C:\LPROG\Ldev\ConEmu\ConEmu\Scripts;C:\LPROG\Ldev\ConEmu;C:\LPROG\Ldev\ConEmu\ConEmu;C:\Program Files\OpenJDK\17\bin;C:\LPROG\Ldev\mandrel-java17-22.3.0.1-Final\bin;C:\LPROG\Ldev\apache-maven\bin;C:\Program Files\CodeReady Containers;C:\Program Files\oracle_instant_client\19.12\bin;C:\Program Files\oracle_instant_client\19.12;C:\Program Files (x86)\oracle_instant_client\19.12\bin;C:\Program Files (x86)\oracle_instant_client\19.12;C:\LPROG\Ldev\nodejs;C:\PROGRA~2\Oracle\INSTAN~1\1210~1.2\bin;C:\Windows\System32;C:\Windows;C:\Windows\System32\wbem;C:\Windows\System32\WindowsPowerShell\v1.0\;C:\Windows\System32\OpenSSH\;C:\Program Files\PuTTY\;C:\LPROG\Ldev\Graphviz_2.44.1\bin;C:\Program Files\dotnet\;C:\Program Files (x86)\Plantronics\Spokes3G SDK\;C:\Program Files (x86)\Common Files\Siemens\System;C:\Program Files (x86)\Webex\Plugins;C:\Program Files (x86)\dotnet\;C:\Program Files\Git\cmd;C:\Program Files\TortoiseGit\bin;C:\Users\a000478\AppData\Local\Microsoft\WindowsApps;C:\LPROG\Ldev\Microsoft VS Code\bin;."/>
    <property name="java.vm.info" value="mixed mode, sharing"/>
    <property name="java.vendor" value="Red Hat, Inc."/>
    <property name="vertx.disableTCCL" value="true"/>
    <property name="java.vm.version" value="17.0.8+7-LTS"/>
    <property name="sun.io.unicode.encoding" value="UnicodeLittle"/>
    <property name="io.netty.machineId" value="85:a5:e6:bf:8c:57:04:da"/>
    <property name="java.class.version" value="61.0"/>
  </properties>
  <testcase name="wsdlAvailableTest" classname="de.jochenr.integration.contact.ContactTest" time="2.464">
    <system-out><![CDATA[&amp#27;[38;5;145m2023-09-22 08:12:58,441&amp#27;[39m&amp#27;[38;5;188m &amp#27;[39m&amp#27;[38;5;137mWARN &amp#27;[39m&amp#27;[38;5;188m [&amp#27;[39m&amp#27;[38;5;69mio.qua.boo.res.mav.BootstrapMavenContext&amp#27;[39m&amp#27;[38;5;188m] (&amp#27;[39m&amp#27;[38;5;71mmain&amp#27;[39m&amp#27;[38;5;188m) &amp#27;[39m&amp#27;[38;5;151mSettings for server all.external.mirror uses legacy format&amp#27;[39m&amp#27;[38;5;203m&amp#27;[39m&amp#27;[38;5;227m
&amp#27;[39m&amp#27;[38;5;145m2023-09-22 08:12:58,446&amp#27;[39m&amp#27;[38;5;188m &amp#27;[39m&amp#27;[38;5;137mWARN &amp#27;[39m&amp#27;[38;5;188m [&amp#27;[39m&amp#27;[38;5;69mio.qua.boo.res.mav.BootstrapMavenContext&amp#27;[39m&amp#27;[38;5;188m] (&amp#27;[39m&amp#27;[38;5;71mmain&amp#27;[39m&amp#27;[38;5;188m) &amp#27;[39m&amp#27;[38;5;151mSettings for server all.external.mirror uses legacy format&amp#27;[39m&amp#27;[38;5;203m&amp#27;[39m&amp#27;[38;5;227m
&amp#27;[39m&amp#27;[38;5;145m2023-09-22 08:13:22,982&amp#27;[39m&amp#27;[38;5;188m &amp#27;[39m&amp#27;[38;5;107mINFO &amp#27;[39m&amp#27;[38;5;188m [&amp#27;[39m&amp#27;[38;5;69mio.qua.cxf.dep.QuarkusCxfProcessor&amp#27;[39m&amp#27;[38;5;188m] (&amp#27;[39m&amp#27;[38;5;71mbuild-58&amp#27;[39m&amp#27;[38;5;188m) &amp#27;[39m&amp#27;[38;5;151m&amp#27;[39mGenerating ancillary classes for service &amp#27;[38;5;188morg.apache.cxf.ws.mex.MetadataExchange&amp#27;[39m&amp#27;[39m&amp#27;[38;5;203m&amp#27;[39m&amp#27;[38;5;227m
&amp#27;[39m&amp#27;[38;5;145m2023-09-22 08:13:24,046&amp#27;[39m&amp#27;[38;5;188m &amp#27;[39m&amp#27;[38;5;107mINFO &amp#27;[39m&amp#27;[38;5;188m [&amp#27;[39m&amp#27;[38;5;69mio.qua.cxf.dep.QuarkusCxfProcessor&amp#27;[39m&amp#27;[38;5;188m] (&amp#27;[39m&amp#27;[38;5;71mbuild-58&amp#27;[39m&amp#27;[38;5;188m) &amp#27;[39m&amp#27;[38;5;151m&amp#27;[39mGenerated class &amp#27;[38;5;188morg.apache.cxf.bindings.xformat.XMLBindingMessageFormatExtensibility&amp#27;[39m&amp#27;[39m&amp#27;[38;5;203m&amp#27;[39m&amp#27;[38;5;227m
&amp#27;[39m&amp#27;[38;5;145m2023-09-22 08:13:24,055&amp#27;[39m&amp#27;[38;5;188m &amp#27;[39m&amp#27;[38;5;107mINFO &amp#27;[39m&amp#27;[38;5;188m [&amp#27;[39m&amp#27;[38;5;69mio.qua.cxf.dep.QuarkusCxfProcessor&amp#27;[39m&amp#27;[38;5;188m] (&amp#27;[39m&amp#27;[38;5;71mbuild-58&amp#27;[39m&amp#27;[38;5;188m) &amp#27;[39m&amp#27;[38;5;151m&amp#27;[39mGenerated class &amp#27;[38;5;188morg.apache.cxf.bindings.xformat.XMLFormatBindingExtensibility&amp#27;[39m&amp#27;[39m&amp#27;[38;5;203m&amp#27;[39m&amp#27;[38;5;227m
&amp#27;[39m&amp#27;[38;5;145m2023-09-22 08:13:24,065&amp#27;[39m&amp#27;[38;5;188m &amp#27;[39m&amp#27;[38;5;107mINFO &amp#27;[39m&amp#27;[38;5;188m [&amp#27;[39m&amp#27;[38;5;69mio.qua.cxf.dep.QuarkusCxfProcessor&amp#27;[39m&amp#27;[38;5;188m] (&amp#27;[39m&amp#27;[38;5;71mbuild-58&amp#27;[39m&amp#27;[38;5;188m) &amp#27;[39m&amp#27;[38;5;151m&amp#27;[39mGenerated class &amp#27;[38;5;188morg.apache.cxf.transports.http.configuration.HTTPClientPolicyExtensibility&amp#27;[39m&amp#27;[39m&amp#27;[38;5;203m&amp#27;[39m&amp#27;[38;5;227m
&amp#27;[39m&amp#27;[38;5;145m2023-09-22 08:13:24,072&amp#27;[39m&amp#27;[38;5;188m &amp#27;[39m&amp#27;[38;5;107mINFO &amp#27;[39m&amp#27;[38;5;188m [&amp#27;[39m&amp#27;[38;5;69mio.qua.cxf.dep.QuarkusCxfProcessor&amp#27;[39m&amp#27;[38;5;188m] (&amp#27;[39m&amp#27;[38;5;71mbuild-58&amp#27;[39m&amp#27;[38;5;188m) &amp#27;[39m&amp#27;[38;5;151m&amp#27;[39mGenerated class &amp#27;[38;5;188morg.apache.cxf.transports.http.configuration.HTTPServerPolicyExtensibility&amp#27;[39m&amp#27;[39m&amp#27;[38;5;203m&amp#27;[39m&amp#27;[38;5;227m
&amp#27;[39m&amp#27;[38;5;145m2023-09-22 08:13:24,079&amp#27;[39m&amp#27;[38;5;188m &amp#27;[39m&amp#27;[38;5;107mINFO &amp#27;[39m&amp#27;[38;5;188m [&amp#27;[39m&amp#27;[38;5;69mio.qua.cxf.dep.QuarkusCxfProcessor&amp#27;[39m&amp#27;[38;5;188m] (&amp#27;[39m&amp#27;[38;5;71mbuild-58&amp#27;[39m&amp#27;[38;5;188m) &amp#27;[39m&amp#27;[38;5;151m&amp#27;[39mGenerated class &amp#27;[38;5;188morg.apache.cxf.wsdl.http.AddressTypeExtensibility&amp#27;[39m&amp#27;[39m&amp#27;[38;5;203m&amp#27;[39m&amp#27;[38;5;227m
&amp#27;[39m&amp#27;[38;5;145m2023-09-22 08:13:24,087&amp#27;[39m&amp#27;[38;5;188m &amp#27;[39m&amp#27;[38;5;107mINFO &amp#27;[39m&amp#27;[38;5;188m [&amp#27;[39m&amp#27;[38;5;69mio.qua.cxf.dep.QuarkusCxfProcessor&amp#27;[39m&amp#27;[38;5;188m] (&amp#27;[39m&amp#27;[38;5;71mbuild-58&amp#27;[39m&amp#27;[38;5;188m) &amp#27;[39m&amp#27;[38;5;151m&amp#27;[39mGenerated class &amp#27;[38;5;188morg.apache.cxf.ws.addressing.wsdl.UsingAddressingExtensibility&amp#27;[39m&amp#27;[39m&amp#27;[38;5;203m&amp#27;[39m&amp#27;[38;5;227m
&amp#27;[39m&amp#27;[38;5;145m2023-09-22 08:13:24,253&amp#27;[39m&amp#27;[38;5;188m &amp#27;[39m&amp#27;[38;5;107mINFO &amp#27;[39m&amp#27;[38;5;188m [&amp#27;[39m&amp#27;[38;5;69morg.apa.cxf.end.ServerImpl&amp#27;[39m&amp#27;[38;5;188m] (&amp#27;[39m&amp#27;[38;5;71mbuild-58&amp#27;[39m&amp#27;[38;5;188m) &amp#27;[39m&amp#27;[38;5;151mSetting the server's publish address to be /QuarkusCxfProcessor/dummy--8002515033262750176&amp#27;[39m&amp#27;[38;5;203m&amp#27;[39m&amp#27;[38;5;227m
&amp#27;[39m&amp#27;[38;5;145m2023-09-22 08:13:24,305&amp#27;[39m&amp#27;[38;5;188m &amp#27;[39m&amp#27;[38;5;107mINFO &amp#27;[39m&amp#27;[38;5;188m [&amp#27;[39m&amp#27;[38;5;69mio.qua.cxf.dep.QuarkusCxfProcessor&amp#27;[39m&amp#27;[38;5;188m] (&amp#27;[39m&amp#27;[38;5;71mbuild-58&amp#27;[39m&amp#27;[38;5;188m) &amp#27;[39m&amp#27;[38;5;151m&amp#27;[39mGenerating ancillary classes for service &amp#27;[38;5;188morg.apache.camel.component.cxf.jaxws.DefaultSEI&amp#27;[39m&amp#27;[39m&amp#27;[38;5;203m&amp#27;[39m&amp#27;[38;5;227m
&amp#27;[39m&amp#27;[38;5;145m2023-09-22 08:13:24,319&amp#27;[39m&amp#27;[38;5;188m &amp#27;[39m&amp#27;[38;5;107mINFO &amp#27;[39m&amp#27;[38;5;188m [&amp#27;[39m&amp#27;[38;5;69morg.apa.cxf.end.ServerImpl&amp#27;[39m&amp#27;[38;5;188m] (&amp#27;[39m&amp#27;[38;5;71mbuild-58&amp#27;[39m&amp#27;[38;5;188m) &amp#27;[39m&amp#27;[38;5;151mSetting the server's publish address to be /QuarkusCxfProcessor/dummy--7330251815582496657&amp#27;[39m&amp#27;[38;5;203m&amp#27;[39m&amp#27;[38;5;227m
&amp#27;[39m&amp#27;[38;5;145m2023-09-22 08:13:24,320&amp#27;[39m&amp#27;[38;5;188m &amp#27;[39m&amp#27;[38;5;107mINFO &amp#27;[39m&amp#27;[38;5;188m [&amp#27;[39m&amp#27;[38;5;69mio.qua.cxf.dep.QuarkusCxfProcessor&amp#27;[39m&amp#27;[38;5;188m] (&amp#27;[39m&amp#27;[38;5;71mbuild-58&amp#27;[39m&amp#27;[38;5;188m) &amp#27;[39m&amp#27;[38;5;151m&amp#27;[39mGenerating ancillary classes for service &amp#27;[38;5;188mcamel_quarkus.jochenr.de.cxf_soap.contactservice.ContactWS&amp#27;[39m&amp#27;[39m&amp#27;[38;5;203m&amp#27;[39m&amp#27;[38;5;227m
&amp#27;[39m&amp#27;[38;5;145m2023-09-22 08:13:24,367&amp#27;[39m&amp#27;[38;5;188m &amp#27;[39m&amp#27;[38;5;107mINFO &amp#27;[39m&amp#27;[38;5;188m [&amp#27;[39m&amp#27;[38;5;69morg.apa.cxf.end.ServerImpl&amp#27;[39m&amp#27;[38;5;188m] (&amp#27;[39m&amp#27;[38;5;71mbuild-58&amp#27;[39m&amp#27;[38;5;188m) &amp#27;[39m&amp#27;[38;5;151mSetting the server's publish address to be /QuarkusCxfProcessor/dummy--3337362454009852549&amp#27;[39m&amp#27;[38;5;203m&amp#27;[39m&amp#27;[38;5;227m
&amp#27;[39m&amp#27;[38;5;145m2023-09-22 08:13:24,368&amp#27;[39m&amp#27;[38;5;188m &amp#27;[39m&amp#27;[38;5;107mINFO &amp#27;[39m&amp#27;[38;5;188m [&amp#27;[39m&amp#27;[38;5;69mio.qua.cxf.dep.QuarkusCxfProcessor&amp#27;[39m&amp#27;[38;5;188m] (&amp#27;[39m&amp#27;[38;5;71mbuild-58&amp#27;[39m&amp#27;[38;5;188m) &amp#27;[39m&amp#27;[38;5;151m&amp#27;[39mGenerating ancillary classes for service &amp#27;[38;5;188morg.apache.camel.component.cxf.jaxws.DefaultPayloadProviderSEI&amp#27;[39m&amp#27;[39m&amp#27;[38;5;203m&amp#27;[39m&amp#27;[38;5;227m
&amp#27;[39m&amp#27;[38;5;145m2023-09-22 08:13:24,384&amp#27;[39m&amp#27;[38;5;188m &amp#27;[39m&amp#27;[38;5;107mINFO &amp#27;[39m&amp#27;[38;5;188m [&amp#27;[39m&amp#27;[38;5;69morg.apa.cxf.end.ServerImpl&amp#27;[39m&amp#27;[38;5;188m] (&amp#27;[39m&amp#27;[38;5;71mbuild-58&amp#27;[39m&amp#27;[38;5;188m) &amp#27;[39m&amp#27;[38;5;151mSetting the server's publish address to be /QuarkusCxfProcessor/dummy--4385044911260059222&amp#27;[39m&amp#27;[38;5;203m&amp#27;[39m&amp#27;[38;5;227m
&amp#27;[39m&amp#27;[38;5;145m2023-09-22 08:13:24,387&amp#27;[39m&amp#27;[38;5;188m &amp#27;[39m&amp#27;[38;5;107mINFO &amp#27;[39m&amp#27;[38;5;188m [&amp#27;[39m&amp#27;[38;5;69mio.qua.cxf.dep.Java2WsdlProcessor&amp#27;[39m&amp#27;[38;5;188m] (&amp#27;[39m&amp#27;[38;5;71mbuild-49&amp#27;[39m&amp#27;[38;5;188m) &amp#27;[39m&amp#27;[38;5;151mSkipping class io.quarkiverse.cxf.deployment.Java2WsdlProcessor invocation on user's request&amp#27;[39m&amp#27;[38;5;203m&amp#27;[39m&amp#27;[38;5;227m
&amp#27;[39m&amp#27;[38;5;145m2023-09-22 08:13:25,334&amp#27;[39m&amp#27;[38;5;188m &amp#27;[39m&amp#27;[38;5;107mINFO &amp#27;[39m&amp#27;[38;5;188m [&amp#27;[39m&amp#27;[38;5;69mio.qua.cxf.dep.CxfEndpointImplementationProcessor&amp#27;[39m&amp#27;[38;5;188m] (&amp#27;[39m&amp#27;[38;5;71mbuild-42&amp#27;[39m&amp#27;[38;5;188m) &amp#27;[39m&amp#27;[38;5;151m&amp#27;[39mMapping a Vert.x handler for CXF to &amp#27;[38;5;188m/cxfservices/*&amp#27;[39m as requested by &amp#27;[38;5;188m[camel-cxf-soap]&amp#27;[39m&amp#27;[39m&amp#27;[38;5;203m&amp#27;[39m&amp#27;[38;5;227m
&amp#27;[39m&amp#27;[38;5;145m2023-09-22 08:13:27,780&amp#27;[39m&amp#27;[38;5;188m &amp#27;[39m&amp#27;[38;5;107mINFO &amp#27;[39m&amp#27;[38;5;188m [&amp#27;[39m&amp#27;[38;5;69morg.apa.cam.qua.cor.CamelBootstrapRecorder&amp#27;[39m&amp#27;[38;5;188m] (&amp#27;[39m&amp#27;[38;5;71mmain&amp#27;[39m&amp#27;[38;5;188m) &amp#27;[39m&amp#27;[38;5;151m&amp#27;[39mBootstrap runtime: &amp#27;[38;5;188morg.apache.camel.quarkus.main.CamelMainRuntime&amp#27;[39m&amp#27;[39m&amp#27;[38;5;203m&amp#27;[39m&amp#27;[38;5;227m
&amp#27;[39m&amp#27;[38;5;145m2023-09-22 08:13:27,782&amp#27;[39m&amp#27;[38;5;188m &amp#27;[39m&amp#27;[38;5;107mINFO &amp#27;[39m&amp#27;[38;5;188m [&amp#27;[39m&amp#27;[38;5;69morg.apa.cam.mai.MainSupport&amp#27;[39m&amp#27;[38;5;188m] (&amp#27;[39m&amp#27;[38;5;71mmain&amp#27;[39m&amp#27;[38;5;188m) &amp#27;[39m&amp#27;[38;5;151mApache Camel (Main) 4.0.0-RC2 is starting&amp#27;[39m&amp#27;[38;5;203m&amp#27;[39m&amp#27;[38;5;227m
&amp#27;[39m&amp#27;[38;5;145m2023-09-22 08:13:28,376&amp#27;[39m&amp#27;[38;5;188m &amp#27;[39m&amp#27;[38;5;107mINFO &amp#27;[39m&amp#27;[38;5;188m [&amp#27;[39m&amp#27;[38;5;69morg.apa.cam.imp.eng.AbstractCamelContext&amp#27;[39m&amp#27;[38;5;188m] (&amp#27;[39m&amp#27;[38;5;71mmain&amp#27;[39m&amp#27;[38;5;188m) &amp#27;[39m&amp#27;[38;5;151mApache Camel 4.0.0-RC2 (camel-1) is starting&amp#27;[39m&amp#27;[38;5;203m&amp#27;[39m&amp#27;[38;5;227m
&amp#27;[39m&amp#27;[38;5;145m2023-09-22 08:13:28,872&amp#27;[39m&amp#27;[38;5;188m &amp#27;[39m&amp#27;[38;5;137mWARN &amp#27;[39m&amp#27;[38;5;188m [&amp#27;[39m&amp#27;[38;5;69morg.apa.cam.com.cxf.jax.CxfEndpoint&amp#27;[39m&amp#27;[38;5;188m] (&amp#27;[39m&amp#27;[38;5;71mmain&amp#27;[39m&amp#27;[38;5;188m) &amp#27;[39m&amp#27;[38;5;151mThe endpoint/port name of http://localhost:8180/cxfservices/contact is empty, cxf will try to load the first one in wsdl for you.&amp#27;[39m&amp#27;[38;5;203m&amp#27;[39m&amp#27;[38;5;227m
&amp#27;[39m&amp#27;[38;5;145m2023-09-22 08:13:29,105&amp#27;[39m&amp#27;[38;5;188m &amp#27;[39m&amp#27;[38;5;107mINFO &amp#27;[39m&amp#27;[38;5;188m [&amp#27;[39m&amp#27;[38;5;69morg.apa.cam.com.cxf.fea.PayLoadDataFormatFeature&amp#27;[39m&amp#27;[38;5;188m] (&amp#27;[39m&amp#27;[38;5;71mmain&amp#27;[39m&amp#27;[38;5;188m) &amp#27;[39m&amp#27;[38;5;151mremoving the interceptor org.apache.cxf.interceptor.ClientFaultConverter@47198a64&amp#27;[39m&amp#27;[38;5;203m&amp#27;[39m&amp#27;[38;5;227m
&amp#27;[39m&amp#27;[38;5;145m2023-09-22 08:13:29,106&amp#27;[39m&amp#27;[38;5;188m &amp#27;[39m&amp#27;[38;5;107mINFO &amp#27;[39m&amp#27;[38;5;188m [&amp#27;[39m&amp#27;[38;5;69morg.apa.cam.com.cxf.fea.PayLoadDataFormatFeature&amp#27;[39m&amp#27;[38;5;188m] (&amp#27;[39m&amp#27;[38;5;71mmain&amp#27;[39m&amp#27;[38;5;188m) &amp#27;[39m&amp#27;[38;5;151mInitialized CXF Client: org.apache.camel.component.cxf.jaxws.CxfEndpoint$CamelCxfClientImpl@50696c7c in Payload mode with allow streaming: true&amp#27;[39m&amp#27;[38;5;203m&amp#27;[39m&amp#27;[38;5;227m
&amp#27;[39m&amp#27;[38;5;145m2023-09-22 08:13:29,977&amp#27;[39m&amp#27;[38;5;188m &amp#27;[39m&amp#27;[38;5;137mWARN &amp#27;[39m&amp#27;[38;5;188m [&amp#27;[39m&amp#27;[38;5;69morg.apa.cam.com.cxf.jax.CxfEndpoint&amp#27;[39m&amp#27;[38;5;188m] (&amp#27;[39m&amp#27;[38;5;71mmain&amp#27;[39m&amp#27;[38;5;188m) &amp#27;[39m&amp#27;[38;5;151mThe  endpoint/port name of /contact is empty, cxf will try to load the first one in wsdl for you.&amp#27;[39m&amp#27;[38;5;203m&amp#27;[39m&amp#27;[38;5;227m
&amp#27;[39m&amp#27;[38;5;145m2023-09-22 08:13:29,978&amp#27;[39m&amp#27;[38;5;188m &amp#27;[39m&amp#27;[38;5;137mWARN &amp#27;[39m&amp#27;[38;5;188m [&amp#27;[39m&amp#27;[38;5;69morg.apa.cam.com.cxf.jax.CxfEndpoint&amp#27;[39m&amp#27;[38;5;188m] (&amp#27;[39m&amp#27;[38;5;71mmain&amp#27;[39m&amp#27;[38;5;188m) &amp#27;[39m&amp#27;[38;5;151mThe  service name of /contact is empty, cxf will try to load the first one in wsdl for you.&amp#27;[39m&amp#27;[38;5;203m&amp#27;[39m&amp#27;[38;5;227m
&amp#27;[39m&amp#27;[38;5;145m2023-09-22 08:13:30,050&amp#27;[39m&amp#27;[38;5;188m &amp#27;[39m&amp#27;[38;5;107mINFO &amp#27;[39m&amp#27;[38;5;188m [&amp#27;[39m&amp#27;[38;5;69morg.apa.cxf.end.ServerImpl&amp#27;[39m&amp#27;[38;5;188m] (&amp#27;[39m&amp#27;[38;5;71mmain&amp#27;[39m&amp#27;[38;5;188m) &amp#27;[39m&amp#27;[38;5;151mSetting the server's publish address to be /contact&amp#27;[39m&amp#27;[38;5;203m&amp#27;[39m&amp#27;[38;5;227m
&amp#27;[39m&amp#27;[38;5;145m2023-09-22 08:13:30,058&amp#27;[39m&amp#27;[38;5;188m &amp#27;[39m&amp#27;[38;5;107mINFO &amp#27;[39m&amp#27;[38;5;188m [&amp#27;[39m&amp#27;[38;5;69morg.apa.cam.com.cxf.fea.PayLoadDataFormatFeature&amp#27;[39m&amp#27;[38;5;188m] (&amp#27;[39m&amp#27;[38;5;71mmain&amp#27;[39m&amp#27;[38;5;188m) &amp#27;[39m&amp#27;[38;5;151mInitialized CXF Server: org.apache.cxf.endpoint.ServerImpl@14c77f6d in Payload mode with allow streaming: true&amp#27;[39m&amp#27;[38;5;203m&amp#27;[39m&amp#27;[38;5;227m
&amp#27;[39m&amp#27;[38;5;145m2023-09-22 08:13:30,077&amp#27;[39m&amp#27;[38;5;188m &amp#27;[39m&amp#27;[38;5;107mINFO &amp#27;[39m&amp#27;[38;5;188m [&amp#27;[39m&amp#27;[38;5;69morg.apa.cam.imp.eng.AbstractCamelContext&amp#27;[39m&amp#27;[38;5;188m] (&amp#27;[39m&amp#27;[38;5;71mmain&amp#27;[39m&amp#27;[38;5;188m) &amp#27;[39m&amp#27;[38;5;151mRoutes startup (started:3)&amp#27;[39m&amp#27;[38;5;203m&amp#27;[39m&amp#27;[38;5;227m
&amp#27;[39m&amp#27;[38;5;145m2023-09-22 08:13:30,078&amp#27;[39m&amp#27;[38;5;188m &amp#27;[39m&amp#27;[38;5;107mINFO &amp#27;[39m&amp#27;[38;5;188m [&amp#27;[39m&amp#27;[38;5;69morg.apa.cam.imp.eng.AbstractCamelContext&amp#27;[39m&amp#27;[38;5;188m] (&amp#27;[39m&amp#27;[38;5;71mmain&amp#27;[39m&amp#27;[38;5;188m) &amp#27;[39m&amp#27;[38;5;151m    Started send-to-backend-route (direct://input)&amp#27;[39m&amp#27;[38;5;203m&amp#27;[39m&amp#27;[38;5;227m
&amp#27;[39m&amp#27;[38;5;145m2023-09-22 08:13:30,079&amp#27;[39m&amp#27;[38;5;188m &amp#27;[39m&amp#27;[38;5;107mINFO &amp#27;[39m&amp#27;[38;5;188m [&amp#27;[39m&amp#27;[38;5;69morg.apa.cam.imp.eng.AbstractCamelContext&amp#27;[39m&amp#27;[38;5;188m] (&amp#27;[39m&amp#27;[38;5;71mmain&amp#27;[39m&amp#27;[38;5;188m) &amp#27;[39m&amp#27;[38;5;151m    Started backend-simulation-route (/contact)&amp#27;[39m&amp#27;[38;5;203m&amp#27;[39m&amp#27;[38;5;227m
&amp#27;[39m&amp#27;[38;5;145m2023-09-22 08:13:30,079&amp#27;[39m&amp#27;[38;5;188m &amp#27;[39m&amp#27;[38;5;107mINFO &amp#27;[39m&amp#27;[38;5;188m [&amp#27;[39m&amp#27;[38;5;69morg.apa.cam.imp.eng.AbstractCamelContext&amp#27;[39m&amp#27;[38;5;188m] (&amp#27;[39m&amp#27;[38;5;71mmain&amp#27;[39m&amp#27;[38;5;188m) &amp#27;[39m&amp#27;[38;5;151m    Started consume--post-rest (rest://post:/contacts)&amp#27;[39m&amp#27;[38;5;203m&amp#27;[39m&amp#27;[38;5;227m
&amp#27;[39m&amp#27;[38;5;145m2023-09-22 08:13:30,080&amp#27;[39m&amp#27;[38;5;188m &amp#27;[39m&amp#27;[38;5;107mINFO &amp#27;[39m&amp#27;[38;5;188m [&amp#27;[39m&amp#27;[38;5;69morg.apa.cam.imp.eng.AbstractCamelContext&amp#27;[39m&amp#27;[38;5;188m] (&amp#27;[39m&amp#27;[38;5;71mmain&amp#27;[39m&amp#27;[38;5;188m) &amp#27;[39m&amp#27;[38;5;151mApache Camel 4.0.0-RC2 (camel-1) started in 1s703ms (build:0ms init:0ms start:1s703ms)&amp#27;[39m&amp#27;[38;5;203m&amp#27;[39m&amp#27;[38;5;227m
&amp#27;[39m&amp#27;[38;5;145m2023-09-22 08:13:30,293&amp#27;[39m&amp#27;[38;5;188m &amp#27;[39m&amp#27;[38;5;107mINFO &amp#27;[39m&amp#27;[38;5;188m [&amp#27;[39m&amp#27;[38;5;69mio.quarkus&amp#27;[39m&amp#27;[38;5;188m] (&amp#27;[39m&amp#27;[38;5;71mmain&amp#27;[39m&amp#27;[38;5;188m) &amp#27;[39m&amp#27;[38;5;151m&amp#27;[39m&amp#27;[38;5;188mcamel-quarkus-cxf-soap-wsrm 0.0.1-SNAPSHOT&amp#27;[39m &amp#27;[38;5;188mon JVM&amp#27;[39m (powered by Quarkus &amp#27;[38;5;188m3.2.5.Final&amp#27;[39m) started in &amp#27;[38;5;188m13.570&amp#27;[39ms. &amp#27;[38;5;188mListening on: http://0.0.0.0:8180&amp#27;[39m&amp#27;[39m&amp#27;[38;5;203m&amp#27;[39m&amp#27;[38;5;227m
&amp#27;[39m&amp#27;[38;5;145m2023-09-22 08:13:30,295&amp#27;[39m&amp#27;[38;5;188m &amp#27;[39m&amp#27;[38;5;107mINFO &amp#27;[39m&amp#27;[38;5;188m [&amp#27;[39m&amp#27;[38;5;69mio.quarkus&amp#27;[39m&amp#27;[38;5;188m] (&amp#27;[39m&amp#27;[38;5;71mmain&amp#27;[39m&amp#27;[38;5;188m) &amp#27;[39m&amp#27;[38;5;151m&amp#27;[39mProfile&amp#27;[38;5;188m&amp#27;[39m &amp#27;[38;5;188mtest&amp#27;[39m activated. &amp#27;[38;5;188m&amp#27;[39m&amp#27;[39m&amp#27;[38;5;203m&amp#27;[39m&amp#27;[38;5;227m
&amp#27;[39m&amp#27;[38;5;145m2023-09-22 08:13:30,295&amp#27;[39m&amp#27;[38;5;188m &amp#27;[39m&amp#27;[38;5;107mINFO &amp#27;[39m&amp#27;[38;5;188m [&amp#27;[39m&amp#27;[38;5;69mio.quarkus&amp#27;[39m&amp#27;[38;5;188m] (&amp#27;[39m&amp#27;[38;5;71mmain&amp#27;[39m&amp#27;[38;5;188m) &amp#27;[39m&amp#27;[38;5;151m&amp#27;[39mInstalled features: [&amp#27;[38;5;188mcamel-attachments, camel-bean, camel-core, camel-cxf-soap, camel-direct, camel-http, camel-jackson, camel-jaxb, camel-json-validator, camel-log, camel-mock, camel-openapi-java, camel-platform-http, camel-rest, camel-rest-openapi, camel-xpath, cdi, cxf, cxf-rt-features-logging, cxf-rt-ws-rm, cxf-rt-ws-security, security, smallrye-context-propagation, vertx, xmlsec&amp#27;[39m]&amp#27;[39m&amp#27;[38;5;203m&amp#27;[39m&amp#27;[38;5;227m
&amp#27;[39mHost to call for Test:	localhost
Host to call for Test:	localhost
&amp#27;[38;5;145m2023-09-22 08:13:31,545&amp#27;[39m&amp#27;[38;5;188m &amp#27;[39m&amp#27;[38;5;107mINFO &amp#27;[39m&amp#27;[38;5;188m [&amp#27;[39m&amp#27;[38;5;69mde.joc.int.con.ContactTest&amp#27;[39m&amp#27;[38;5;188m] (&amp#27;[39m&amp#27;[38;5;71mmain&amp#27;[39m&amp#27;[38;5;188m) &amp#27;[39m&amp#27;[38;5;151mSOAP Call from ContactTest will call:	http://localhost:8180/cxfservices/contact&amp#27;[39m&amp#27;[38;5;203m&amp#27;[39m&amp#27;[38;5;227m
&amp#27;[39mHost to call for Test:	localhost
Host to call for Test:	localhost
&amp#27;[38;5;145m2023-09-22 08:13:31,644&amp#27;[39m&amp#27;[38;5;188m &amp#27;[39m&amp#27;[38;5;107mINFO &amp#27;[39m&amp#27;[38;5;188m [&amp#27;[39m&amp#27;[38;5;69mde.joc.int.con.ContactTest&amp#27;[39m&amp#27;[38;5;188m] (&amp#27;[39m&amp#27;[38;5;71mmain&amp#27;[39m&amp#27;[38;5;188m) &amp#27;[39m&amp#27;[38;5;151mSOAP Call from ContactTest will call:	http://localhost:8180/cxfservices/contact&amp#27;[39m&amp#27;[38;5;203m&amp#27;[39m&amp#27;[38;5;227m
&amp#27;[39mHost to call for Test:	localhost
]]></system-out>
  </testcase>
  <testcase name="testAddContactRest" classname="de.jochenr.integration.contact.ContactTest" time="0.0">
    <skipped message="public void de.jochenr.integration.contact.ContactTest.testAddContactRest() is @Disabled"/>
    <system-out><![CDATA[Host to call for Test:	localhost
Host to call for Test:	localhost
&amp#27;[38;5;145m2023-09-22 08:13:34,150&amp#27;[39m&amp#27;[38;5;188m &amp#27;[39m&amp#27;[38;5;107mINFO &amp#27;[39m&amp#27;[38;5;188m [&amp#27;[39m&amp#27;[38;5;69mde.joc.int.con.ContactTest&amp#27;[39m&amp#27;[38;5;188m] (&amp#27;[39m&amp#27;[38;5;71mmain&amp#27;[39m&amp#27;[38;5;188m) &amp#27;[39m&amp#27;[38;5;151mSOAP Call from ContactTest will call:	http://localhost:8180/cxfservices/contact&amp#27;[39m&amp#27;[38;5;203m&amp#27;[39m&amp#27;[38;5;227m
&amp#27;[39mHost to call for Test:	localhost
Host to call for Test:	localhost
&amp#27;[38;5;145m2023-09-22 08:13:34,173&amp#27;[39m&amp#27;[38;5;188m &amp#27;[39m&amp#27;[38;5;107mINFO &amp#27;[39m&amp#27;[38;5;188m [&amp#27;[39m&amp#27;[38;5;69mde.joc.int.con.ContactTest&amp#27;[39m&amp#27;[38;5;188m] (&amp#27;[39m&amp#27;[38;5;71mmain&amp#27;[39m&amp#27;[38;5;188m) &amp#27;[39m&amp#27;[38;5;151mSOAP Call from ContactTest will call:	http://localhost:8180/cxfservices/contact&amp#27;[39m&amp#27;[38;5;203m&amp#27;[39m&amp#27;[38;5;227m
&amp#27;[39m]]></system-out>
  </testcase>
  <testcase name="testAddContactBackendSoap" classname="de.jochenr.integration.contact.ContactTest" time="30.559">
    <error message="Failed to send RM protocol message {http://schemas.xmlsoap.org/ws/2005/02/rm}CreateSequence." type="jakarta.xml.ws.soap.SOAPFaultException"><![CDATA[jakarta.xml.ws.soap.SOAPFaultException: Failed to send RM protocol message {http://schemas.xmlsoap.org/ws/2005/02/rm}CreateSequence.
	at org.apache.cxf.jaxws.JaxWsClientProxy.mapException(JaxWsClientProxy.java:195)
	at org.apache.cxf.jaxws.JaxWsClientProxy.invoke(JaxWsClientProxy.java:145)
	at jdk.proxy6/jdk.proxy6.$Proxy193.addContact(Unknown Source)
	at de.jochenr.integration.contact.ContactTest.testAddContactBackendSoap(ContactTest.java:138)
	at java.base/jdk.internal.reflect.NativeMethodAccessorImpl.invoke0(Native Method)
	at java.base/jdk.internal.reflect.NativeMethodAccessorImpl.invoke(NativeMethodAccessorImpl.java:77)
	at java.base/jdk.internal.reflect.DelegatingMethodAccessorImpl.invoke(DelegatingMethodAccessorImpl.java:43)
	at java.base/java.lang.reflect.Method.invoke(Method.java:568)
	at io.quarkus.test.junit.QuarkusTestExtension.runExtensionMethod(QuarkusTestExtension.java:1015)
	at io.quarkus.test.junit.QuarkusTestExtension.interceptTestMethod(QuarkusTestExtension.java:829)
	at org.junit.jupiter.engine.execution.InterceptingExecutableInvoker$ReflectiveInterceptorCall.lambda$ofVoidMethod$0(InterceptingExecutableInvoker.java:103)
	at org.junit.jupiter.engine.execution.InterceptingExecutableInvoker.lambda$invoke$0(InterceptingExecutableInvoker.java:93)
	at org.junit.jupiter.engine.execution.InvocationInterceptorChain$InterceptedInvocation.proceed(InvocationInterceptorChain.java:106)
	at org.junit.jupiter.engine.extension.TimeoutExtension.intercept(TimeoutExtension.java:156)
	at org.junit.jupiter.engine.extension.TimeoutExtension.interceptTestableMethod(TimeoutExtension.java:147)
	at org.junit.jupiter.engine.extension.TimeoutExtension.interceptTestMethod(TimeoutExtension.java:86)
	at org.junit.jupiter.engine.execution.InterceptingExecutableInvoker$ReflectiveInterceptorCall.lambda$ofVoidMethod$0(InterceptingExecutableInvoker.java:103)
	at org.junit.jupiter.engine.execution.InterceptingExecutableInvoker.lambda$invoke$0(InterceptingExecutableInvoker.java:93)
	at org.junit.jupiter.engine.execution.InvocationInterceptorChain$InterceptedInvocation.proceed(InvocationInterceptorChain.java:106)
	at org.junit.jupiter.engine.execution.InvocationInterceptorChain.proceed(InvocationInterceptorChain.java:64)
	at org.junit.jupiter.engine.execution.InvocationInterceptorChain.chainAndInvoke(InvocationInterceptorChain.java:45)
	at org.junit.jupiter.engine.execution.InvocationInterceptorChain.invoke(InvocationInterceptorChain.java:37)
	at org.junit.jupiter.engine.execution.InterceptingExecutableInvoker.invoke(InterceptingExecutableInvoker.java:92)
	at org.junit.jupiter.engine.execution.InterceptingExecutableInvoker.invoke(InterceptingExecutableInvoker.java:86)
	at org.junit.jupiter.engine.descriptor.TestMethodTestDescriptor.lambda$invokeTestMethod$7(TestMethodTestDescriptor.java:217)
	at org.junit.platform.engine.support.hierarchical.ThrowableCollector.execute(ThrowableCollector.java:73)
	at org.junit.jupiter.engine.descriptor.TestMethodTestDescriptor.invokeTestMethod(TestMethodTestDescriptor.java:213)
	at org.junit.jupiter.engine.descriptor.TestMethodTestDescriptor.execute(TestMethodTestDescriptor.java:138)
	at org.junit.jupiter.engine.descriptor.TestMethodTestDescriptor.execute(TestMethodTestDescriptor.java:68)
	at org.junit.platform.engine.support.hierarchical.NodeTestTask.lambda$executeRecursively$6(NodeTestTask.java:151)
	at org.junit.platform.engine.support.hierarchical.ThrowableCollector.execute(ThrowableCollector.java:73)
	at org.junit.platform.engine.support.hierarchical.NodeTestTask.lambda$executeRecursively$8(NodeTestTask.java:141)
	at org.junit.platform.engine.support.hierarchical.Node.around(Node.java:137)
	at org.junit.platform.engine.support.hierarchical.NodeTestTask.lambda$executeRecursively$9(NodeTestTask.java:139)
	at org.junit.platform.engine.support.hierarchical.ThrowableCollector.execute(ThrowableCollector.java:73)
	at org.junit.platform.engine.support.hierarchical.NodeTestTask.executeRecursively(NodeTestTask.java:138)
	at org.junit.platform.engine.support.hierarchical.NodeTestTask.execute(NodeTestTask.java:95)
	at java.base/java.util.ArrayList.forEach(ArrayList.java:1511)
	at org.junit.platform.engine.support.hierarchical.SameThreadHierarchicalTestExecutorService.invokeAll(SameThreadHierarchicalTestExecutorService.java:41)
	at org.junit.platform.engine.support.hierarchical.NodeTestTask.lambda$executeRecursively$6(NodeTestTask.java:155)
	at org.junit.platform.engine.support.hierarchical.ThrowableCollector.execute(ThrowableCollector.java:73)
	at org.junit.platform.engine.support.hierarchical.NodeTestTask.lambda$executeRecursively$8(NodeTestTask.java:141)
	at org.junit.platform.engine.support.hierarchical.Node.around(Node.java:137)
	at org.junit.platform.engine.support.hierarchical.NodeTestTask.lambda$executeRecursively$9(NodeTestTask.java:139)
	at org.junit.platform.engine.support.hierarchical.ThrowableCollector.execute(ThrowableCollector.java:73)
	at org.junit.platform.engine.support.hierarchical.NodeTestTask.executeRecursively(NodeTestTask.java:138)
	at org.junit.platform.engine.support.hierarchical.NodeTestTask.execute(NodeTestTask.java:95)
	at java.base/java.util.ArrayList.forEach(ArrayList.java:1511)
	at org.junit.platform.engine.support.hierarchical.SameThreadHierarchicalTestExecutorService.invokeAll(SameThreadHierarchicalTestExecutorService.java:41)
	at org.junit.platform.engine.support.hierarchical.NodeTestTask.lambda$executeRecursively$6(NodeTestTask.java:155)
	at org.junit.platform.engine.support.hierarchical.ThrowableCollector.execute(ThrowableCollector.java:73)
	at org.junit.platform.engine.support.hierarchical.NodeTestTask.lambda$executeRecursively$8(NodeTestTask.java:141)
	at org.junit.platform.engine.support.hierarchical.Node.around(Node.java:137)
	at org.junit.platform.engine.support.hierarchical.NodeTestTask.lambda$executeRecursively$9(NodeTestTask.java:139)
	at org.junit.platform.engine.support.hierarchical.ThrowableCollector.execute(ThrowableCollector.java:73)
	at org.junit.platform.engine.support.hierarchical.NodeTestTask.executeRecursively(NodeTestTask.java:138)
	at org.junit.platform.engine.support.hierarchical.NodeTestTask.execute(NodeTestTask.java:95)
	at org.junit.platform.engine.support.hierarchical.SameThreadHierarchicalTestExecutorService.submit(SameThreadHierarchicalTestExecutorService.java:35)
	at org.junit.platform.engine.support.hierarchical.HierarchicalTestExecutor.execute(HierarchicalTestExecutor.java:57)
	at org.junit.platform.engine.support.hierarchical.HierarchicalTestEngine.execute(HierarchicalTestEngine.java:54)
	at org.junit.platform.launcher.core.EngineExecutionOrchestrator.execute(EngineExecutionOrchestrator.java:147)
	at org.junit.platform.launcher.core.EngineExecutionOrchestrator.execute(EngineExecutionOrchestrator.java:127)
	at org.junit.platform.launcher.core.EngineExecutionOrchestrator.execute(EngineExecutionOrchestrator.java:90)
	at org.junit.platform.launcher.core.EngineExecutionOrchestrator.lambda$execute$0(EngineExecutionOrchestrator.java:55)
	at org.junit.platform.launcher.core.EngineExecutionOrchestrator.withInterceptedStreams(EngineExecutionOrchestrator.java:102)
	at org.junit.platform.launcher.core.EngineExecutionOrchestrator.execute(EngineExecutionOrchestrator.java:54)
	at org.junit.platform.launcher.core.DefaultLauncher.execute(DefaultLauncher.java:114)
	at org.junit.platform.launcher.core.DefaultLauncher.execute(DefaultLauncher.java:86)
	at org.junit.platform.launcher.core.DefaultLauncherSession$DelegatingLauncher.execute(DefaultLauncherSession.java:86)
	at org.apache.maven.surefire.junitplatform.LazyLauncher.execute(LazyLauncher.java:56)
	at org.apache.maven.surefire.junitplatform.JUnitPlatformProvider.execute(JUnitPlatformProvider.java:184)
	at org.apache.maven.surefire.junitplatform.JUnitPlatformProvider.invokeAllTests(JUnitPlatformProvider.java:148)
	at org.apache.maven.surefire.junitplatform.JUnitPlatformProvider.invoke(JUnitPlatformProvider.java:122)
	at org.apache.maven.surefire.booter.ForkedBooter.runSuitesInProcess(ForkedBooter.java:385)
	at org.apache.maven.surefire.booter.ForkedBooter.execute(ForkedBooter.java:162)
	at org.apache.maven.surefire.booter.ForkedBooter.run(ForkedBooter.java:507)
	at org.apache.maven.surefire.booter.ForkedBooter.main(ForkedBooter.java:495)
	Suppressed: org.apache.cxf.interceptor.Fault: Could not send Message.
		at org.apache.cxf.interceptor.MessageSenderInterceptor$MessageSenderEndingInterceptor.handleMessage(MessageSenderInterceptor.java:67)
		at org.apache.cxf.phase.PhaseInterceptorChain.doIntercept(PhaseInterceptorChain.java:307)
		at org.apache.cxf.endpoint.ClientImpl.doInvoke(ClientImpl.java:528)
		at org.apache.cxf.endpoint.ClientImpl.invoke(ClientImpl.java:439)
		at org.apache.cxf.ws.rm.Proxy.invoke(Proxy.java:344)
		at org.apache.cxf.ws.rm.Proxy.invoke(Proxy.java:307)
		at org.apache.cxf.ws.rm.Proxy.createSequence(Proxy.java:208)
		at org.apache.cxf.ws.rm.RMManager.getSequence(RMManager.java:492)
		at org.apache.cxf.ws.rm.RMCaptureOutInterceptor.handle(RMCaptureOutInterceptor.java:164)
		at org.apache.cxf.ws.rm.AbstractRMInterceptor.handleMessage(AbstractRMInterceptor.java:83)
		at org.apache.cxf.phase.PhaseInterceptorChain.doIntercept(PhaseInterceptorChain.java:307)
		at org.apache.cxf.endpoint.ClientImpl.doInvoke(ClientImpl.java:528)
		at org.apache.cxf.endpoint.ClientImpl.invoke(ClientImpl.java:439)
		at org.apache.cxf.endpoint.ClientImpl.invoke(ClientImpl.java:354)
		at org.apache.cxf.endpoint.ClientImpl.invoke(ClientImpl.java:312)
		at org.apache.cxf.frontend.ClientProxy.invokeSync(ClientProxy.java:96)
		at org.apache.cxf.jaxws.JaxWsClientProxy.invoke(JaxWsClientProxy.java:140)
		... 75 more
	Caused by: java.net.http.HttpConnectTimeoutException: HttpConnectTimeoutException invoking https://nowhere.com:8080/mustgetoverridden: HTTP connect timed out
		at java.base/jdk.internal.reflect.NativeConstructorAccessorImpl.newInstance0(Native Method)
		at java.base/jdk.internal.reflect.NativeConstructorAccessorImpl.newInstance(NativeConstructorAccessorImpl.java:77)
		at java.base/jdk.internal.reflect.DelegatingConstructorAccessorImpl.newInstance(DelegatingConstructorAccessorImpl.java:45)
		at java.base/java.lang.reflect.Constructor.newInstanceWithCaller(Constructor.java:499)
		at java.base/java.lang.reflect.Constructor.newInstance(Constructor.java:480)
		at org.apache.cxf.transport.http.HTTPConduit$WrappedOutputStream.mapException(HTTPConduit.java:1430)
		at org.apache.cxf.transport.http.HTTPConduit$WrappedOutputStream.close(HTTPConduit.java:1411)
		at org.apache.cxf.transport.AbstractConduit.close(AbstractConduit.java:56)
		at org.apache.cxf.transport.http.HTTPConduit.close(HTTPConduit.java:695)
		at org.apache.cxf.interceptor.MessageSenderInterceptor$MessageSenderEndingInterceptor.handleMessage(MessageSenderInterceptor.java:63)
		... 91 more
	Caused by: java.net.http.HttpConnectTimeoutException: HTTP connect timed out
		at java.net.http/jdk.internal.net.http.MultiExchange.toTimeoutException(MultiExchange.java:580)
		at java.net.http/jdk.internal.net.http.MultiExchange.getExceptionalCF(MultiExchange.java:527)
		at java.net.http/jdk.internal.net.http.MultiExchange.lambda$responseAsyncImpl$7(MultiExchange.java:447)
		at java.base/java.util.concurrent.CompletableFuture.uniHandle(CompletableFuture.java:934)
		at java.base/java.util.concurrent.CompletableFuture$UniHandle.tryFire(CompletableFuture.java:911)
		at java.base/java.util.concurrent.CompletableFuture.postComplete(CompletableFuture.java:510)
		at java.base/java.util.concurrent.CompletableFuture.completeExceptionally(CompletableFuture.java:2162)
		at java.net.http/jdk.internal.net.http.Exchange.checkCancelled(Exchange.java:287)
		at java.net.http/jdk.internal.net.http.Exchange.cancel(Exchange.java:250)
		at java.net.http/jdk.internal.net.http.MultiExchange.cancel(MultiExchange.java:260)
		at java.net.http/jdk.internal.net.http.PlainHttpConnection$ConnectTimerEvent.handle(PlainHttpConnection.java:102)
		at java.net.http/jdk.internal.net.http.HttpClientImpl.purgeTimeoutsAndReturnNextDeadline(HttpClientImpl.java:1270)
		at java.net.http/jdk.internal.net.http.HttpClientImpl$SelectorManager.run(HttpClientImpl.java:899)
	Caused by: java.net.ConnectException: HTTP connect timed out
		at java.net.http/jdk.internal.net.http.MultiExchange.toTimeoutException(MultiExchange.java:581)
		... 12 more
	Suppressed: [CIRCULAR REFERENCE: org.apache.cxf.interceptor.Fault: Could not send Message.]
	Suppressed: org.apache.cxf.interceptor.Fault: Failed to send RM protocol message {http://schemas.xmlsoap.org/ws/2005/02/rm}CreateSequence.
		at org.apache.cxf.ws.rm.AbstractRMInterceptor.handleMessage(AbstractRMInterceptor.java:104)
		at org.apache.cxf.phase.PhaseInterceptorChain.doIntercept(PhaseInterceptorChain.java:307)
		at org.apache.cxf.endpoint.ClientImpl.doInvoke(ClientImpl.java:528)
		at org.apache.cxf.endpoint.ClientImpl.invoke(ClientImpl.java:439)
		at org.apache.cxf.endpoint.ClientImpl.invoke(ClientImpl.java:354)
		at org.apache.cxf.endpoint.ClientImpl.invoke(ClientImpl.java:312)
		at org.apache.cxf.frontend.ClientProxy.invokeSync(ClientProxy.java:96)
		at org.apache.cxf.jaxws.JaxWsClientProxy.invoke(JaxWsClientProxy.java:140)
		... 75 more
	Caused by: org.apache.cxf.ws.rm.RMException: Failed to send RM protocol message {http://schemas.xmlsoap.org/ws/2005/02/rm}CreateSequence.
		at org.apache.cxf.ws.rm.Proxy.invoke(Proxy.java:354)
		at org.apache.cxf.ws.rm.Proxy.invoke(Proxy.java:307)
		at org.apache.cxf.ws.rm.Proxy.createSequence(Proxy.java:208)
		at org.apache.cxf.ws.rm.RMManager.getSequence(RMManager.java:492)
		at org.apache.cxf.ws.rm.RMCaptureOutInterceptor.handle(RMCaptureOutInterceptor.java:164)
		at org.apache.cxf.ws.rm.AbstractRMInterceptor.handleMessage(AbstractRMInterceptor.java:83)
		... 82 more
	Caused by: [CIRCULAR REFERENCE: org.apache.cxf.interceptor.Fault: Could not send Message.]
Caused by: [CIRCULAR REFERENCE: org.apache.cxf.ws.rm.RMException: Failed to send RM protocol message {http://schemas.xmlsoap.org/ws/2005/02/rm}CreateSequence.]
]]></error>
    <system-out><![CDATA[Host to call for Test:	localhost
Host to call for Test:	localhost
&amp#27;[38;5;145m2023-09-22 08:13:34,192&amp#27;[39m&amp#27;[38;5;188m &amp#27;[39m&amp#27;[38;5;107mINFO &amp#27;[39m&amp#27;[38;5;188m [&amp#27;[39m&amp#27;[38;5;69mde.joc.int.con.ContactTest&amp#27;[39m&amp#27;[38;5;188m] (&amp#27;[39m&amp#27;[38;5;71mmain&amp#27;[39m&amp#27;[38;5;188m) &amp#27;[39m&amp#27;[38;5;151mSOAP Call from ContactTest will call:	http://localhost:8180/cxfservices/contact&amp#27;[39m&amp#27;[38;5;203m&amp#27;[39m&amp#27;[38;5;227m
&amp#27;[39mHost to call for Test:	localhost
Host to call for Test:	localhost
&amp#27;[38;5;145m2023-09-22 08:13:34,210&amp#27;[39m&amp#27;[38;5;188m &amp#27;[39m&amp#27;[38;5;107mINFO &amp#27;[39m&amp#27;[38;5;188m [&amp#27;[39m&amp#27;[38;5;69mde.joc.int.con.ContactTest&amp#27;[39m&amp#27;[38;5;188m] (&amp#27;[39m&amp#27;[38;5;71mmain&amp#27;[39m&amp#27;[38;5;188m) &amp#27;[39m&amp#27;[38;5;151mSOAP Call from ContactTest will call:	http://localhost:8180/cxfservices/contact&amp#27;[39m&amp#27;[38;5;203m&amp#27;[39m&amp#27;[38;5;227m
&amp#27;[39m&amp#27;[38;5;145m2023-09-22 08:13:34,525&amp#27;[39m&amp#27;[38;5;188m &amp#27;[39m&amp#27;[38;5;137mWARN &amp#27;[39m&amp#27;[38;5;188m [&amp#27;[39m&amp#27;[38;5;69morg.apa.cxf.ws.rm.RMEndpoint&amp#27;[39m&amp#27;[38;5;188m] (&amp#27;[39m&amp#27;[38;5;71mmain&amp#27;[39m&amp#27;[38;5;188m) &amp#27;[39m&amp#27;[38;5;151mMBeanServer not available.&amp#27;[39m&amp#27;[38;5;203m&amp#27;[39m&amp#27;[38;5;227m
&amp#27;[39m&amp#27;[38;5;145m2023-09-22 08:13:34,533&amp#27;[39m&amp#27;[38;5;188m &amp#27;[39m&amp#27;[38;5;107mINFO &amp#27;[39m&amp#27;[38;5;188m [&amp#27;[39m&amp#27;[38;5;69morg.apa.cxf.ws.rm.Proxy&amp#27;[39m&amp#27;[38;5;188m] (&amp#27;[39m&amp#27;[38;5;71mmain&amp#27;[39m&amp#27;[38;5;188m) &amp#27;[39m&amp#27;[38;5;151mSending out-of-band RM protocol message {http://schemas.xmlsoap.org/ws/2005/02/rm}CreateSequence.&amp#27;[39m&amp#27;[38;5;203m&amp#27;[39m&amp#27;[38;5;227m
&amp#27;[39m&amp#27;[38;5;145m2023-09-22 08:14:04,727&amp#27;[39m&amp#27;[38;5;188m &amp#27;[39m&amp#27;[38;5;137mWARN &amp#27;[39m&amp#27;[38;5;188m [&amp#27;[39m&amp#27;[38;5;69morg.apa.cxf.pha.PhaseInterceptorChain&amp#27;[39m&amp#27;[38;5;188m] (&amp#27;[39m&amp#27;[38;5;71mmain&amp#27;[39m&amp#27;[38;5;188m) &amp#27;[39m&amp#27;[38;5;151mInterceptor for {http://schemas.xmlsoap.org/ws/2005/02/rm}SequenceAbstractService#{http://schemas.xmlsoap.org/ws/2005/02/rm}CreateSequence has thrown exception, unwinding now&amp#27;[39m&amp#27;[38;5;203m: org.apache.cxf.interceptor.Fault: Could not send Message.
	at org.apache.cxf.interceptor.MessageSenderInterceptor$MessageSenderEndingInterceptor.handleMessage(MessageSenderInterceptor.java:67)
	at org.apache.cxf.phase.PhaseInterceptorChain.doIntercept(PhaseInterceptorChain.java:307)
	at org.apache.cxf.endpoint.ClientImpl.doInvoke(ClientImpl.java:528)
	at org.apache.cxf.endpoint.ClientImpl.invoke(ClientImpl.java:439)
	at org.apache.cxf.ws.rm.Proxy.invoke(Proxy.java:344)
	at org.apache.cxf.ws.rm.Proxy.invoke(Proxy.java:307)
	at org.apache.cxf.ws.rm.Proxy.createSequence(Proxy.java:208)
	at org.apache.cxf.ws.rm.RMManager.getSequence(RMManager.java:492)
	at org.apache.cxf.ws.rm.RMCaptureOutInterceptor.handle(RMCaptureOutInterceptor.java:164)
	at org.apache.cxf.ws.rm.AbstractRMInterceptor.handleMessage(AbstractRMInterceptor.java:83)
	at org.apache.cxf.phase.PhaseInterceptorChain.doIntercept(PhaseInterceptorChain.java:307)
	at org.apache.cxf.endpoint.ClientImpl.doInvoke(ClientImpl.java:528)
	at org.apache.cxf.endpoint.ClientImpl.invoke(ClientImpl.java:439)
	at org.apache.cxf.endpoint.ClientImpl.invoke(ClientImpl.java:354)
	at org.apache.cxf.endpoint.ClientImpl.invoke(ClientImpl.java:312)
	at org.apache.cxf.frontend.ClientProxy.invokeSync(ClientProxy.java:96)
	at org.apache.cxf.jaxws.JaxWsClientProxy.invoke(JaxWsClientProxy.java:140)
	at jdk.proxy6/jdk.proxy6.$Proxy193.addContact(Unknown Source)
	at de.jochenr.integration.contact.ContactTest.testAddContactBackendSoap(ContactTest.java:138)
	at java.base/jdk.internal.reflect.NativeMethodAccessorImpl.invoke0(Native Method)
	at java.base/jdk.internal.reflect.NativeMethodAccessorImpl.invoke(NativeMethodAccessorImpl.java:77)
	at java.base/jdk.internal.reflect.DelegatingMethodAccessorImpl.invoke(DelegatingMethodAccessorImpl.java:43)
	at java.base/java.lang.reflect.Method.invoke(Method.java:568)
	at io.quarkus.test.junit.QuarkusTestExtension.runExtensionMethod(QuarkusTestExtension.java:1015)
	at io.quarkus.test.junit.QuarkusTestExtension.interceptTestMethod(QuarkusTestExtension.java:829)
	at org.junit.jupiter.engine.execution.InterceptingExecutableInvoker$ReflectiveInterceptorCall.lambda$ofVoidMethod$0(InterceptingExecutableInvoker.java:103)
	at org.junit.jupiter.engine.execution.InterceptingExecutableInvoker.lambda$invoke$0(InterceptingExecutableInvoker.java:93)
	at org.junit.jupiter.engine.execution.InvocationInterceptorChain$InterceptedInvocation.proceed(InvocationInterceptorChain.java:106)
	at org.junit.jupiter.engine.extension.TimeoutExtension.intercept(TimeoutExtension.java:156)
	at org.junit.jupiter.engine.extension.TimeoutExtension.interceptTestableMethod(TimeoutExtension.java:147)
	at org.junit.jupiter.engine.extension.TimeoutExtension.interceptTestMethod(TimeoutExtension.java:86)
	at org.junit.jupiter.engine.execution.InterceptingExecutableInvoker$ReflectiveInterceptorCall.lambda$ofVoidMethod$0(InterceptingExecutableInvoker.java:103)
	at org.junit.jupiter.engine.execution.InterceptingExecutableInvoker.lambda$invoke$0(InterceptingExecutableInvoker.java:93)
	at org.junit.jupiter.engine.execution.InvocationInterceptorChain$InterceptedInvocation.proceed(InvocationInterceptorChain.java:106)
	at org.junit.jupiter.engine.execution.InvocationInterceptorChain.proceed(InvocationInterceptorChain.java:64)
	at org.junit.jupiter.engine.execution.InvocationInterceptorChain.chainAndInvoke(InvocationInterceptorChain.java:45)
	at org.junit.jupiter.engine.execution.InvocationInterceptorChain.invoke(InvocationInterceptorChain.java:37)
	at org.junit.jupiter.engine.execution.InterceptingExecutableInvoker.invoke(InterceptingExecutableInvoker.java:92)
	at org.junit.jupiter.engine.execution.InterceptingExecutableInvoker.invoke(InterceptingExecutableInvoker.java:86)
	at org.junit.jupiter.engine.descriptor.TestMethodTestDescriptor.lambda$invokeTestMethod$7(TestMethodTestDescriptor.java:217)
	at org.junit.platform.engine.support.hierarchical.ThrowableCollector.execute(ThrowableCollector.java:73)
	at org.junit.jupiter.engine.descriptor.TestMethodTestDescriptor.invokeTestMethod(TestMethodTestDescriptor.java:213)
	at org.junit.jupiter.engine.descriptor.TestMethodTestDescriptor.execute(TestMethodTestDescriptor.java:138)
	at org.junit.jupiter.engine.descriptor.TestMethodTestDescriptor.execute(TestMethodTestDescriptor.java:68)
	at org.junit.platform.engine.support.hierarchical.NodeTestTask.lambda$executeRecursively$6(NodeTestTask.java:151)
	at org.junit.platform.engine.support.hierarchical.ThrowableCollector.execute(ThrowableCollector.java:73)
	at org.junit.platform.engine.support.hierarchical.NodeTestTask.lambda$executeRecursively$8(NodeTestTask.java:141)
	at org.junit.platform.engine.support.hierarchical.Node.around(Node.java:137)
	at org.junit.platform.engine.support.hierarchical.NodeTestTask.lambda$executeRecursively$9(NodeTestTask.java:139)
	at org.junit.platform.engine.support.hierarchical.ThrowableCollector.execute(ThrowableCollector.java:73)
	at org.junit.platform.engine.support.hierarchical.NodeTestTask.executeRecursively(NodeTestTask.java:138)
	at org.junit.platform.engine.support.hierarchical.NodeTestTask.execute(NodeTestTask.java:95)
	at java.base/java.util.ArrayList.forEach(ArrayList.java:1511)
	at org.junit.platform.engine.support.hierarchical.SameThreadHierarchicalTestExecutorService.invokeAll(SameThreadHierarchicalTestExecutorService.java:41)
	at org.junit.platform.engine.support.hierarchical.NodeTestTask.lambda$executeRecursively$6(NodeTestTask.java:155)
	at org.junit.platform.engine.support.hierarchical.ThrowableCollector.execute(ThrowableCollector.java:73)
	at org.junit.platform.engine.support.hierarchical.NodeTestTask.lambda$executeRecursively$8(NodeTestTask.java:141)
	at org.junit.platform.engine.support.hierarchical.Node.around(Node.java:137)
	at org.junit.platform.engine.support.hierarchical.NodeTestTask.lambda$executeRecursively$9(NodeTestTask.java:139)
	at org.junit.platform.engine.support.hierarchical.ThrowableCollector.execute(ThrowableCollector.java:73)
	at org.junit.platform.engine.support.hierarchical.NodeTestTask.executeRecursively(NodeTestTask.java:138)
	at org.junit.platform.engine.support.hierarchical.NodeTestTask.execute(NodeTestTask.java:95)
	at java.base/java.util.ArrayList.forEach(ArrayList.java:1511)
	at org.junit.platform.engine.support.hierarchical.SameThreadHierarchicalTestExecutorService.invokeAll(SameThreadHierarchicalTestExecutorService.java:41)
	at org.junit.platform.engine.support.hierarchical.NodeTestTask.lambda$executeRecursively$6(NodeTestTask.java:155)
	at org.junit.platform.engine.support.hierarchical.ThrowableCollector.execute(ThrowableCollector.java:73)
	at org.junit.platform.engine.support.hierarchical.NodeTestTask.lambda$executeRecursively$8(NodeTestTask.java:141)
	at org.junit.platform.engine.support.hierarchical.Node.around(Node.java:137)
	at org.junit.platform.engine.support.hierarchical.NodeTestTask.lambda$executeRecursively$9(NodeTestTask.java:139)
	at org.junit.platform.engine.support.hierarchical.ThrowableCollector.execute(ThrowableCollector.java:73)
	at org.junit.platform.engine.support.hierarchical.NodeTestTask.executeRecursively(NodeTestTask.java:138)
	at org.junit.platform.engine.support.hierarchical.NodeTestTask.execute(NodeTestTask.java:95)
	at org.junit.platform.engine.support.hierarchical.SameThreadHierarchicalTestExecutorService.submit(SameThreadHierarchicalTestExecutorService.java:35)
	at org.junit.platform.engine.support.hierarchical.HierarchicalTestExecutor.execute(HierarchicalTestExecutor.java:57)
	at org.junit.platform.engine.support.hierarchical.HierarchicalTestEngine.execute(HierarchicalTestEngine.java:54)
	at org.junit.platform.launcher.core.EngineExecutionOrchestrator.execute(EngineExecutionOrchestrator.java:147)
	at org.junit.platform.launcher.core.EngineExecutionOrchestrator.execute(EngineExecutionOrchestrator.java:127)
	at org.junit.platform.launcher.core.EngineExecutionOrchestrator.execute(EngineExecutionOrchestrator.java:90)
	at org.junit.platform.launcher.core.EngineExecutionOrchestrator.lambda$execute$0(EngineExecutionOrchestrator.java:55)
	at org.junit.platform.launcher.core.EngineExecutionOrchestrator.withInterceptedStreams(EngineExecutionOrchestrator.java:102)
	at org.junit.platform.launcher.core.EngineExecutionOrchestrator.execute(EngineExecutionOrchestrator.java:54)
	at org.junit.platform.launcher.core.DefaultLauncher.execute(DefaultLauncher.java:114)
	at org.junit.platform.launcher.core.DefaultLauncher.execute(DefaultLauncher.java:86)
	at org.junit.platform.launcher.core.DefaultLauncherSession$DelegatingLauncher.execute(DefaultLauncherSession.java:86)
	at org.apache.maven.surefire.junitplatform.LazyLauncher.execute(LazyLauncher.java:56)
	at org.apache.maven.surefire.junitplatform.JUnitPlatformProvider.execute(JUnitPlatformProvider.java:184)
	at org.apache.maven.surefire.junitplatform.JUnitPlatformProvider.invokeAllTests(JUnitPlatformProvider.java:148)
	at org.apache.maven.surefire.junitplatform.JUnitPlatformProvider.invoke(JUnitPlatformProvider.java:122)
	at org.apache.maven.surefire.booter.ForkedBooter.runSuitesInProcess(ForkedBooter.java:385)
	at org.apache.maven.surefire.booter.ForkedBooter.execute(ForkedBooter.java:162)
	at org.apache.maven.surefire.booter.ForkedBooter.run(ForkedBooter.java:507)
	at org.apache.maven.surefire.booter.ForkedBooter.main(ForkedBooter.java:495)
Caused by: java.net.http.HttpConnectTimeoutException: HttpConnectTimeoutException invoking https://nowhere.com:8080/mustgetoverridden: HTTP connect timed out
	at java.base/jdk.internal.reflect.NativeConstructorAccessorImpl.newInstance0(Native Method)
	at java.base/jdk.internal.reflect.NativeConstructorAccessorImpl.newInstance(NativeConstructorAccessorImpl.java:77)
	at java.base/jdk.internal.reflect.DelegatingConstructorAccessorImpl.newInstance(DelegatingConstructorAccessorImpl.java:45)
	at java.base/java.lang.reflect.Constructor.newInstanceWithCaller(Constructor.java:499)
	at java.base/java.lang.reflect.Constructor.newInstance(Constructor.java:480)
	at org.apache.cxf.transport.http.HTTPConduit$WrappedOutputStream.mapException(HTTPConduit.java:1430)
	at org.apache.cxf.transport.http.HTTPConduit$WrappedOutputStream.close(HTTPConduit.java:1411)
	at org.apache.cxf.transport.AbstractConduit.close(AbstractConduit.java:56)
	at org.apache.cxf.transport.http.HTTPConduit.close(HTTPConduit.java:695)
	at org.apache.cxf.interceptor.MessageSenderInterceptor$MessageSenderEndingInterceptor.handleMessage(MessageSenderInterceptor.java:63)
	... 91 more
Caused by: java.net.http.HttpConnectTimeoutException: HTTP connect timed out
	at java.net.http/jdk.internal.net.http.MultiExchange.toTimeoutException(MultiExchange.java:580)
	at java.net.http/jdk.internal.net.http.MultiExchange.getExceptionalCF(MultiExchange.java:527)
	at java.net.http/jdk.internal.net.http.MultiExchange.lambda$responseAsyncImpl$7(MultiExchange.java:447)
	at java.base/java.util.concurrent.CompletableFuture.uniHandle(CompletableFuture.java:934)
	at java.base/java.util.concurrent.CompletableFuture$UniHandle.tryFire(CompletableFuture.java:911)
	at java.base/java.util.concurrent.CompletableFuture.postComplete(CompletableFuture.java:510)
	at java.base/java.util.concurrent.CompletableFuture.completeExceptionally(CompletableFuture.java:2162)
	at java.net.http/jdk.internal.net.http.Exchange.checkCancelled(Exchange.java:287)
	at java.net.http/jdk.internal.net.http.Exchange.cancel(Exchange.java:250)
	at java.net.http/jdk.internal.net.http.MultiExchange.cancel(MultiExchange.java:260)
	at java.net.http/jdk.internal.net.http.PlainHttpConnection$ConnectTimerEvent.handle(PlainHttpConnection.java:102)
	at java.net.http/jdk.internal.net.http.HttpClientImpl.purgeTimeoutsAndReturnNextDeadline(HttpClientImpl.java:1270)
	at java.net.http/jdk.internal.net.http.HttpClientImpl$SelectorManager.run(HttpClientImpl.java:899)
Caused by: java.net.ConnectException: HTTP connect timed out
	at java.net.http/jdk.internal.net.http.MultiExchange.toTimeoutException(MultiExchange.java:581)
	... 12 more
&amp#27;[39m&amp#27;[38;5;227m
&amp#27;[39m&amp#27;[38;5;145m2023-09-22 08:14:04,732&amp#27;[39m&amp#27;[38;5;188m &amp#27;[39m&amp#27;[38;5;203mERROR&amp#27;[39m&amp#27;[38;5;188m [&amp#27;[39m&amp#27;[38;5;69morg.apa.cxf.ws.rm.Proxy&amp#27;[39m&amp#27;[38;5;188m] (&amp#27;[39m&amp#27;[38;5;71mmain&amp#27;[39m&amp#27;[38;5;188m) &amp#27;[39m&amp#27;[38;5;151mFailed to send RM protocol message {http://schemas.xmlsoap.org/ws/2005/02/rm}CreateSequence.&amp#27;[39m&amp#27;[38;5;203m: org.apache.cxf.interceptor.Fault: Could not send Message.
	at org.apache.cxf.interceptor.MessageSenderInterceptor$MessageSenderEndingInterceptor.handleMessage(MessageSenderInterceptor.java:67)
	at org.apache.cxf.phase.PhaseInterceptorChain.doIntercept(PhaseInterceptorChain.java:307)
	at org.apache.cxf.endpoint.ClientImpl.doInvoke(ClientImpl.java:528)
	at org.apache.cxf.endpoint.ClientImpl.invoke(ClientImpl.java:439)
	at org.apache.cxf.ws.rm.Proxy.invoke(Proxy.java:344)
	at org.apache.cxf.ws.rm.Proxy.invoke(Proxy.java:307)
	at org.apache.cxf.ws.rm.Proxy.createSequence(Proxy.java:208)
	at org.apache.cxf.ws.rm.RMManager.getSequence(RMManager.java:492)
	at org.apache.cxf.ws.rm.RMCaptureOutInterceptor.handle(RMCaptureOutInterceptor.java:164)
	at org.apache.cxf.ws.rm.AbstractRMInterceptor.handleMessage(AbstractRMInterceptor.java:83)
	at org.apache.cxf.phase.PhaseInterceptorChain.doIntercept(PhaseInterceptorChain.java:307)
	at org.apache.cxf.endpoint.ClientImpl.doInvoke(ClientImpl.java:528)
	at org.apache.cxf.endpoint.ClientImpl.invoke(ClientImpl.java:439)
	at org.apache.cxf.endpoint.ClientImpl.invoke(ClientImpl.java:354)
	at org.apache.cxf.endpoint.ClientImpl.invoke(ClientImpl.java:312)
	at org.apache.cxf.frontend.ClientProxy.invokeSync(ClientProxy.java:96)
	at org.apache.cxf.jaxws.JaxWsClientProxy.invoke(JaxWsClientProxy.java:140)
	at jdk.proxy6/jdk.proxy6.$Proxy193.addContact(Unknown Source)
	at de.jochenr.integration.contact.ContactTest.testAddContactBackendSoap(ContactTest.java:138)
	at java.base/jdk.internal.reflect.NativeMethodAccessorImpl.invoke0(Native Method)
	at java.base/jdk.internal.reflect.NativeMethodAccessorImpl.invoke(NativeMethodAccessorImpl.java:77)
	at java.base/jdk.internal.reflect.DelegatingMethodAccessorImpl.invoke(DelegatingMethodAccessorImpl.java:43)
	at java.base/java.lang.reflect.Method.invoke(Method.java:568)
	at io.quarkus.test.junit.QuarkusTestExtension.runExtensionMethod(QuarkusTestExtension.java:1015)
	at io.quarkus.test.junit.QuarkusTestExtension.interceptTestMethod(QuarkusTestExtension.java:829)
	at org.junit.jupiter.engine.execution.InterceptingExecutableInvoker$ReflectiveInterceptorCall.lambda$ofVoidMethod$0(InterceptingExecutableInvoker.java:103)
	at org.junit.jupiter.engine.execution.InterceptingExecutableInvoker.lambda$invoke$0(InterceptingExecutableInvoker.java:93)
	at org.junit.jupiter.engine.execution.InvocationInterceptorChain$InterceptedInvocation.proceed(InvocationInterceptorChain.java:106)
	at org.junit.jupiter.engine.extension.TimeoutExtension.intercept(TimeoutExtension.java:156)
	at org.junit.jupiter.engine.extension.TimeoutExtension.interceptTestableMethod(TimeoutExtension.java:147)
	at org.junit.jupiter.engine.extension.TimeoutExtension.interceptTestMethod(TimeoutExtension.java:86)
	at org.junit.jupiter.engine.execution.InterceptingExecutableInvoker$ReflectiveInterceptorCall.lambda$ofVoidMethod$0(InterceptingExecutableInvoker.java:103)
	at org.junit.jupiter.engine.execution.InterceptingExecutableInvoker.lambda$invoke$0(InterceptingExecutableInvoker.java:93)
	at org.junit.jupiter.engine.execution.InvocationInterceptorChain$InterceptedInvocation.proceed(InvocationInterceptorChain.java:106)
	at org.junit.jupiter.engine.execution.InvocationInterceptorChain.proceed(InvocationInterceptorChain.java:64)
	at org.junit.jupiter.engine.execution.InvocationInterceptorChain.chainAndInvoke(InvocationInterceptorChain.java:45)
	at org.junit.jupiter.engine.execution.InvocationInterceptorChain.invoke(InvocationInterceptorChain.java:37)
	at org.junit.jupiter.engine.execution.InterceptingExecutableInvoker.invoke(InterceptingExecutableInvoker.java:92)
	at org.junit.jupiter.engine.execution.InterceptingExecutableInvoker.invoke(InterceptingExecutableInvoker.java:86)
	at org.junit.jupiter.engine.descriptor.TestMethodTestDescriptor.lambda$invokeTestMethod$7(TestMethodTestDescriptor.java:217)
	at org.junit.platform.engine.support.hierarchical.ThrowableCollector.execute(ThrowableCollector.java:73)
	at org.junit.jupiter.engine.descriptor.TestMethodTestDescriptor.invokeTestMethod(TestMethodTestDescriptor.java:213)
	at org.junit.jupiter.engine.descriptor.TestMethodTestDescriptor.execute(TestMethodTestDescriptor.java:138)
	at org.junit.jupiter.engine.descriptor.TestMethodTestDescriptor.execute(TestMethodTestDescriptor.java:68)
	at org.junit.platform.engine.support.hierarchical.NodeTestTask.lambda$executeRecursively$6(NodeTestTask.java:151)
	at org.junit.platform.engine.support.hierarchical.ThrowableCollector.execute(ThrowableCollector.java:73)
	at org.junit.platform.engine.support.hierarchical.NodeTestTask.lambda$executeRecursively$8(NodeTestTask.java:141)
	at org.junit.platform.engine.support.hierarchical.Node.around(Node.java:137)
	at org.junit.platform.engine.support.hierarchical.NodeTestTask.lambda$executeRecursively$9(NodeTestTask.java:139)
	at org.junit.platform.engine.support.hierarchical.ThrowableCollector.execute(ThrowableCollector.java:73)
	at org.junit.platform.engine.support.hierarchical.NodeTestTask.executeRecursively(NodeTestTask.java:138)
	at org.junit.platform.engine.support.hierarchical.NodeTestTask.execute(NodeTestTask.java:95)
	at java.base/java.util.ArrayList.forEach(ArrayList.java:1511)
	at org.junit.platform.engine.support.hierarchical.SameThreadHierarchicalTestExecutorService.invokeAll(SameThreadHierarchicalTestExecutorService.java:41)
	at org.junit.platform.engine.support.hierarchical.NodeTestTask.lambda$executeRecursively$6(NodeTestTask.java:155)
	at org.junit.platform.engine.support.hierarchical.ThrowableCollector.execute(ThrowableCollector.java:73)
	at org.junit.platform.engine.support.hierarchical.NodeTestTask.lambda$executeRecursively$8(NodeTestTask.java:141)
	at org.junit.platform.engine.support.hierarchical.Node.around(Node.java:137)
	at org.junit.platform.engine.support.hierarchical.NodeTestTask.lambda$executeRecursively$9(NodeTestTask.java:139)
	at org.junit.platform.engine.support.hierarchical.ThrowableCollector.execute(ThrowableCollector.java:73)
	at org.junit.platform.engine.support.hierarchical.NodeTestTask.executeRecursively(NodeTestTask.java:138)
	at org.junit.platform.engine.support.hierarchical.NodeTestTask.execute(NodeTestTask.java:95)
	at java.base/java.util.ArrayList.forEach(ArrayList.java:1511)
	at org.junit.platform.engine.support.hierarchical.SameThreadHierarchicalTestExecutorService.invokeAll(SameThreadHierarchicalTestExecutorService.java:41)
	at org.junit.platform.engine.support.hierarchical.NodeTestTask.lambda$executeRecursively$6(NodeTestTask.java:155)
	at org.junit.platform.engine.support.hierarchical.ThrowableCollector.execute(ThrowableCollector.java:73)
	at org.junit.platform.engine.support.hierarchical.NodeTestTask.lambda$executeRecursively$8(NodeTestTask.java:141)
	at org.junit.platform.engine.support.hierarchical.Node.around(Node.java:137)
	at org.junit.platform.engine.support.hierarchical.NodeTestTask.lambda$executeRecursively$9(NodeTestTask.java:139)
	at org.junit.platform.engine.support.hierarchical.ThrowableCollector.execute(ThrowableCollector.java:73)
	at org.junit.platform.engine.support.hierarchical.NodeTestTask.executeRecursively(NodeTestTask.java:138)
	at org.junit.platform.engine.support.hierarchical.NodeTestTask.execute(NodeTestTask.java:95)
	at org.junit.platform.engine.support.hierarchical.SameThreadHierarchicalTestExecutorService.submit(SameThreadHierarchicalTestExecutorService.java:35)
	at org.junit.platform.engine.support.hierarchical.HierarchicalTestExecutor.execute(HierarchicalTestExecutor.java:57)
	at org.junit.platform.engine.support.hierarchical.HierarchicalTestEngine.execute(HierarchicalTestEngine.java:54)
	at org.junit.platform.launcher.core.EngineExecutionOrchestrator.execute(EngineExecutionOrchestrator.java:147)
	at org.junit.platform.launcher.core.EngineExecutionOrchestrator.execute(EngineExecutionOrchestrator.java:127)
	at org.junit.platform.launcher.core.EngineExecutionOrchestrator.execute(EngineExecutionOrchestrator.java:90)
	at org.junit.platform.launcher.core.EngineExecutionOrchestrator.lambda$execute$0(EngineExecutionOrchestrator.java:55)
	at org.junit.platform.launcher.core.EngineExecutionOrchestrator.withInterceptedStreams(EngineExecutionOrchestrator.java:102)
	at org.junit.platform.launcher.core.EngineExecutionOrchestrator.execute(EngineExecutionOrchestrator.java:54)
	at org.junit.platform.launcher.core.DefaultLauncher.execute(DefaultLauncher.java:114)
	at org.junit.platform.launcher.core.DefaultLauncher.execute(DefaultLauncher.java:86)
	at org.junit.platform.launcher.core.DefaultLauncherSession$DelegatingLauncher.execute(DefaultLauncherSession.java:86)
	at org.apache.maven.surefire.junitplatform.LazyLauncher.execute(LazyLauncher.java:56)
	at org.apache.maven.surefire.junitplatform.JUnitPlatformProvider.execute(JUnitPlatformProvider.java:184)
	at org.apache.maven.surefire.junitplatform.JUnitPlatformProvider.invokeAllTests(JUnitPlatformProvider.java:148)
	at org.apache.maven.surefire.junitplatform.JUnitPlatformProvider.invoke(JUnitPlatformProvider.java:122)
	at org.apache.maven.surefire.booter.ForkedBooter.runSuitesInProcess(ForkedBooter.java:385)
	at org.apache.maven.surefire.booter.ForkedBooter.execute(ForkedBooter.java:162)
	at org.apache.maven.surefire.booter.ForkedBooter.run(ForkedBooter.java:507)
	at org.apache.maven.surefire.booter.ForkedBooter.main(ForkedBooter.java:495)
Caused by: java.net.http.HttpConnectTimeoutException: HttpConnectTimeoutException invoking https://nowhere.com:8080/mustgetoverridden: HTTP connect timed out
	at java.base/jdk.internal.reflect.NativeConstructorAccessorImpl.newInstance0(Native Method)
	at java.base/jdk.internal.reflect.NativeConstructorAccessorImpl.newInstance(NativeConstructorAccessorImpl.java:77)
	at java.base/jdk.internal.reflect.DelegatingConstructorAccessorImpl.newInstance(DelegatingConstructorAccessorImpl.java:45)
	at java.base/java.lang.reflect.Constructor.newInstanceWithCaller(Constructor.java:499)
	at java.base/java.lang.reflect.Constructor.newInstance(Constructor.java:480)
	at org.apache.cxf.transport.http.HTTPConduit$WrappedOutputStream.mapException(HTTPConduit.java:1430)
	at org.apache.cxf.transport.http.HTTPConduit$WrappedOutputStream.close(HTTPConduit.java:1411)
	at org.apache.cxf.transport.AbstractConduit.close(AbstractConduit.java:56)
	at org.apache.cxf.transport.http.HTTPConduit.close(HTTPConduit.java:695)
	at org.apache.cxf.interceptor.MessageSenderInterceptor$MessageSenderEndingInterceptor.handleMessage(MessageSenderInterceptor.java:63)
	... 91 more
Caused by: java.net.http.HttpConnectTimeoutException: HTTP connect timed out
	at java.net.http/jdk.internal.net.http.MultiExchange.toTimeoutException(MultiExchange.java:580)
	at java.net.http/jdk.internal.net.http.MultiExchange.getExceptionalCF(MultiExchange.java:527)
	at java.net.http/jdk.internal.net.http.MultiExchange.lambda$responseAsyncImpl$7(MultiExchange.java:447)
	at java.base/java.util.concurrent.CompletableFuture.uniHandle(CompletableFuture.java:934)
	at java.base/java.util.concurrent.CompletableFuture$UniHandle.tryFire(CompletableFuture.java:911)
	at java.base/java.util.concurrent.CompletableFuture.postComplete(CompletableFuture.java:510)
	at java.base/java.util.concurrent.CompletableFuture.completeExceptionally(CompletableFuture.java:2162)
	at java.net.http/jdk.internal.net.http.Exchange.checkCancelled(Exchange.java:287)
	at java.net.http/jdk.internal.net.http.Exchange.cancel(Exchange.java:250)
	at java.net.http/jdk.internal.net.http.MultiExchange.cancel(MultiExchange.java:260)
	at java.net.http/jdk.internal.net.http.PlainHttpConnection$ConnectTimerEvent.handle(PlainHttpConnection.java:102)
	at java.net.http/jdk.internal.net.http.HttpClientImpl.purgeTimeoutsAndReturnNextDeadline(HttpClientImpl.java:1270)
	at java.net.http/jdk.internal.net.http.HttpClientImpl$SelectorManager.run(HttpClientImpl.java:899)
Caused by: java.net.ConnectException: HTTP connect timed out
	at java.net.http/jdk.internal.net.http.MultiExchange.toTimeoutException(MultiExchange.java:581)
	... 12 more
&amp#27;[39m&amp#27;[38;5;227m
&amp#27;[39m&amp#27;[38;5;145m2023-09-22 08:14:04,734&amp#27;[39m&amp#27;[38;5;188m &amp#27;[39m&amp#27;[38;5;137mWARN &amp#27;[39m&amp#27;[38;5;188m [&amp#27;[39m&amp#27;[38;5;69morg.apa.cxf.pha.PhaseInterceptorChain&amp#27;[39m&amp#27;[38;5;188m] (&amp#27;[39m&amp#27;[38;5;71mmain&amp#27;[39m&amp#27;[38;5;188m) &amp#27;[39m&amp#27;[38;5;151mInterceptor for {http://de.jochenr.camel-quarkus/cxf-soap/ContactService}ContactService#{http://de.jochenr.camel-quarkus/cxf-soap/ContactService}addContact has thrown exception, unwinding now&amp#27;[39m&amp#27;[38;5;203m: org.apache.cxf.interceptor.Fault: Failed to send RM protocol message {http://schemas.xmlsoap.org/ws/2005/02/rm}CreateSequence.
	at org.apache.cxf.ws.rm.AbstractRMInterceptor.handleMessage(AbstractRMInterceptor.java:104)
	at org.apache.cxf.phase.PhaseInterceptorChain.doIntercept(PhaseInterceptorChain.java:307)
	at org.apache.cxf.endpoint.ClientImpl.doInvoke(ClientImpl.java:528)
	at org.apache.cxf.endpoint.ClientImpl.invoke(ClientImpl.java:439)
	at org.apache.cxf.endpoint.ClientImpl.invoke(ClientImpl.java:354)
	at org.apache.cxf.endpoint.ClientImpl.invoke(ClientImpl.java:312)
	at org.apache.cxf.frontend.ClientProxy.invokeSync(ClientProxy.java:96)
	at org.apache.cxf.jaxws.JaxWsClientProxy.invoke(JaxWsClientProxy.java:140)
	at jdk.proxy6/jdk.proxy6.$Proxy193.addContact(Unknown Source)
	at de.jochenr.integration.contact.ContactTest.testAddContactBackendSoap(ContactTest.java:138)
	at java.base/jdk.internal.reflect.NativeMethodAccessorImpl.invoke0(Native Method)
	at java.base/jdk.internal.reflect.NativeMethodAccessorImpl.invoke(NativeMethodAccessorImpl.java:77)
	at java.base/jdk.internal.reflect.DelegatingMethodAccessorImpl.invoke(DelegatingMethodAccessorImpl.java:43)
	at java.base/java.lang.reflect.Method.invoke(Method.java:568)
	at io.quarkus.test.junit.QuarkusTestExtension.runExtensionMethod(QuarkusTestExtension.java:1015)
	at io.quarkus.test.junit.QuarkusTestExtension.interceptTestMethod(QuarkusTestExtension.java:829)
	at org.junit.jupiter.engine.execution.InterceptingExecutableInvoker$ReflectiveInterceptorCall.lambda$ofVoidMethod$0(InterceptingExecutableInvoker.java:103)
	at org.junit.jupiter.engine.execution.InterceptingExecutableInvoker.lambda$invoke$0(InterceptingExecutableInvoker.java:93)
	at org.junit.jupiter.engine.execution.InvocationInterceptorChain$InterceptedInvocation.proceed(InvocationInterceptorChain.java:106)
	at org.junit.jupiter.engine.extension.TimeoutExtension.intercept(TimeoutExtension.java:156)
	at org.junit.jupiter.engine.extension.TimeoutExtension.interceptTestableMethod(TimeoutExtension.java:147)
	at org.junit.jupiter.engine.extension.TimeoutExtension.interceptTestMethod(TimeoutExtension.java:86)
	at org.junit.jupiter.engine.execution.InterceptingExecutableInvoker$ReflectiveInterceptorCall.lambda$ofVoidMethod$0(InterceptingExecutableInvoker.java:103)
	at org.junit.jupiter.engine.execution.InterceptingExecutableInvoker.lambda$invoke$0(InterceptingExecutableInvoker.java:93)
	at org.junit.jupiter.engine.execution.InvocationInterceptorChain$InterceptedInvocation.proceed(InvocationInterceptorChain.java:106)
	at org.junit.jupiter.engine.execution.InvocationInterceptorChain.proceed(InvocationInterceptorChain.java:64)
	at org.junit.jupiter.engine.execution.InvocationInterceptorChain.chainAndInvoke(InvocationInterceptorChain.java:45)
	at org.junit.jupiter.engine.execution.InvocationInterceptorChain.invoke(InvocationInterceptorChain.java:37)
	at org.junit.jupiter.engine.execution.InterceptingExecutableInvoker.invoke(InterceptingExecutableInvoker.java:92)
	at org.junit.jupiter.engine.execution.InterceptingExecutableInvoker.invoke(InterceptingExecutableInvoker.java:86)
	at org.junit.jupiter.engine.descriptor.TestMethodTestDescriptor.lambda$invokeTestMethod$7(TestMethodTestDescriptor.java:217)
	at org.junit.platform.engine.support.hierarchical.ThrowableCollector.execute(ThrowableCollector.java:73)
	at org.junit.jupiter.engine.descriptor.TestMethodTestDescriptor.invokeTestMethod(TestMethodTestDescriptor.java:213)
	at org.junit.jupiter.engine.descriptor.TestMethodTestDescriptor.execute(TestMethodTestDescriptor.java:138)
	at org.junit.jupiter.engine.descriptor.TestMethodTestDescriptor.execute(TestMethodTestDescriptor.java:68)
	at org.junit.platform.engine.support.hierarchical.NodeTestTask.lambda$executeRecursively$6(NodeTestTask.java:151)
	at org.junit.platform.engine.support.hierarchical.ThrowableCollector.execute(ThrowableCollector.java:73)
	at org.junit.platform.engine.support.hierarchical.NodeTestTask.lambda$executeRecursively$8(NodeTestTask.java:141)
	at org.junit.platform.engine.support.hierarchical.Node.around(Node.java:137)
	at org.junit.platform.engine.support.hierarchical.NodeTestTask.lambda$executeRecursively$9(NodeTestTask.java:139)
	at org.junit.platform.engine.support.hierarchical.ThrowableCollector.execute(ThrowableCollector.java:73)
	at org.junit.platform.engine.support.hierarchical.NodeTestTask.executeRecursively(NodeTestTask.java:138)
	at org.junit.platform.engine.support.hierarchical.NodeTestTask.execute(NodeTestTask.java:95)
	at java.base/java.util.ArrayList.forEach(ArrayList.java:1511)
	at org.junit.platform.engine.support.hierarchical.SameThreadHierarchicalTestExecutorService.invokeAll(SameThreadHierarchicalTestExecutorService.java:41)
	at org.junit.platform.engine.support.hierarchical.NodeTestTask.lambda$executeRecursively$6(NodeTestTask.java:155)
	at org.junit.platform.engine.support.hierarchical.ThrowableCollector.execute(ThrowableCollector.java:73)
	at org.junit.platform.engine.support.hierarchical.NodeTestTask.lambda$executeRecursively$8(NodeTestTask.java:141)
	at org.junit.platform.engine.support.hierarchical.Node.around(Node.java:137)
	at org.junit.platform.engine.support.hierarchical.NodeTestTask.lambda$executeRecursively$9(NodeTestTask.java:139)
	at org.junit.platform.engine.support.hierarchical.ThrowableCollector.execute(ThrowableCollector.java:73)
	at org.junit.platform.engine.support.hierarchical.NodeTestTask.executeRecursively(NodeTestTask.java:138)
	at org.junit.platform.engine.support.hierarchical.NodeTestTask.execute(NodeTestTask.java:95)
	at java.base/java.util.ArrayList.forEach(ArrayList.java:1511)
	at org.junit.platform.engine.support.hierarchical.SameThreadHierarchicalTestExecutorService.invokeAll(SameThreadHierarchicalTestExecutorService.java:41)
	at org.junit.platform.engine.support.hierarchical.NodeTestTask.lambda$executeRecursively$6(NodeTestTask.java:155)
	at org.junit.platform.engine.support.hierarchical.ThrowableCollector.execute(ThrowableCollector.java:73)
	at org.junit.platform.engine.support.hierarchical.NodeTestTask.lambda$executeRecursively$8(NodeTestTask.java:141)
	at org.junit.platform.engine.support.hierarchical.Node.around(Node.java:137)
	at org.junit.platform.engine.support.hierarchical.NodeTestTask.lambda$executeRecursively$9(NodeTestTask.java:139)
	at org.junit.platform.engine.support.hierarchical.ThrowableCollector.execute(ThrowableCollector.java:73)
	at org.junit.platform.engine.support.hierarchical.NodeTestTask.executeRecursively(NodeTestTask.java:138)
	at org.junit.platform.engine.support.hierarchical.NodeTestTask.execute(NodeTestTask.java:95)
	at org.junit.platform.engine.support.hierarchical.SameThreadHierarchicalTestExecutorService.submit(SameThreadHierarchicalTestExecutorService.java:35)
	at org.junit.platform.engine.support.hierarchical.HierarchicalTestExecutor.execute(HierarchicalTestExecutor.java:57)
	at org.junit.platform.engine.support.hierarchical.HierarchicalTestEngine.execute(HierarchicalTestEngine.java:54)
	at org.junit.platform.launcher.core.EngineExecutionOrchestrator.execute(EngineExecutionOrchestrator.java:147)
	at org.junit.platform.launcher.core.EngineExecutionOrchestrator.execute(EngineExecutionOrchestrator.java:127)
	at org.junit.platform.launcher.core.EngineExecutionOrchestrator.execute(EngineExecutionOrchestrator.java:90)
	at org.junit.platform.launcher.core.EngineExecutionOrchestrator.lambda$execute$0(EngineExecutionOrchestrator.java:55)
	at org.junit.platform.launcher.core.EngineExecutionOrchestrator.withInterceptedStreams(EngineExecutionOrchestrator.java:102)
	at org.junit.platform.launcher.core.EngineExecutionOrchestrator.execute(EngineExecutionOrchestrator.java:54)
	at org.junit.platform.launcher.core.DefaultLauncher.execute(DefaultLauncher.java:114)
	at org.junit.platform.launcher.core.DefaultLauncher.execute(DefaultLauncher.java:86)
	at org.junit.platform.launcher.core.DefaultLauncherSession$DelegatingLauncher.execute(DefaultLauncherSession.java:86)
	at org.apache.maven.surefire.junitplatform.LazyLauncher.execute(LazyLauncher.java:56)
	at org.apache.maven.surefire.junitplatform.JUnitPlatformProvider.execute(JUnitPlatformProvider.java:184)
	at org.apache.maven.surefire.junitplatform.JUnitPlatformProvider.invokeAllTests(JUnitPlatformProvider.java:148)
	at org.apache.maven.surefire.junitplatform.JUnitPlatformProvider.invoke(JUnitPlatformProvider.java:122)
	at org.apache.maven.surefire.booter.ForkedBooter.runSuitesInProcess(ForkedBooter.java:385)
	at org.apache.maven.surefire.booter.ForkedBooter.execute(ForkedBooter.java:162)
	at org.apache.maven.surefire.booter.ForkedBooter.run(ForkedBooter.java:507)
	at org.apache.maven.surefire.booter.ForkedBooter.main(ForkedBooter.java:495)
Caused by: org.apache.cxf.ws.rm.RMException: Failed to send RM protocol message {http://schemas.xmlsoap.org/ws/2005/02/rm}CreateSequence.
	at org.apache.cxf.ws.rm.Proxy.invoke(Proxy.java:354)
	at org.apache.cxf.ws.rm.Proxy.invoke(Proxy.java:307)
	at org.apache.cxf.ws.rm.Proxy.createSequence(Proxy.java:208)
	at org.apache.cxf.ws.rm.RMManager.getSequence(RMManager.java:492)
	at org.apache.cxf.ws.rm.RMCaptureOutInterceptor.handle(RMCaptureOutInterceptor.java:164)
	at org.apache.cxf.ws.rm.AbstractRMInterceptor.handleMessage(AbstractRMInterceptor.java:83)
	... 82 more
Caused by: org.apache.cxf.interceptor.Fault: Could not send Message.
	at org.apache.cxf.interceptor.MessageSenderInterceptor$MessageSenderEndingInterceptor.handleMessage(MessageSenderInterceptor.java:67)
	at org.apache.cxf.phase.PhaseInterceptorChain.doIntercept(PhaseInterceptorChain.java:307)
	at org.apache.cxf.endpoint.ClientImpl.doInvoke(ClientImpl.java:528)
	at org.apache.cxf.endpoint.ClientImpl.invoke(ClientImpl.java:439)
	at org.apache.cxf.ws.rm.Proxy.invoke(Proxy.java:344)
	... 87 more
Caused by: java.net.http.HttpConnectTimeoutException: HttpConnectTimeoutException invoking https://nowhere.com:8080/mustgetoverridden: HTTP connect timed out
	at java.base/jdk.internal.reflect.NativeConstructorAccessorImpl.newInstance0(Native Method)
	at java.base/jdk.internal.reflect.NativeConstructorAccessorImpl.newInstance(NativeConstructorAccessorImpl.java:77)
	at java.base/jdk.internal.reflect.DelegatingConstructorAccessorImpl.newInstance(DelegatingConstructorAccessorImpl.java:45)
	at java.base/java.lang.reflect.Constructor.newInstanceWithCaller(Constructor.java:499)
	at java.base/java.lang.reflect.Constructor.newInstance(Constructor.java:480)
	at org.apache.cxf.transport.http.HTTPConduit$WrappedOutputStream.mapException(HTTPConduit.java:1430)
	at org.apache.cxf.transport.http.HTTPConduit$WrappedOutputStream.close(HTTPConduit.java:1411)
	at org.apache.cxf.transport.AbstractConduit.close(AbstractConduit.java:56)
	at org.apache.cxf.transport.http.HTTPConduit.close(HTTPConduit.java:695)
	at org.apache.cxf.interceptor.MessageSenderInterceptor$MessageSenderEndingInterceptor.handleMessage(MessageSenderInterceptor.java:63)
	... 91 more
Caused by: java.net.http.HttpConnectTimeoutException: HTTP connect timed out
	at java.net.http/jdk.internal.net.http.MultiExchange.toTimeoutException(MultiExchange.java:580)
	at java.net.http/jdk.internal.net.http.MultiExchange.getExceptionalCF(MultiExchange.java:527)
	at java.net.http/jdk.internal.net.http.MultiExchange.lambda$responseAsyncImpl$7(MultiExchange.java:447)
	at java.base/java.util.concurrent.CompletableFuture.uniHandle(CompletableFuture.java:934)
	at java.base/java.util.concurrent.CompletableFuture$UniHandle.tryFire(CompletableFuture.java:911)
	at java.base/java.util.concurrent.CompletableFuture.postComplete(CompletableFuture.java:510)
	at java.base/java.util.concurrent.CompletableFuture.completeExceptionally(CompletableFuture.java:2162)
	at java.net.http/jdk.internal.net.http.Exchange.checkCancelled(Exchange.java:287)
	at java.net.http/jdk.internal.net.http.Exchange.cancel(Exchange.java:250)
	at java.net.http/jdk.internal.net.http.MultiExchange.cancel(MultiExchange.java:260)
	at java.net.http/jdk.internal.net.http.PlainHttpConnection$ConnectTimerEvent.handle(PlainHttpConnection.java:102)
	at java.net.http/jdk.internal.net.http.HttpClientImpl.purgeTimeoutsAndReturnNextDeadline(HttpClientImpl.java:1270)
	at java.net.http/jdk.internal.net.http.HttpClientImpl$SelectorManager.run(HttpClientImpl.java:899)
Caused by: java.net.ConnectException: HTTP connect timed out
	at java.net.http/jdk.internal.net.http.MultiExchange.toTimeoutException(MultiExchange.java:581)
	... 12 more
&amp#27;[39m&amp#27;[38;5;227m
&amp#27;[39m]]></system-out>
    <system-err><![CDATA[@QuarkusTest has detected a hang, as there has been no test activity in PT30S
To configure this timeout use the quarkus.test.hang-detection-timeout config property
A stack trace is below to help diagnose the potential hang
=== Stack Trace ===
Thread main: TIMED_WAITING
  Stack:
    java.base@17.0.8/jdk.internal.misc.Unsafe.park(Native Method)
    java.base@17.0.8/java.util.concurrent.locks.LockSupport.parkNanos(LockSupport.java:252)
    java.base@17.0.8/java.util.concurrent.CompletableFuture$Signaller.block(CompletableFuture.java:1866)
    java.base@17.0.8/java.util.concurrent.ForkJoinPool.unmanagedBlock(ForkJoinPool.java:3465)
    java.base@17.0.8/java.util.concurrent.ForkJoinPool.managedBlock(ForkJoinPool.java:3436)
    java.base@17.0.8/java.util.concurrent.CompletableFuture.timedGet(CompletableFuture.java:1939)
    java.base@17.0.8/java.util.concurrent.CompletableFuture.get(CompletableFuture.java:2095)
    org.apache.cxf.transport.http.HttpClientHTTPConduit$HttpClientWrappedOutputStream.getResponse(HttpClientHTTPConduit.java:440)
    org.apache.cxf.transport.http.HttpClientHTTPConduit$HttpClientWrappedOutputStream.getResponseCode(HttpClientHTTPConduit.java:469)
    org.apache.cxf.transport.http.HTTPConduit$WrappedOutputStream.doProcessResponseCode(HTTPConduit.java:1631)
    org.apache.cxf.transport.http.HTTPConduit$WrappedOutputStream.handleResponseInternal(HTTPConduit.java:1662)
    org.apache.cxf.transport.http.HTTPConduit$WrappedOutputStream.handleResponse(HTTPConduit.java:1604)
    org.apache.cxf.transport.http.HTTPConduit$WrappedOutputStream.close(HTTPConduit.java:1398)
    org.apache.cxf.transport.AbstractConduit.close(AbstractConduit.java:56)
    org.apache.cxf.transport.http.HTTPConduit.close(HTTPConduit.java:695)
    org.apache.cxf.interceptor.MessageSenderInterceptor$MessageSenderEndingInterceptor.handleMessage(MessageSenderInterceptor.java:63)
    org.apache.cxf.phase.PhaseInterceptorChain.doIntercept(PhaseInterceptorChain.java:307)
    org.apache.cxf.endpoint.ClientImpl.doInvoke(ClientImpl.java:528)
    org.apache.cxf.endpoint.ClientImpl.invoke(ClientImpl.java:439)
    org.apache.cxf.ws.rm.Proxy.invoke(Proxy.java:344)
    org.apache.cxf.ws.rm.Proxy.invoke(Proxy.java:307)
    org.apache.cxf.ws.rm.Proxy.createSequence(Proxy.java:208)
    org.apache.cxf.ws.rm.RMManager.getSequence(RMManager.java:492)
    org.apache.cxf.ws.rm.RMCaptureOutInterceptor.handle(RMCaptureOutInterceptor.java:164)
    org.apache.cxf.ws.rm.AbstractRMInterceptor.handleMessage(AbstractRMInterceptor.java:83)
    org.apache.cxf.phase.PhaseInterceptorChain.doIntercept(PhaseInterceptorChain.java:307)
    org.apache.cxf.endpoint.ClientImpl.doInvoke(ClientImpl.java:528)
    org.apache.cxf.endpoint.ClientImpl.invoke(ClientImpl.java:439)
    org.apache.cxf.endpoint.ClientImpl.invoke(ClientImpl.java:354)
    org.apache.cxf.endpoint.ClientImpl.invoke(ClientImpl.java:312)
    org.apache.cxf.frontend.ClientProxy.invokeSync(ClientProxy.java:96)
    org.apache.cxf.jaxws.JaxWsClientProxy.invoke(JaxWsClientProxy.java:140)
    jdk.proxy6/jdk.proxy6.$Proxy193.addContact(Unknown Source)
    de.jochenr.integration.contact.ContactTest.testAddContactBackendSoap(ContactTest.java:138)
    java.base@17.0.8/jdk.internal.reflect.NativeMethodAccessorImpl.invoke0(Native Method)
    java.base@17.0.8/jdk.internal.reflect.NativeMethodAccessorImpl.invoke(NativeMethodAccessorImpl.java:77)
    java.base@17.0.8/jdk.internal.reflect.DelegatingMethodAccessorImpl.invoke(DelegatingMethodAccessorImpl.java:43)
    java.base@17.0.8/java.lang.reflect.Method.invoke(Method.java:568)
    app//io.quarkus.test.junit.QuarkusTestExtension.runExtensionMethod(QuarkusTestExtension.java:1015)
    app//io.quarkus.test.junit.QuarkusTestExtension.interceptTestMethod(QuarkusTestExtension.java:829)
    app//org.junit.jupiter.engine.descriptor.TestMethodTestDescriptor$$Lambda$236/0x000001450109e1f8.apply(Unknown Source)
    app//org.junit.jupiter.engine.execution.InterceptingExecutableInvoker$ReflectiveInterceptorCall.lambda$ofVoidMethod$0(InterceptingExecutableInvoker.java:103)
    app//org.junit.jupiter.engine.execution.InterceptingExecutableInvoker$ReflectiveInterceptorCall$$Lambda$237/0x000001450109e608.apply(Unknown Source)
    app//org.junit.jupiter.engine.execution.InterceptingExecutableInvoker.lambda$invoke$0(InterceptingExecutableInvoker.java:93)
    app//org.junit.jupiter.engine.execution.InterceptingExecutableInvoker$$Lambda$1900/0x0000014501b39800.apply(Unknown Source)
    app//org.junit.jupiter.engine.execution.InvocationInterceptorChain$InterceptedInvocation.proceed(InvocationInterceptorChain.java:106)
    app//org.junit.jupiter.engine.extension.TimeoutExtension.intercept(TimeoutExtension.java:156)
    app//org.junit.jupiter.engine.extension.TimeoutExtension.interceptTestableMethod(TimeoutExtension.java:147)
    app//org.junit.jupiter.engine.extension.TimeoutExtension.interceptTestMethod(TimeoutExtension.java:86)
    app//org.junit.jupiter.engine.descriptor.TestMethodTestDescriptor$$Lambda$236/0x000001450109e1f8.apply(Unknown Source)
    app//org.junit.jupiter.engine.execution.InterceptingExecutableInvoker$ReflectiveInterceptorCall.lambda$ofVoidMethod$0(InterceptingExecutableInvoker.java:103)
    app//org.junit.jupiter.engine.execution.InterceptingExecutableInvoker$ReflectiveInterceptorCall$$Lambda$237/0x000001450109e608.apply(Unknown Source)
    app//org.junit.jupiter.engine.execution.InterceptingExecutableInvoker.lambda$invoke$0(InterceptingExecutableInvoker.java:93)
    app//org.junit.jupiter.engine.execution.InterceptingExecutableInvoker$$Lambda$1900/0x0000014501b39800.apply(Unknown Source)
    app//org.junit.jupiter.engine.execution.InvocationInterceptorChain$InterceptedInvocation.proceed(InvocationInterceptorChain.java:106)
    app//org.junit.jupiter.engine.execution.InvocationInterceptorChain.proceed(InvocationInterceptorChain.java:64)
    app//org.junit.jupiter.engine.execution.InvocationInterceptorChain.chainAndInvoke(InvocationInterceptorChain.java:45)
    app//org.junit.jupiter.engine.execution.InvocationInterceptorChain.invoke(InvocationInterceptorChain.java:37)
    app//org.junit.jupiter.engine.execution.InterceptingExecutableInvoker.invoke(InterceptingExecutableInvoker.java:92)
    app//org.junit.jupiter.engine.execution.InterceptingExecutableInvoker.invoke(InterceptingExecutableInvoker.java:86)
    app//org.junit.jupiter.engine.descriptor.TestMethodTestDescriptor.lambda$invokeTestMethod$7(TestMethodTestDescriptor.java:217)
    app//org.junit.jupiter.engine.descriptor.TestMethodTestDescriptor$$Lambda$2005/0x0000014501c91ac8.execute(Unknown Source)
    app//org.junit.platform.engine.support.hierarchical.ThrowableCollector.execute(ThrowableCollector.java:73)
    app//org.junit.jupiter.engine.descriptor.TestMethodTestDescriptor.invokeTestMethod(TestMethodTestDescriptor.java:213)
    app//org.junit.jupiter.engine.descriptor.TestMethodTestDescriptor.execute(TestMethodTestDescriptor.java:138)
    app//org.junit.jupiter.engine.descriptor.TestMethodTestDescriptor.execute(TestMethodTestDescriptor.java:68)
    app//org.junit.platform.engine.support.hierarchical.NodeTestTask.lambda$executeRecursively$6(NodeTestTask.java:151)
    app//org.junit.platform.engine.support.hierarchical.NodeTestTask$$Lambda$312/0x00000145010b1be0.execute(Unknown Source)
    app//org.junit.platform.engine.support.hierarchical.ThrowableCollector.execute(ThrowableCollector.java:73)
    app//org.junit.platform.engine.support.hierarchical.NodeTestTask.lambda$executeRecursively$8(NodeTestTask.java:141)
    app//org.junit.platform.engine.support.hierarchical.NodeTestTask$$Lambda$311/0x00000145010b19c0.invoke(Unknown Source)
    app//org.junit.platform.engine.support.hierarchical.Node.around(Node.java:137)
    app//org.junit.platform.engine.support.hierarchical.NodeTestTask.lambda$executeRecursively$9(NodeTestTask.java:139)
    app//org.junit.platform.engine.support.hierarchical.NodeTestTask$$Lambda$310/0x00000145010b3dd0.execute(Unknown Source)
    app//org.junit.platform.engine.support.hierarchical.ThrowableCollector.execute(ThrowableCollector.java:73)
    app//org.junit.platform.engine.support.hierarchical.NodeTestTask.executeRecursively(NodeTestTask.java:138)
    app//org.junit.platform.engine.support.hierarchical.NodeTestTask.execute(NodeTestTask.java:95)
    app//org.junit.platform.engine.support.hierarchical.SameThreadHierarchicalTestExecutorService$$Lambda$316/0x00000145010b8670.accept(Unknown Source)
    java.base@17.0.8/java.util.ArrayList.forEach(ArrayList.java:1511)
    app//org.junit.platform.engine.support.hierarchical.SameThreadHierarchicalTestExecutorService.invokeAll(SameThreadHierarchicalTestExecutorService.java:41)
    app//org.junit.platform.engine.support.hierarchical.NodeTestTask.lambda$executeRecursively$6(NodeTestTask.java:155)
    app//org.junit.platform.engine.support.hierarchical.NodeTestTask$$Lambda$312/0x00000145010b1be0.execute(Unknown Source)
    app//org.junit.platform.engine.support.hierarchical.ThrowableCollector.execute(ThrowableCollector.java:73)
    app//org.junit.platform.engine.support.hierarchical.NodeTestTask.lambda$executeRecursively$8(NodeTestTask.java:141)
    app//org.junit.platform.engine.support.hierarchical.NodeTestTask$$Lambda$311/0x00000145010b19c0.invoke(Unknown Source)
    app//org.junit.platform.engine.support.hierarchical.Node.around(Node.java:137)
    app//org.junit.platform.engine.support.hierarchical.NodeTestTask.lambda$executeRecursively$9(NodeTestTask.java:139)
    app//org.junit.platform.engine.support.hierarchical.NodeTestTask$$Lambda$310/0x00000145010b3dd0.execute(Unknown Source)
    app//org.junit.platform.engine.support.hierarchical.ThrowableCollector.execute(ThrowableCollector.java:73)
    app//org.junit.platform.engine.support.hierarchical.NodeTestTask.executeRecursively(NodeTestTask.java:138)
    app//org.junit.platform.engine.support.hierarchical.NodeTestTask.execute(NodeTestTask.java:95)
    app//org.junit.platform.engine.support.hierarchical.SameThreadHierarchicalTestExecutorService$$Lambda$316/0x00000145010b8670.accept(Unknown Source)
    java.base@17.0.8/java.util.ArrayList.forEach(ArrayList.java:1511)
    app//org.junit.platform.engine.support.hierarchical.SameThreadHierarchicalTestExecutorService.invokeAll(SameThreadHierarchicalTestExecutorService.java:41)
    app//org.junit.platform.engine.support.hierarchical.NodeTestTask.lambda$executeRecursively$6(NodeTestTask.java:155)
    app//org.junit.platform.engine.support.hierarchical.NodeTestTask$$Lambda$312/0x00000145010b1be0.execute(Unknown Source)
    app//org.junit.platform.engine.support.hierarchical.ThrowableCollector.execute(ThrowableCollector.java:73)
    app//org.junit.platform.engine.support.hierarchical.NodeTestTask.lambda$executeRecursively$8(NodeTestTask.java:141)
    app//org.junit.platform.engine.support.hierarchical.NodeTestTask$$Lambda$311/0x00000145010b19c0.invoke(Unknown Source)
    app//org.junit.platform.engine.support.hierarchical.Node.around(Node.java:137)
    app//org.junit.platform.engine.support.hierarchical.NodeTestTask.lambda$executeRecursively$9(NodeTestTask.java:139)
    app//org.junit.platform.engine.support.hierarchical.NodeTestTask$$Lambda$310/0x00000145010b3dd0.execute(Unknown Source)
    app//org.junit.platform.engine.support.hierarchical.ThrowableCollector.execute(ThrowableCollector.java:73)
    app//org.junit.platform.engine.support.hierarchical.NodeTestTask.executeRecursively(NodeTestTask.java:138)
    app//org.junit.platform.engine.support.hierarchical.NodeTestTask.execute(NodeTestTask.java:95)
    app//org.junit.platform.engine.support.hierarchical.SameThreadHierarchicalTestExecutorService.submit(SameThreadHierarchicalTestExecutorService.java:35)
    app//org.junit.platform.engine.support.hierarchical.HierarchicalTestExecutor.execute(HierarchicalTestExecutor.java:57)
    app//org.junit.platform.engine.support.hierarchical.HierarchicalTestEngine.execute(HierarchicalTestEngine.java:54)
    app//org.junit.platform.launcher.core.EngineExecutionOrchestrator.execute(EngineExecutionOrchestrator.java:147)
    app//org.junit.platform.launcher.core.EngineExecutionOrchestrator.execute(EngineExecutionOrchestrator.java:127)
    app//org.junit.platform.launcher.core.EngineExecutionOrchestrator.execute(EngineExecutionOrchestrator.java:90)
    app//org.junit.platform.launcher.core.EngineExecutionOrchestrator.lambda$execute$0(EngineExecutionOrchestrator.java:55)
    app//org.junit.platform.launcher.core.EngineExecutionOrchestrator$$Lambda$263/0x00000145010a23f0.accept(Unknown Source)
    app//org.junit.platform.launcher.core.EngineExecutionOrchestrator.withInterceptedStreams(EngineExecutionOrchestrator.java:102)
    app//org.junit.platform.launcher.core.EngineExecutionOrchestrator.execute(EngineExecutionOrchestrator.java:54)
    app//org.junit.platform.launcher.core.DefaultLauncher.execute(DefaultLauncher.java:114)
    app//org.junit.platform.launcher.core.DefaultLauncher.execute(DefaultLauncher.java:86)
    app//org.junit.platform.launcher.core.DefaultLauncherSession$DelegatingLauncher.execute(DefaultLauncherSession.java:86)
    app//org.apache.maven.surefire.junitplatform.LazyLauncher.execute(LazyLauncher.java:56)
    app//org.apache.maven.surefire.junitplatform.JUnitPlatformProvider.execute(JUnitPlatformProvider.java:184)
    app//org.apache.maven.surefire.junitplatform.JUnitPlatformProvider.invokeAllTests(JUnitPlatformProvider.java:148)
    app//org.apache.maven.surefire.junitplatform.JUnitPlatformProvider.invoke(JUnitPlatformProvider.java:122)
    app//org.apache.maven.surefire.booter.ForkedBooter.runSuitesInProcess(ForkedBooter.java:385)
    app//org.apache.maven.surefire.booter.ForkedBooter.execute(ForkedBooter.java:162)
    app//org.apache.maven.surefire.booter.ForkedBooter.run(ForkedBooter.java:507)
    app//org.apache.maven.surefire.booter.ForkedBooter.main(ForkedBooter.java:495)
Thread Reference Handler: RUNNABLE
  Stack:
    java.base@17.0.8/java.lang.ref.Reference.waitForReferencePendingList(Native Method)
    java.base@17.0.8/java.lang.ref.Reference.processPendingReferences(Reference.java:253)
    java.base@17.0.8/java.lang.ref.Reference$ReferenceHandler.run(Reference.java:215)
Thread Finalizer: WAITING
  Waiting on java.lang.ref.ReferenceQueue$Lock@1a037481
  Stack:
    java.base@17.0.8/java.lang.Object.wait(Native Method)
    java.base@17.0.8/java.lang.ref.ReferenceQueue.remove(ReferenceQueue.java:155)
    java.base@17.0.8/java.lang.ref.ReferenceQueue.remove(ReferenceQueue.java:176)
    java.base@17.0.8/java.lang.ref.Finalizer$FinalizerThread.run(Finalizer.java:172)
Thread Signal Dispatcher: RUNNABLE
  Stack:
Thread Attach Listener: RUNNABLE
  Stack:
Thread Notification Thread: RUNNABLE
  Stack:
Thread Common-Cleaner: TIMED_WAITING
  Stack:
    java.base@17.0.8/java.lang.Object.wait(Native Method)
    java.base@17.0.8/java.lang.ref.ReferenceQueue.remove(ReferenceQueue.java:155)
    java.base@17.0.8/jdk.internal.ref.CleanerImpl.run(CleanerImpl.java:140)
    java.base@17.0.8/java.lang.Thread.run(Thread.java:833)
    java.base@17.0.8/jdk.internal.misc.InnocuousThread.run(InnocuousThread.java:162)
Thread surefire-forkedjvm-stream-flusher: TIMED_WAITING
  Stack:
    java.base@17.0.8/jdk.internal.misc.Unsafe.park(Native Method)
    java.base@17.0.8/java.util.concurrent.locks.LockSupport.parkNanos(LockSupport.java:252)
    java.base@17.0.8/java.util.concurrent.locks.AbstractQueuedSynchronizer$ConditionObject.awaitNanos(AbstractQueuedSynchronizer.java:1672)
    java.base@17.0.8/java.util.concurrent.ScheduledThreadPoolExecutor$DelayedWorkQueue.take(ScheduledThreadPoolExecutor.java:1182)
    java.base@17.0.8/java.util.concurrent.ScheduledThreadPoolExecutor$DelayedWorkQueue.take(ScheduledThreadPoolExecutor.java:899)
    java.base@17.0.8/java.util.concurrent.ThreadPoolExecutor.getTask(ThreadPoolExecutor.java:1062)
    java.base@17.0.8/java.util.concurrent.ThreadPoolExecutor.runWorker(ThreadPoolExecutor.java:1122)
    java.base@17.0.8/java.util.concurrent.ThreadPoolExecutor$Worker.run(ThreadPoolExecutor.java:635)
    java.base@17.0.8/java.lang.Thread.run(Thread.java:833)
Thread surefire-forkedjvm-command-thread: RUNNABLE
  Stack:
    java.base@17.0.8/java.io.FileInputStream.readBytes(Native Method)
    java.base@17.0.8/java.io.FileInputStream.read(FileInputStream.java:276)
    java.base@17.0.8/java.io.BufferedInputStream.read1(BufferedInputStream.java:282)
    java.base@17.0.8/java.io.BufferedInputStream.read(BufferedInputStream.java:343)
    java.base@17.0.8/java.io.BufferedInputStream.fill(BufferedInputStream.java:244)
    java.base@17.0.8/java.io.BufferedInputStream.read1(BufferedInputStream.java:284)
    java.base@17.0.8/java.io.BufferedInputStream.read(BufferedInputStream.java:343)
    app//org.apache.maven.surefire.api.util.internal.Channels$3.readImpl(Channels.java:169)
    app//org.apache.maven.surefire.api.util.internal.AbstractNoninterruptibleReadableChannel.read(AbstractNoninterruptibleReadableChannel.java:50)
    app//org.apache.maven.surefire.api.stream.AbstractStreamDecoder.read(AbstractStreamDecoder.java:430)
    app//org.apache.maven.surefire.api.stream.AbstractStreamDecoder.read(AbstractStreamDecoder.java:419)
    app//org.apache.maven.surefire.api.stream.AbstractStreamDecoder.readMessageType(AbstractStreamDecoder.java:116)
    app//org.apache.maven.surefire.booter.stream.CommandDecoder.decode(CommandDecoder.java:77)
    app//org.apache.maven.surefire.booter.spi.CommandChannelDecoder.decode(CommandChannelDecoder.java:60)
    app//org.apache.maven.surefire.booter.CommandReader$CommandRunnable.run(CommandReader.java:290)
    java.base@17.0.8/java.lang.Thread.run(Thread.java:833)
Thread ForkJoinPool.commonPool-worker-1: WAITING
  Waiting on java.util.concurrent.ForkJoinPool@2002ac4
  Stack:
    java.base@17.0.8/jdk.internal.misc.Unsafe.park(Native Method)
    java.base@17.0.8/java.util.concurrent.locks.LockSupport.park(LockSupport.java:341)
    java.base@17.0.8/java.util.concurrent.ForkJoinPool.awaitWork(ForkJoinPool.java:1724)
    java.base@17.0.8/java.util.concurrent.ForkJoinPool.runWorker(ForkJoinPool.java:1623)
    java.base@17.0.8/java.util.concurrent.ForkJoinWorkerThread.run(ForkJoinWorkerThread.java:165)
Thread Quarkus hang detection timer thread: RUNNABLE
  Stack:
    java.management@17.0.8/sun.management.ThreadImpl.dumpThreads0(Native Method)
    java.management@17.0.8/sun.management.ThreadImpl.dumpAllThreads(ThreadImpl.java:521)
    java.management@17.0.8/sun.management.ThreadImpl.dumpAllThreads(ThreadImpl.java:509)
    app//io.quarkus.test.junit.QuarkusTestExtension$1.run(QuarkusTestExtension.java:153)
    java.base@17.0.8/java.util.concurrent.Executors$RunnableAdapter.call(Executors.java:539)
    java.base@17.0.8/java.util.concurrent.FutureTask.run(FutureTask.java:264)
    java.base@17.0.8/java.util.concurrent.ScheduledThreadPoolExecutor$ScheduledFutureTask.run(ScheduledThreadPoolExecutor.java:304)
    java.base@17.0.8/java.util.concurrent.ThreadPoolExecutor.runWorker(ThreadPoolExecutor.java:1136)
    java.base@17.0.8/java.util.concurrent.ThreadPoolExecutor$Worker.run(ThreadPoolExecutor.java:635)
    java.base@17.0.8/java.lang.Thread.run(Thread.java:833)
Thread ForkJoinPool.commonPool-worker-2: TIMED_WAITING
  Stack:
    java.base@17.0.8/jdk.internal.misc.Unsafe.park(Native Method)
    java.base@17.0.8/java.util.concurrent.locks.LockSupport.parkUntil(LockSupport.java:410)
    java.base@17.0.8/java.util.concurrent.ForkJoinPool.awaitWork(ForkJoinPool.java:1726)
    java.base@17.0.8/java.util.concurrent.ForkJoinPool.runWorker(ForkJoinPool.java:1623)
    java.base@17.0.8/java.util.concurrent.ForkJoinWorkerThread.run(ForkJoinWorkerThread.java:165)
Thread ForkJoinPool.commonPool-worker-3: WAITING
  Waiting on java.util.concurrent.ForkJoinPool@2002ac4
  Stack:
    java.base@17.0.8/jdk.internal.misc.Unsafe.park(Native Method)
    java.base@17.0.8/java.util.concurrent.locks.LockSupport.park(LockSupport.java:341)
    java.base@17.0.8/java.util.concurrent.ForkJoinPool.awaitWork(ForkJoinPool.java:1724)
    java.base@17.0.8/java.util.concurrent.ForkJoinPool.runWorker(ForkJoinPool.java:1623)
    java.base@17.0.8/java.util.concurrent.ForkJoinWorkerThread.run(ForkJoinWorkerThread.java:165)
Thread ForkJoinPool.commonPool-worker-4: WAITING
  Waiting on java.util.concurrent.ForkJoinPool@2002ac4
  Stack:
    java.base@17.0.8/jdk.internal.misc.Unsafe.park(Native Method)
    java.base@17.0.8/java.util.concurrent.locks.LockSupport.park(LockSupport.java:341)
    java.base@17.0.8/java.util.concurrent.ForkJoinPool.awaitWork(ForkJoinPool.java:1724)
    java.base@17.0.8/java.util.concurrent.ForkJoinPool.runWorker(ForkJoinPool.java:1623)
    java.base@17.0.8/java.util.concurrent.ForkJoinWorkerThread.run(ForkJoinWorkerThread.java:165)
Thread ForkJoinPool.commonPool-worker-5: WAITING
  Waiting on java.util.concurrent.ForkJoinPool@2002ac4
  Stack:
    java.base@17.0.8/jdk.internal.misc.Unsafe.park(Native Method)
    java.base@17.0.8/java.util.concurrent.locks.LockSupport.park(LockSupport.java:341)
    java.base@17.0.8/java.util.concurrent.ForkJoinPool.awaitWork(ForkJoinPool.java:1724)
    java.base@17.0.8/java.util.concurrent.ForkJoinPool.runWorker(ForkJoinPool.java:1623)
    java.base@17.0.8/java.util.concurrent.ForkJoinWorkerThread.run(ForkJoinWorkerThread.java:165)
Thread ForkJoinPool.commonPool-worker-6: WAITING
  Waiting on java.util.concurrent.ForkJoinPool@2002ac4
  Stack:
    java.base@17.0.8/jdk.internal.misc.Unsafe.park(Native Method)
    java.base@17.0.8/java.util.concurrent.locks.LockSupport.park(LockSupport.java:341)
    java.base@17.0.8/java.util.concurrent.ForkJoinPool.awaitWork(ForkJoinPool.java:1724)
    java.base@17.0.8/java.util.concurrent.ForkJoinPool.runWorker(ForkJoinPool.java:1623)
    java.base@17.0.8/java.util.concurrent.ForkJoinWorkerThread.run(ForkJoinWorkerThread.java:165)
Thread ForkJoinPool.commonPool-worker-7: WAITING
  Waiting on java.util.concurrent.ForkJoinPool@2002ac4
  Stack:
    java.base@17.0.8/jdk.internal.misc.Unsafe.park(Native Method)
    java.base@17.0.8/java.util.concurrent.locks.LockSupport.park(LockSupport.java:341)
    java.base@17.0.8/java.util.concurrent.ForkJoinPool.awaitWork(ForkJoinPool.java:1724)
    java.base@17.0.8/java.util.concurrent.ForkJoinPool.runWorker(ForkJoinPool.java:1623)
    java.base@17.0.8/java.util.concurrent.ForkJoinWorkerThread.run(ForkJoinWorkerThread.java:165)
Thread ForkJoinPool.commonPool-worker-8: WAITING
  Waiting on java.util.concurrent.ForkJoinPool@2002ac4
  Stack:
    java.base@17.0.8/jdk.internal.misc.Unsafe.park(Native Method)
    java.base@17.0.8/java.util.concurrent.locks.LockSupport.park(LockSupport.java:341)
    java.base@17.0.8/java.util.concurrent.ForkJoinPool.awaitWork(ForkJoinPool.java:1724)
    java.base@17.0.8/java.util.concurrent.ForkJoinPool.runWorker(ForkJoinPool.java:1623)
    java.base@17.0.8/java.util.concurrent.ForkJoinWorkerThread.run(ForkJoinWorkerThread.java:165)
Thread ForkJoinPool.commonPool-worker-9: WAITING
  Waiting on java.util.concurrent.ForkJoinPool@2002ac4
  Stack:
    java.base@17.0.8/jdk.internal.misc.Unsafe.park(Native Method)
    java.base@17.0.8/java.util.concurrent.locks.LockSupport.park(LockSupport.java:341)
    java.base@17.0.8/java.util.concurrent.ForkJoinPool.awaitWork(ForkJoinPool.java:1724)
    java.base@17.0.8/java.util.concurrent.ForkJoinPool.runWorker(ForkJoinPool.java:1623)
    java.base@17.0.8/java.util.concurrent.ForkJoinWorkerThread.run(ForkJoinWorkerThread.java:165)
Thread ForkJoinPool.commonPool-worker-10: WAITING
  Waiting on java.util.concurrent.ForkJoinPool@2002ac4
  Stack:
    java.base@17.0.8/jdk.internal.misc.Unsafe.park(Native Method)
    java.base@17.0.8/java.util.concurrent.locks.LockSupport.park(LockSupport.java:341)
    java.base@17.0.8/java.util.concurrent.ForkJoinPool.awaitWork(ForkJoinPool.java:1724)
    java.base@17.0.8/java.util.concurrent.ForkJoinPool.runWorker(ForkJoinPool.java:1623)
    java.base@17.0.8/java.util.concurrent.ForkJoinWorkerThread.run(ForkJoinWorkerThread.java:165)
Thread ForkJoinPool.commonPool-worker-11: WAITING
  Waiting on java.util.concurrent.ForkJoinPool@2002ac4
  Stack:
    java.base@17.0.8/jdk.internal.misc.Unsafe.park(Native Method)
    java.base@17.0.8/java.util.concurrent.locks.LockSupport.park(LockSupport.java:341)
    java.base@17.0.8/java.util.concurrent.ForkJoinPool.awaitWork(ForkJoinPool.java:1724)
    java.base@17.0.8/java.util.concurrent.ForkJoinPool.runWorker(ForkJoinPool.java:1623)
    java.base@17.0.8/java.util.concurrent.ForkJoinWorkerThread.run(ForkJoinWorkerThread.java:165)
Thread executor-thread-1: WAITING
  Waiting on org.jboss.threads.EnhancedQueueExecutor@d4eed16
  Stack:
    java.base@17.0.8/jdk.internal.misc.Unsafe.park(Native Method)
    java.base@17.0.8/java.util.concurrent.locks.LockSupport.park(LockSupport.java:211)
    org.jboss.threads.EnhancedQueueExecutor$PoolThreadNode.park(EnhancedQueueExecutor.java:2276)
    org.jboss.threads.EnhancedQueueExecutor$ThreadBody.run(EnhancedQueueExecutor.java:1570)
    org.jboss.threads.DelegatingRunnable.run(DelegatingRunnable.java:29)
    org.jboss.threads.ThreadLocalResettingRunnable.run(ThreadLocalResettingRunnable.java:29)
    io.netty.util.concurrent.FastThreadLocalRunnable.run(FastThreadLocalRunnable.java:30)
    java.base@17.0.8/java.lang.Thread.run(Thread.java:833)
Thread vertx-blocked-thread-checker: TIMED_WAITING
  Stack:
    java.base@17.0.8/java.lang.Object.wait(Native Method)
    java.base@17.0.8/java.util.TimerThread.mainLoop(Timer.java:563)
    java.base@17.0.8/java.util.TimerThread.run(Timer.java:516)
Thread camel-main: WAITING
  Waiting on java.util.concurrent.CountDownLatch$Sync@3a371707
  Stack:
    java.base@17.0.8/jdk.internal.misc.Unsafe.park(Native Method)
    java.base@17.0.8/java.util.concurrent.locks.LockSupport.park(LockSupport.java:211)
    java.base@17.0.8/java.util.concurrent.locks.AbstractQueuedSynchronizer.acquire(AbstractQueuedSynchronizer.java:715)
    java.base@17.0.8/java.util.concurrent.locks.AbstractQueuedSynchronizer.acquireSharedInterruptibly(AbstractQueuedSynchronizer.java:1047)
    java.base@17.0.8/java.util.concurrent.CountDownLatch.await(CountDownLatch.java:230)
    org.apache.camel.main.SimpleMainShutdownStrategy.await(SimpleMainShutdownStrategy.java:79)
    org.apache.camel.main.MainSupport.waitUntilCompleted(MainSupport.java:313)
    org.apache.camel.quarkus.main.CamelMain.runEngine(CamelMain.java:151)
    org.apache.camel.quarkus.main.CamelMainRuntime.lambda$start$0(CamelMainRuntime.java:53)
    org.apache.camel.quarkus.main.CamelMainRuntime$$Lambda$1865/0x0000014501afa320.run(Unknown Source)
    java.base@17.0.8/java.lang.Thread.run(Thread.java:833)
Thread vert.x-eventloop-thread-0: RUNNABLE
  Stack:
    java.base@17.0.8/sun.nio.ch.WEPoll.wait(Native Method)
    java.base@17.0.8/sun.nio.ch.WEPollSelectorImpl.doSelect(WEPollSelectorImpl.java:111)
    java.base@17.0.8/sun.nio.ch.SelectorImpl.lockAndDoSelect(SelectorImpl.java:129)
    java.base@17.0.8/sun.nio.ch.SelectorImpl.select(SelectorImpl.java:146)
    io.netty.channel.nio.SelectedSelectionKeySetSelector.select(SelectedSelectionKeySetSelector.java:68)
    io.netty.channel.nio.NioEventLoop.select(NioEventLoop.java:879)
    io.netty.channel.nio.NioEventLoop.run(NioEventLoop.java:526)
    io.netty.util.concurrent.SingleThreadEventExecutor$4.run(SingleThreadEventExecutor.java:997)
    io.netty.util.internal.ThreadExecutorMap$2.run(ThreadExecutorMap.java:74)
    io.netty.util.concurrent.FastThreadLocalRunnable.run(FastThreadLocalRunnable.java:30)
    java.base@17.0.8/java.lang.Thread.run(Thread.java:833)
Thread vert.x-eventloop-thread-1: RUNNABLE
  Stack:
    java.base@17.0.8/sun.nio.ch.WEPoll.wait(Native Method)
    java.base@17.0.8/sun.nio.ch.WEPollSelectorImpl.doSelect(WEPollSelectorImpl.java:111)
    java.base@17.0.8/sun.nio.ch.SelectorImpl.lockAndDoSelect(SelectorImpl.java:129)
    java.base@17.0.8/sun.nio.ch.SelectorImpl.select(SelectorImpl.java:141)
    io.netty.channel.nio.SelectedSelectionKeySetSelector.select(SelectedSelectionKeySetSelector.java:62)
    io.netty.channel.nio.NioEventLoop.select(NioEventLoop.java:883)
    io.netty.channel.nio.NioEventLoop.run(NioEventLoop.java:526)
    io.netty.util.concurrent.SingleThreadEventExecutor$4.run(SingleThreadEventExecutor.java:997)
    io.netty.util.internal.ThreadExecutorMap$2.run(ThreadExecutorMap.java:74)
    io.netty.util.concurrent.FastThreadLocalRunnable.run(FastThreadLocalRunnable.java:30)
    java.base@17.0.8/java.lang.Thread.run(Thread.java:833)
Thread vert.x-acceptor-thread-0: RUNNABLE
  Stack:
    java.base@17.0.8/sun.nio.ch.WEPoll.wait(Native Method)
    java.base@17.0.8/sun.nio.ch.WEPollSelectorImpl.doSelect(WEPollSelectorImpl.java:111)
    java.base@17.0.8/sun.nio.ch.SelectorImpl.lockAndDoSelect(SelectorImpl.java:129)
    java.base@17.0.8/sun.nio.ch.SelectorImpl.select(SelectorImpl.java:146)
    io.netty.channel.nio.SelectedSelectionKeySetSelector.select(SelectedSelectionKeySetSelector.java:68)
    io.netty.channel.nio.NioEventLoop.select(NioEventLoop.java:879)
    io.netty.channel.nio.NioEventLoop.run(NioEventLoop.java:526)
    io.netty.util.concurrent.SingleThreadEventExecutor$4.run(SingleThreadEventExecutor.java:997)
    io.netty.util.internal.ThreadExecutorMap$2.run(ThreadExecutorMap.java:74)
    io.netty.util.concurrent.FastThreadLocalRunnable.run(FastThreadLocalRunnable.java:30)
    java.base@17.0.8/java.lang.Thread.run(Thread.java:833)
Thread vert.x-eventloop-thread-2: RUNNABLE
  Stack:
    java.base@17.0.8/sun.nio.ch.WEPoll.wait(Native Method)
    java.base@17.0.8/sun.nio.ch.WEPollSelectorImpl.doSelect(WEPollSelectorImpl.java:111)
    java.base@17.0.8/sun.nio.ch.SelectorImpl.lockAndDoSelect(SelectorImpl.java:129)
    java.base@17.0.8/sun.nio.ch.SelectorImpl.select(SelectorImpl.java:146)
    io.netty.channel.nio.SelectedSelectionKeySetSelector.select(SelectedSelectionKeySetSelector.java:68)
    io.netty.channel.nio.NioEventLoop.select(NioEventLoop.java:879)
    io.netty.channel.nio.NioEventLoop.run(NioEventLoop.java:526)
    io.netty.util.concurrent.SingleThreadEventExecutor$4.run(SingleThreadEventExecutor.java:997)
    io.netty.util.internal.ThreadExecutorMap$2.run(ThreadExecutorMap.java:74)
    io.netty.util.concurrent.FastThreadLocalRunnable.run(FastThreadLocalRunnable.java:30)
    java.base@17.0.8/java.lang.Thread.run(Thread.java:833)
Thread HttpClient-1-SelectorManager: RUNNABLE
  Stack:
    java.base@17.0.8/sun.nio.ch.WEPoll.wait(Native Method)
    java.base@17.0.8/sun.nio.ch.WEPollSelectorImpl.doSelect(WEPollSelectorImpl.java:111)
    java.base@17.0.8/sun.nio.ch.SelectorImpl.lockAndDoSelect(SelectorImpl.java:129)
    java.base@17.0.8/sun.nio.ch.SelectorImpl.select(SelectorImpl.java:141)
    platform/java.net.http@17.0.8/jdk.internal.net.http.HttpClientImpl$SelectorManager.run(HttpClientImpl.java:889)
Thread HttpClient-2-SelectorManager: RUNNABLE
  Stack:
    java.base@17.0.8/sun.nio.ch.WEPoll.wait(Native Method)
    java.base@17.0.8/sun.nio.ch.WEPollSelectorImpl.doSelect(WEPollSelectorImpl.java:111)
    java.base@17.0.8/sun.nio.ch.SelectorImpl.lockAndDoSelect(SelectorImpl.java:129)
    java.base@17.0.8/sun.nio.ch.SelectorImpl.select(SelectorImpl.java:141)
    platform/java.net.http@17.0.8/jdk.internal.net.http.HttpClientImpl$SelectorManager.run(HttpClientImpl.java:889)
Thread HttpClient-2-Worker-0: TIMED_WAITING
  Stack:
    java.base@17.0.8/jdk.internal.misc.Unsafe.park(Native Method)
    java.base@17.0.8/java.util.concurrent.locks.LockSupport.parkNanos(LockSupport.java:252)
    java.base@17.0.8/java.util.concurrent.SynchronousQueue$TransferStack.transfer(SynchronousQueue.java:401)
    java.base@17.0.8/java.util.concurrent.SynchronousQueue.poll(SynchronousQueue.java:903)
    java.base@17.0.8/java.util.concurrent.ThreadPoolExecutor.getTask(ThreadPoolExecutor.java:1061)
    java.base@17.0.8/java.util.concurrent.ThreadPoolExecutor.runWorker(ThreadPoolExecutor.java:1122)
    java.base@17.0.8/java.util.concurrent.ThreadPoolExecutor$Worker.run(ThreadPoolExecutor.java:635)
    java.base@17.0.8/java.lang.Thread.run(Thread.java:833)
=== End Stack Trace ===
]]></system-err>
  </testcase>
</testsuite>